<?xml version="1.0" encoding="UTF-8"?>
<coverage generated="1717340984431" clover="3.2.0">
  <project timestamp="1717340984431" name="All files">
    <metrics statements="482" coveredstatements="448" conditionals="69" coveredconditionals="55" methods="130" coveredmethods="100" elements="681" coveredelements="603" complexity="0" loc="482" ncloc="482" packages="12" files="48" classes="48"/>
    <package name="components.icons">
      <metrics statements="65" coveredstatements="53" conditionals="1" coveredconditionals="1" methods="20" coveredmethods="8"/>
      <file name="AngleRight.tsx" path="/Users/carlosadrianomiranda/projetos/dietreino-front/src/components/icons/AngleRight.tsx">
        <metrics statements="2" coveredstatements="1" conditionals="0" coveredconditionals="0" methods="1" coveredmethods="0"/>
        <line num="1" count="2" type="stmt"/>
        <line num="3" count="0" type="stmt"/>
      </file>
      <file name="ArrowBack.tsx" path="/Users/carlosadrianomiranda/projetos/dietreino-front/src/components/icons/ArrowBack.tsx">
        <metrics statements="2" coveredstatements="2" conditionals="0" coveredconditionals="0" methods="1" coveredmethods="1"/>
        <line num="1" count="2" type="stmt"/>
        <line num="3" count="18" type="stmt"/>
      </file>
      <file name="Ban.tsx" path="/Users/carlosadrianomiranda/projetos/dietreino-front/src/components/icons/Ban.tsx">
        <metrics statements="2" coveredstatements="2" conditionals="0" coveredconditionals="0" methods="1" coveredmethods="1"/>
        <line num="1" count="2" type="stmt"/>
        <line num="3" count="9" type="stmt"/>
      </file>
      <file name="Capsules.tsx" path="/Users/carlosadrianomiranda/projetos/dietreino-front/src/components/icons/Capsules.tsx">
        <metrics statements="2" coveredstatements="1" conditionals="0" coveredconditionals="0" methods="1" coveredmethods="0"/>
        <line num="1" count="2" type="stmt"/>
        <line num="3" count="0" type="stmt"/>
      </file>
      <file name="Check.tsx" path="/Users/carlosadrianomiranda/projetos/dietreino-front/src/components/icons/Check.tsx">
        <metrics statements="2" coveredstatements="2" conditionals="0" coveredconditionals="0" methods="1" coveredmethods="1"/>
        <line num="1" count="2" type="stmt"/>
        <line num="3" count="36" type="stmt"/>
      </file>
      <file name="CircleQuestion.tsx" path="/Users/carlosadrianomiranda/projetos/dietreino-front/src/components/icons/CircleQuestion.tsx">
        <metrics statements="2" coveredstatements="1" conditionals="0" coveredconditionals="0" methods="1" coveredmethods="0"/>
        <line num="1" count="2" type="stmt"/>
        <line num="3" count="0" type="stmt"/>
      </file>
      <file name="Clipboard.tsx" path="/Users/carlosadrianomiranda/projetos/dietreino-front/src/components/icons/Clipboard.tsx">
        <metrics statements="2" coveredstatements="1" conditionals="0" coveredconditionals="0" methods="1" coveredmethods="0"/>
        <line num="1" count="2" type="stmt"/>
        <line num="3" count="0" type="stmt"/>
      </file>
      <file name="ClockRotateLeft.tsx" path="/Users/carlosadrianomiranda/projetos/dietreino-front/src/components/icons/ClockRotateLeft.tsx">
        <metrics statements="2" coveredstatements="1" conditionals="0" coveredconditionals="0" methods="1" coveredmethods="0"/>
        <line num="1" count="2" type="stmt"/>
        <line num="3" count="0" type="stmt"/>
      </file>
      <file name="Comments.tsx" path="/Users/carlosadrianomiranda/projetos/dietreino-front/src/components/icons/Comments.tsx">
        <metrics statements="2" coveredstatements="1" conditionals="0" coveredconditionals="0" methods="1" coveredmethods="0"/>
        <line num="1" count="2" type="stmt"/>
        <line num="3" count="0" type="stmt"/>
      </file>
      <file name="Dumbbell.tsx" path="/Users/carlosadrianomiranda/projetos/dietreino-front/src/components/icons/Dumbbell.tsx">
        <metrics statements="2" coveredstatements="1" conditionals="0" coveredconditionals="0" methods="1" coveredmethods="0"/>
        <line num="1" count="2" type="stmt"/>
        <line num="3" count="0" type="stmt"/>
      </file>
      <file name="FolderOpen.tsx" path="/Users/carlosadrianomiranda/projetos/dietreino-front/src/components/icons/FolderOpen.tsx">
        <metrics statements="2" coveredstatements="1" conditionals="0" coveredconditionals="0" methods="1" coveredmethods="0"/>
        <line num="1" count="2" type="stmt"/>
        <line num="3" count="0" type="stmt"/>
      </file>
      <file name="Inbox.tsx" path="/Users/carlosadrianomiranda/projetos/dietreino-front/src/components/icons/Inbox.tsx">
        <metrics statements="2" coveredstatements="1" conditionals="0" coveredconditionals="0" methods="1" coveredmethods="0"/>
        <line num="1" count="2" type="stmt"/>
        <line num="3" count="0" type="stmt"/>
      </file>
      <file name="MagnifyingGlass.tsx" path="/Users/carlosadrianomiranda/projetos/dietreino-front/src/components/icons/MagnifyingGlass.tsx">
        <metrics statements="2" coveredstatements="1" conditionals="0" coveredconditionals="0" methods="1" coveredmethods="0"/>
        <line num="1" count="2" type="stmt"/>
        <line num="3" count="0" type="stmt"/>
      </file>
      <file name="Pen.tsx" path="/Users/carlosadrianomiranda/projetos/dietreino-front/src/components/icons/Pen.tsx">
        <metrics statements="2" coveredstatements="2" conditionals="0" coveredconditionals="0" methods="1" coveredmethods="1"/>
        <line num="1" count="2" type="stmt"/>
        <line num="3" count="11" type="stmt"/>
      </file>
      <file name="Plus.tsx" path="/Users/carlosadrianomiranda/projetos/dietreino-front/src/components/icons/Plus.tsx">
        <metrics statements="2" coveredstatements="2" conditionals="0" coveredconditionals="0" methods="1" coveredmethods="1"/>
        <line num="1" count="2" type="stmt"/>
        <line num="3" count="18" type="stmt"/>
      </file>
      <file name="Save.tsx" path="/Users/carlosadrianomiranda/projetos/dietreino-front/src/components/icons/Save.tsx">
        <metrics statements="2" coveredstatements="2" conditionals="0" coveredconditionals="0" methods="1" coveredmethods="1"/>
        <line num="1" count="2" type="stmt"/>
        <line num="3" count="36" type="stmt"/>
      </file>
      <file name="UserLarge.tsx" path="/Users/carlosadrianomiranda/projetos/dietreino-front/src/components/icons/UserLarge.tsx">
        <metrics statements="2" coveredstatements="1" conditionals="0" coveredconditionals="0" methods="1" coveredmethods="0"/>
        <line num="1" count="2" type="stmt"/>
        <line num="3" count="0" type="stmt"/>
      </file>
      <file name="Utensils.tsx" path="/Users/carlosadrianomiranda/projetos/dietreino-front/src/components/icons/Utensils.tsx">
        <metrics statements="2" coveredstatements="1" conditionals="0" coveredconditionals="0" methods="1" coveredmethods="0"/>
        <line num="1" count="2" type="stmt"/>
        <line num="3" count="0" type="stmt"/>
      </file>
      <file name="Xmark.tsx" path="/Users/carlosadrianomiranda/projetos/dietreino-front/src/components/icons/Xmark.tsx">
        <metrics statements="2" coveredstatements="2" conditionals="0" coveredconditionals="0" methods="1" coveredmethods="1"/>
        <line num="1" count="2" type="stmt"/>
        <line num="3" count="31" type="stmt"/>
      </file>
      <file name="index.tsx" path="/Users/carlosadrianomiranda/projetos/dietreino-front/src/components/icons/index.tsx">
        <metrics statements="27" coveredstatements="27" conditionals="1" coveredconditionals="1" methods="1" coveredmethods="1"/>
        <line num="2" count="2" type="stmt"/>
        <line num="6" count="2" type="stmt"/>
        <line num="7" count="2" type="stmt"/>
        <line num="8" count="2" type="stmt"/>
        <line num="9" count="2" type="stmt"/>
        <line num="10" count="2" type="stmt"/>
        <line num="11" count="2" type="stmt"/>
        <line num="12" count="2" type="stmt"/>
        <line num="13" count="2" type="stmt"/>
        <line num="14" count="2" type="stmt"/>
        <line num="15" count="2" type="stmt"/>
        <line num="16" count="2" type="stmt"/>
        <line num="17" count="2" type="stmt"/>
        <line num="18" count="2" type="stmt"/>
        <line num="19" count="2" type="stmt"/>
        <line num="20" count="2" type="stmt"/>
        <line num="21" count="2" type="stmt"/>
        <line num="22" count="2" type="stmt"/>
        <line num="23" count="2" type="stmt"/>
        <line num="24" count="2" type="stmt"/>
        <line num="26" count="2" type="stmt"/>
        <line num="34" count="159" type="stmt"/>
        <line num="35" count="159" type="stmt"/>
        <line num="37" count="159" type="stmt"/>
        <line num="38" count="159" type="cond" truecount="1" falsecount="0"/>
        <line num="39" count="159" type="stmt"/>
        <line num="42" count="159" type="stmt"/>
      </file>
    </package>
    <package name="mocks">
      <metrics statements="1" coveredstatements="1" conditionals="0" coveredconditionals="0" methods="0" coveredmethods="0"/>
      <file name="imageMock.ts" path="/Users/carlosadrianomiranda/projetos/dietreino-front/src/mocks/imageMock.ts">
        <metrics statements="1" coveredstatements="1" conditionals="0" coveredconditionals="0" methods="0" coveredmethods="0"/>
        <line num="1" count="2" type="stmt"/>
      </file>
    </package>
    <package name="pages.users.components">
      <metrics statements="17" coveredstatements="17" conditionals="2" coveredconditionals="2" methods="5" coveredmethods="3"/>
      <file name="UserEntryLayoutt.tsx" path="/Users/carlosadrianomiranda/projetos/dietreino-front/src/pages/users/components/UserEntryLayoutt.tsx">
        <metrics statements="10" coveredstatements="10" conditionals="0" coveredconditionals="0" methods="3" coveredmethods="2"/>
        <line num="1" count="1" type="stmt"/>
        <line num="2" count="1" type="stmt"/>
        <line num="3" count="1" type="stmt"/>
        <line num="4" count="1" type="stmt"/>
        <line num="6" count="1" type="stmt"/>
        <line num="10" count="18" type="stmt"/>
        <line num="32" count="1" type="stmt"/>
        <line num="33" count="18" type="stmt"/>
        <line num="35" count="18" type="stmt"/>
        <line num="38" count="1" type="stmt"/>
      </file>
      <file name="UserPageContext.tsx" path="/Users/carlosadrianomiranda/projetos/dietreino-front/src/pages/users/components/UserPageContext.tsx">
        <metrics statements="7" coveredstatements="7" conditionals="2" coveredconditionals="2" methods="2" coveredmethods="1"/>
        <line num="1" count="1" type="stmt"/>
        <line num="4" count="1" type="cond" truecount="2" falsecount="0"/>
        <line num="5" count="1" type="stmt"/>
        <line num="6" count="1" type="stmt"/>
        <line num="7" count="1" type="stmt"/>
        <line num="10" count="1" type="stmt"/>
        <line num="17" count="1" type="stmt"/>
      </file>
    </package>
    <package name="pages.users.components.exerciseAutocomplete">
      <metrics statements="15" coveredstatements="15" conditionals="2" coveredconditionals="1" methods="4" coveredmethods="4"/>
      <file name="ExerciseAutocomplete.tsx" path="/Users/carlosadrianomiranda/projetos/dietreino-front/src/pages/users/components/exerciseAutocomplete/ExerciseAutocomplete.tsx">
        <metrics statements="15" coveredstatements="15" conditionals="2" coveredconditionals="1" methods="4" coveredmethods="4"/>
        <line num="1" count="2" type="stmt"/>
        <line num="2" count="2" type="stmt"/>
        <line num="3" count="2" type="stmt"/>
        <line num="5" count="2" type="stmt"/>
        <line num="13" count="94" type="stmt"/>
        <line num="14" count="94" type="stmt"/>
        <line num="16" count="94" type="stmt"/>
        <line num="17" count="28" type="stmt"/>
        <line num="20" count="94" type="stmt"/>
        <line num="30" count="4" type="stmt"/>
        <line num="31" count="4" type="stmt"/>
        <line num="34" count="12" type="stmt"/>
        <line num="35" count="12" type="stmt"/>
        <line num="36" count="12" type="cond" truecount="1" falsecount="0"/>
        <line num="37" count="12" type="stmt"/>
      </file>
    </package>
    <package name="pages.users.components.gymWorkout">
      <metrics statements="46" coveredstatements="45" conditionals="13" coveredconditionals="13" methods="9" coveredmethods="8"/>
      <file name="NewWorkoutModal.tsx" path="/Users/carlosadrianomiranda/projetos/dietreino-front/src/pages/users/components/gymWorkout/NewWorkoutModal.tsx">
        <metrics statements="19" coveredstatements="19" conditionals="2" coveredconditionals="2" methods="4" coveredmethods="4"/>
        <line num="1" count="1" type="stmt"/>
        <line num="2" count="1" type="stmt"/>
        <line num="3" count="1" type="stmt"/>
        <line num="4" count="1" type="stmt"/>
        <line num="5" count="1" type="stmt"/>
        <line num="6" count="1" type="stmt"/>
        <line num="8" count="1" type="stmt"/>
        <line num="9" count="1" type="stmt"/>
        <line num="19" count="1" type="stmt"/>
        <line num="21" count="536" type="cond" truecount="2" falsecount="0"/>
        <line num="24" count="1" type="stmt"/>
        <line num="30" count="5" type="stmt"/>
        <line num="31" count="5" type="stmt"/>
        <line num="32" count="5" type="stmt"/>
        <line num="34" count="5" type="stmt"/>
        <line num="35" count="2" type="stmt"/>
        <line num="41" count="2" type="stmt"/>
        <line num="42" count="2" type="stmt"/>
        <line num="45" count="5" type="stmt"/>
      </file>
      <file name="UserGymPlan.tsx" path="/Users/carlosadrianomiranda/projetos/dietreino-front/src/pages/users/components/gymWorkout/UserGymPlan.tsx">
        <metrics statements="27" coveredstatements="26" conditionals="11" coveredconditionals="11" methods="5" coveredmethods="4"/>
        <line num="1" count="1" type="stmt"/>
        <line num="2" count="1" type="stmt"/>
        <line num="3" count="1" type="stmt"/>
        <line num="4" count="1" type="stmt"/>
        <line num="5" count="1" type="stmt"/>
        <line num="6" count="1" type="stmt"/>
        <line num="7" count="1" type="stmt"/>
        <line num="8" count="1" type="stmt"/>
        <line num="9" count="1" type="stmt"/>
        <line num="10" count="1" type="stmt"/>
        <line num="13" count="1" type="stmt"/>
        <line num="14" count="20" type="stmt"/>
        <line num="15" count="19" type="stmt"/>
        <line num="16" count="19" type="stmt"/>
        <line num="18" count="19" type="stmt"/>
        <line num="20" count="19" type="stmt"/>
        <line num="21" count="5" type="cond" truecount="1" falsecount="0"/>
        <line num="22" count="1" type="stmt"/>
        <line num="23" count="1" type="stmt"/>
        <line num="26" count="4" type="stmt"/>
        <line num="29" count="19" type="stmt"/>
        <line num="30" count="2" type="stmt"/>
        <line num="31" count="2" type="stmt"/>
        <line num="34" count="19" type="stmt"/>
        <line num="53" count="0" type="stmt"/>
        <line num="66" count="1" type="stmt"/>
        <line num="91" count="1" type="stmt"/>
      </file>
    </package>
    <package name="pages.users.components.gymWorkout.activeWorkout">
      <metrics statements="25" coveredstatements="17" conditionals="7" coveredconditionals="5" methods="10" coveredmethods="4"/>
      <file name="ActiveWorkoutContext.tsx" path="/Users/carlosadrianomiranda/projetos/dietreino-front/src/pages/users/components/gymWorkout/activeWorkout/ActiveWorkoutContext.tsx">
        <metrics statements="3" coveredstatements="3" conditionals="0" coveredconditionals="0" methods="3" coveredmethods="0"/>
        <line num="1" count="2" type="stmt"/>
        <line num="3" count="2" type="stmt"/>
        <line num="18" count="2" type="stmt"/>
      </file>
      <file name="ActiveWorkoutPage.tsx" path="/Users/carlosadrianomiranda/projetos/dietreino-front/src/pages/users/components/gymWorkout/activeWorkout/ActiveWorkoutPage.tsx">
        <metrics statements="10" coveredstatements="10" conditionals="4" coveredconditionals="4" methods="3" coveredmethods="3"/>
        <line num="1" count="2" type="stmt"/>
        <line num="4" count="2" type="stmt"/>
        <line num="8" count="2" type="stmt"/>
        <line num="15" count="14" type="stmt"/>
        <line num="17" count="14" type="cond" truecount="1" falsecount="0"/>
        <line num="19" count="13" type="cond" truecount="3" falsecount="0"/>
        <line num="20" count="3" type="stmt"/>
        <line num="37" count="10" type="stmt"/>
        <line num="38" count="9" type="stmt"/>
        <line num="46" count="2" type="stmt"/>
      </file>
      <file name="ativeWorkout.logic.ts" path="/Users/carlosadrianomiranda/projetos/dietreino-front/src/pages/users/components/gymWorkout/activeWorkout/ativeWorkout.logic.ts">
        <metrics statements="12" coveredstatements="4" conditionals="3" coveredconditionals="1" methods="4" coveredmethods="1"/>
        <line num="3" count="2" type="stmt"/>
        <line num="14" count="2" type="cond" truecount="1" falsecount="0"/>
        <line num="15" count="2" type="stmt"/>
        <line num="21" count="0" type="stmt"/>
        <line num="24" count="0" type="cond" truecount="0" falsecount="1"/>
        <line num="25" count="0" type="stmt"/>
        <line num="31" count="0" type="stmt"/>
        <line num="36" count="2" type="stmt"/>
        <line num="45" count="0" type="stmt"/>
        <line num="48" count="0" type="cond" truecount="0" falsecount="1"/>
        <line num="49" count="0" type="stmt"/>
        <line num="59" count="0" type="stmt"/>
      </file>
    </package>
    <package name="pages.users.components.gymWorkout.activeWorkout.exerciseSetAdd">
      <metrics statements="37" coveredstatements="36" conditionals="0" coveredconditionals="0" methods="10" coveredmethods="9"/>
      <file name="ActiveWorkoutSetAdd.tsx" path="/Users/carlosadrianomiranda/projetos/dietreino-front/src/pages/users/components/gymWorkout/activeWorkout/exerciseSetAdd/ActiveWorkoutSetAdd.tsx">
        <metrics statements="24" coveredstatements="24" conditionals="0" coveredconditionals="0" methods="4" coveredmethods="4"/>
        <line num="1" count="1" type="stmt"/>
        <line num="2" count="1" type="stmt"/>
        <line num="3" count="1" type="stmt"/>
        <line num="4" count="1" type="stmt"/>
        <line num="5" count="1" type="stmt"/>
        <line num="6" count="1" type="stmt"/>
        <line num="8" count="1" type="stmt"/>
        <line num="9" count="1" type="stmt"/>
        <line num="10" count="1" type="stmt"/>
        <line num="11" count="1" type="stmt"/>
        <line num="13" count="1" type="stmt"/>
        <line num="18" count="1" type="stmt"/>
        <line num="27" count="9" type="stmt"/>
        <line num="28" count="9" type="stmt"/>
        <line num="36" count="9" type="stmt"/>
        <line num="37" count="9" type="stmt"/>
        <line num="39" count="9" type="stmt"/>
        <line num="42" count="2" type="stmt"/>
        <line num="48" count="9" type="stmt"/>
        <line num="49" count="1" type="stmt"/>
        <line num="53" count="1" type="stmt"/>
        <line num="55" count="1" type="stmt"/>
        <line num="61" count="9" type="stmt"/>
        <line num="108" count="1" type="stmt"/>
      </file>
      <file name="AddSetupInputs.tsx" path="/Users/carlosadrianomiranda/projetos/dietreino-front/src/pages/users/components/gymWorkout/activeWorkout/exerciseSetAdd/AddSetupInputs.tsx">
        <metrics statements="8" coveredstatements="8" conditionals="0" coveredconditionals="0" methods="3" coveredmethods="3"/>
        <line num="1" count="2" type="stmt"/>
        <line num="2" count="2" type="stmt"/>
        <line num="3" count="2" type="stmt"/>
        <line num="12" count="2" type="stmt"/>
        <line num="21" count="36" type="stmt"/>
        <line num="22" count="12" type="stmt"/>
        <line num="25" count="36" type="stmt"/>
        <line num="30" count="4" type="stmt"/>
      </file>
      <file name="SetupsAdded.tsx" path="/Users/carlosadrianomiranda/projetos/dietreino-front/src/pages/users/components/gymWorkout/activeWorkout/exerciseSetAdd/SetupsAdded.tsx">
        <metrics statements="5" coveredstatements="4" conditionals="0" coveredconditionals="0" methods="3" coveredmethods="2"/>
        <line num="2" count="1" type="stmt"/>
        <line num="4" count="1" type="stmt"/>
        <line num="11" count="9" type="stmt"/>
        <line num="12" count="2" type="stmt"/>
        <line num="19" count="0" type="stmt"/>
      </file>
    </package>
    <package name="pages.users.components.gymWorkout.activeWorkout.exerciseSetEdit">
      <metrics statements="78" coveredstatements="72" conditionals="23" coveredconditionals="19" methods="21" coveredmethods="17"/>
      <file name="ActiveWorkoutExerciseSet.tsx" path="/Users/carlosadrianomiranda/projetos/dietreino-front/src/pages/users/components/gymWorkout/activeWorkout/exerciseSetEdit/ActiveWorkoutExerciseSet.tsx">
        <metrics statements="57" coveredstatements="53" conditionals="18" coveredconditionals="14" methods="15" coveredmethods="13"/>
        <line num="1" count="2" type="stmt"/>
        <line num="2" count="2" type="stmt"/>
        <line num="3" count="2" type="stmt"/>
        <line num="4" count="2" type="stmt"/>
        <line num="6" count="2" type="stmt"/>
        <line num="7" count="2" type="stmt"/>
        <line num="8" count="2" type="stmt"/>
        <line num="9" count="2" type="stmt"/>
        <line num="10" count="2" type="stmt"/>
        <line num="14" count="2" type="stmt"/>
        <line num="15" count="2" type="stmt"/>
        <line num="16" count="2" type="stmt"/>
        <line num="17" count="2" type="stmt"/>
        <line num="18" count="2" type="stmt"/>
        <line num="20" count="2" type="stmt"/>
        <line num="28" count="38" type="stmt"/>
        <line num="29" count="38" type="stmt"/>
        <line num="30" count="38" type="stmt"/>
        <line num="31" count="38" type="stmt"/>
        <line num="32" count="38" type="stmt"/>
        <line num="33" count="38" type="stmt"/>
        <line num="35" count="38" type="stmt"/>
        <line num="36" count="10" type="cond" truecount="1" falsecount="0"/>
        <line num="37" count="8" type="stmt"/>
        <line num="38" count="8" type="stmt"/>
        <line num="41" count="2" type="stmt"/>
        <line num="43" count="2" type="cond" truecount="1" falsecount="1"/>
        <line num="44" count="0" type="stmt"/>
        <line num="46" count="2" type="stmt"/>
        <line num="47" count="2" type="stmt"/>
        <line num="53" count="38" type="stmt"/>
        <line num="54" count="2" type="stmt"/>
        <line num="59" count="38" type="stmt"/>
        <line num="63" count="0" type="stmt"/>
        <line num="64" count="0" type="stmt"/>
        <line num="67" count="38" type="stmt"/>
        <line num="68" count="2" type="cond" truecount="1" falsecount="0"/>
        <line num="69" count="1" type="stmt"/>
        <line num="70" count="2" type="stmt"/>
        <line num="72" count="1" type="stmt"/>
        <line num="76" count="1" type="stmt"/>
        <line num="79" count="1" type="stmt"/>
        <line num="81" count="1" type="stmt"/>
        <line num="84" count="1" type="stmt"/>
        <line num="87" count="1" type="stmt"/>
        <line num="89" count="0" type="stmt"/>
        <line num="92" count="38" type="stmt"/>
        <line num="93" count="3" type="stmt"/>
        <line num="97" count="3" type="stmt"/>
        <line num="106" count="3" type="stmt"/>
        <line num="110" count="3" type="stmt"/>
        <line num="113" count="38" type="stmt"/>
        <line num="130" count="1" type="stmt"/>
        <line num="149" count="41" type="stmt"/>
        <line num="152" count="2" type="stmt"/>
        <line num="170" count="1" type="stmt"/>
        <line num="177" count="2" type="stmt"/>
      </file>
      <file name="ActiveWorkoutExerciseSetup.tsx" path="/Users/carlosadrianomiranda/projetos/dietreino-front/src/pages/users/components/gymWorkout/activeWorkout/exerciseSetEdit/ActiveWorkoutExerciseSetup.tsx">
        <metrics statements="21" coveredstatements="19" conditionals="5" coveredconditionals="5" methods="6" coveredmethods="4"/>
        <line num="1" count="2" type="stmt"/>
        <line num="3" count="2" type="stmt"/>
        <line num="4" count="2" type="stmt"/>
        <line num="5" count="2" type="stmt"/>
        <line num="7" count="2" type="stmt"/>
        <line num="18" count="164" type="stmt"/>
        <line num="22" count="164" type="stmt"/>
        <line num="23" count="0" type="stmt"/>
        <line num="26" count="164" type="stmt"/>
        <line num="27" count="116" type="stmt"/>
        <line num="28" count="116" type="cond" truecount="1" falsecount="0"/>
        <line num="29" count="87" type="stmt"/>
        <line num="40" count="29" type="stmt"/>
        <line num="44" count="0" type="stmt"/>
        <line num="50" count="164" type="cond" truecount="2" falsecount="0"/>
        <line num="53" count="2" type="stmt"/>
        <line num="66" count="41" type="stmt"/>
        <line num="67" count="41" type="stmt"/>
        <line num="69" count="41" type="stmt"/>
        <line num="79" count="2" type="stmt"/>
        <line num="87" count="2" type="stmt"/>
      </file>
    </package>
    <package name="pages.users.components.gymWorkout.activeWorkout.utils">
      <metrics statements="51" coveredstatements="51" conditionals="5" coveredconditionals="5" methods="9" coveredmethods="9"/>
      <file name="ExerciseSetTable.tsx" path="/Users/carlosadrianomiranda/projetos/dietreino-front/src/pages/users/components/gymWorkout/activeWorkout/utils/ExerciseSetTable.tsx">
        <metrics statements="3" coveredstatements="3" conditionals="2" coveredconditionals="2" methods="2" coveredmethods="2"/>
        <line num="3" count="2" type="stmt"/>
        <line num="7" count="47" type="stmt"/>
        <line num="15" count="188" type="stmt"/>
      </file>
      <file name="ExerciseSetWrapper.tsx" path="/Users/carlosadrianomiranda/projetos/dietreino-front/src/pages/users/components/gymWorkout/activeWorkout/utils/ExerciseSetWrapper.tsx">
        <metrics statements="2" coveredstatements="2" conditionals="0" coveredconditionals="0" methods="1" coveredmethods="1"/>
        <line num="3" count="2" type="stmt"/>
        <line num="4" count="47" type="stmt"/>
      </file>
      <file name="RemoveRowDeleteIcon.tsx" path="/Users/carlosadrianomiranda/projetos/dietreino-front/src/pages/users/components/gymWorkout/activeWorkout/utils/RemoveRowDeleteIcon.tsx">
        <metrics statements="8" coveredstatements="8" conditionals="1" coveredconditionals="1" methods="1" coveredmethods="1"/>
        <line num="1" count="2" type="stmt"/>
        <line num="2" count="2" type="stmt"/>
        <line num="3" count="2" type="stmt"/>
        <line num="5" count="2" type="stmt"/>
        <line num="15" count="31" type="stmt"/>
        <line num="25" count="31" type="cond" truecount="1" falsecount="0"/>
        <line num="26" count="2" type="stmt"/>
        <line num="29" count="29" type="stmt"/>
      </file>
      <file name="tests.tsx" path="/Users/carlosadrianomiranda/projetos/dietreino-front/src/pages/users/components/gymWorkout/activeWorkout/utils/tests.tsx">
        <metrics statements="38" coveredstatements="38" conditionals="2" coveredconditionals="2" methods="5" coveredmethods="5"/>
        <line num="1" count="2" type="stmt"/>
        <line num="3" count="2" type="stmt"/>
        <line num="4" count="2" type="stmt"/>
        <line num="5" count="2" type="stmt"/>
        <line num="7" count="2" type="stmt"/>
        <line num="16" count="2" type="stmt"/>
        <line num="29" count="2" type="stmt"/>
        <line num="36" count="2" type="stmt"/>
        <line num="45" count="2" type="stmt"/>
        <line num="50" count="4" type="stmt"/>
        <line num="53" count="4" type="stmt"/>
        <line num="54" count="4" type="stmt"/>
        <line num="55" count="4" type="stmt"/>
        <line num="57" count="4" type="stmt"/>
        <line num="63" count="4" type="stmt"/>
        <line num="64" count="4" type="stmt"/>
        <line num="67" count="2" type="stmt"/>
        <line num="71" count="2" type="stmt"/>
        <line num="72" count="2" type="stmt"/>
        <line num="73" count="2" type="stmt"/>
        <line num="76" count="2" type="stmt"/>
        <line num="79" count="2" type="stmt"/>
        <line num="82" count="2" type="stmt"/>
        <line num="85" count="2" type="stmt"/>
        <line num="86" count="3" type="stmt"/>
        <line num="87" count="3" type="stmt"/>
        <line num="88" count="3" type="stmt"/>
        <line num="90" count="3" type="stmt"/>
        <line num="91" count="3" type="stmt"/>
        <line num="94" count="2" type="stmt"/>
        <line num="95" count="7" type="stmt"/>
        <line num="96" count="7" type="stmt"/>
        <line num="99" count="7" type="stmt"/>
        <line num="100" count="7" type="stmt"/>
        <line num="103" count="2" type="stmt"/>
        <line num="104" count="2" type="stmt"/>
        <line num="107" count="2" type="stmt"/>
        <line num="108" count="2" type="stmt"/>
      </file>
    </package>
    <package name="pages.users.components.gymWorkout.utils">
      <metrics statements="20" coveredstatements="20" conditionals="0" coveredconditionals="0" methods="2" coveredmethods="2"/>
      <file name="tests.tsx" path="/Users/carlosadrianomiranda/projetos/dietreino-front/src/pages/users/components/gymWorkout/utils/tests.tsx">
        <metrics statements="20" coveredstatements="20" conditionals="0" coveredconditionals="0" methods="2" coveredmethods="2"/>
        <line num="1" count="1" type="stmt"/>
        <line num="3" count="1" type="stmt"/>
        <line num="4" count="1" type="stmt"/>
        <line num="5" count="1" type="stmt"/>
        <line num="8" count="1" type="stmt"/>
        <line num="17" count="1" type="stmt"/>
        <line num="19" count="1" type="stmt"/>
        <line num="20" count="6" type="stmt"/>
        <line num="25" count="1" type="stmt"/>
        <line num="29" count="2" type="stmt"/>
        <line num="30" count="2" type="stmt"/>
        <line num="31" count="2" type="stmt"/>
        <line num="32" count="2" type="stmt"/>
        <line num="33" count="2" type="stmt"/>
        <line num="34" count="2" type="stmt"/>
        <line num="35" count="2" type="stmt"/>
        <line num="36" count="2" type="stmt"/>
        <line num="37" count="2" type="stmt"/>
        <line num="38" count="2" type="stmt"/>
        <line num="39" count="2" type="stmt"/>
      </file>
    </package>
    <package name="pages.users.hooks">
      <metrics statements="73" coveredstatements="71" conditionals="13" coveredconditionals="8" methods="20" coveredmethods="17"/>
      <file name="useAddSetupToSet.ts" path="/Users/carlosadrianomiranda/projetos/dietreino-front/src/pages/users/hooks/useAddSetupToSet.ts">
        <metrics statements="4" coveredstatements="4" conditionals="0" coveredconditionals="0" methods="1" coveredmethods="1"/>
        <line num="1" count="1" type="stmt"/>
        <line num="3" count="1" type="stmt"/>
        <line num="4" count="9" type="stmt"/>
        <line num="12" count="9" type="stmt"/>
      </file>
      <file name="useCreateNewWorkout.ts" path="/Users/carlosadrianomiranda/projetos/dietreino-front/src/pages/users/hooks/useCreateNewWorkout.ts">
        <metrics statements="5" coveredstatements="5" conditionals="0" coveredconditionals="0" methods="1" coveredmethods="1"/>
        <line num="1" count="1" type="stmt"/>
        <line num="4" count="1" type="stmt"/>
        <line num="5" count="5" type="stmt"/>
        <line num="10" count="5" type="stmt"/>
        <line num="13" count="1" type="stmt"/>
      </file>
      <file name="useExerciseAutocomplete.ts" path="/Users/carlosadrianomiranda/projetos/dietreino-front/src/pages/users/hooks/useExerciseAutocomplete.ts">
        <metrics statements="17" coveredstatements="17" conditionals="2" coveredconditionals="2" methods="4" coveredmethods="4"/>
        <line num="1" count="2" type="stmt"/>
        <line num="2" count="2" type="stmt"/>
        <line num="6" count="2" type="stmt"/>
        <line num="7" count="94" type="stmt"/>
        <line num="11" count="94" type="stmt"/>
        <line num="13" count="94" type="stmt"/>
        <line num="14" count="12" type="cond" truecount="1" falsecount="0"/>
        <line num="15" count="8" type="stmt"/>
        <line num="16" count="8" type="stmt"/>
        <line num="20" count="94" type="stmt"/>
        <line num="21" count="12" type="stmt"/>
        <line num="23" count="12" type="stmt"/>
        <line num="24" count="6" type="cond" truecount="1" falsecount="0"/>
        <line num="25" count="2" type="stmt"/>
        <line num="28" count="4" type="stmt"/>
        <line num="32" count="94" type="stmt"/>
        <line num="35" count="2" type="stmt"/>
      </file>
      <file name="useGetUserActiveWorkout.ts" path="/Users/carlosadrianomiranda/projetos/dietreino-front/src/pages/users/hooks/useGetUserActiveWorkout.ts">
        <metrics statements="9" coveredstatements="9" conditionals="2" coveredconditionals="1" methods="2" coveredmethods="2"/>
        <line num="1" count="1" type="stmt"/>
        <line num="2" count="1" type="stmt"/>
        <line num="5" count="1" type="stmt"/>
        <line num="6" count="19" type="stmt"/>
        <line num="11" count="19" type="stmt"/>
        <line num="12" count="8" type="cond" truecount="0" falsecount="1"/>
        <line num="14" count="8" type="cond" truecount="1" falsecount="0"/>
        <line num="16" count="6" type="stmt"/>
        <line num="19" count="19" type="stmt"/>
      </file>
      <file name="useRemoveSetupFromSet.ts" path="/Users/carlosadrianomiranda/projetos/dietreino-front/src/pages/users/hooks/useRemoveSetupFromSet.ts">
        <metrics statements="6" coveredstatements="6" conditionals="0" coveredconditionals="0" methods="2" coveredmethods="2"/>
        <line num="1" count="2" type="stmt"/>
        <line num="3" count="2" type="stmt"/>
        <line num="4" count="38" type="stmt"/>
        <line num="8" count="38" type="stmt"/>
        <line num="9" count="1" type="stmt"/>
        <line num="12" count="38" type="stmt"/>
      </file>
      <file name="useSetupState.ts" path="/Users/carlosadrianomiranda/projetos/dietreino-front/src/pages/users/hooks/useSetupState.ts">
        <metrics statements="24" coveredstatements="22" conditionals="9" coveredconditionals="5" methods="7" coveredmethods="4"/>
        <line num="1" count="2" type="stmt"/>
        <line num="5" count="2" type="stmt"/>
        <line num="14" count="2" type="stmt"/>
        <line num="15" count="47" type="stmt"/>
        <line num="18" count="47" type="stmt"/>
        <line num="20" count="47" type="stmt"/>
        <line num="21" count="16" type="cond" truecount="2" falsecount="0"/>
        <line num="22" count="4" type="stmt"/>
        <line num="27" count="12" type="cond" truecount="3" falsecount="0"/>
        <line num="28" count="12" type="stmt"/>
        <line num="35" count="47" type="stmt"/>
        <line num="36" count="4" type="stmt"/>
        <line num="39" count="47" type="stmt"/>
        <line num="40" count="0" type="stmt"/>
        <line num="43" count="47" type="stmt"/>
        <line num="44" count="1" type="cond" truecount="0" falsecount="1"/>
        <line num="45" count="1" type="cond" truecount="0" falsecount="1"/>
        <line num="46" count="1" type="cond" truecount="0" falsecount="1"/>
        <line num="47" count="1" type="cond" truecount="0" falsecount="1"/>
        <line num="49" count="1" type="stmt"/>
        <line num="50" count="1" type="stmt"/>
        <line num="53" count="47" type="stmt"/>
        <line num="54" count="0" type="stmt"/>
        <line num="57" count="47" type="stmt"/>
      </file>
      <file name="useUpdateExerciseSet.tsx" path="/Users/carlosadrianomiranda/projetos/dietreino-front/src/pages/users/hooks/useUpdateExerciseSet.tsx">
        <metrics statements="8" coveredstatements="8" conditionals="0" coveredconditionals="0" methods="3" coveredmethods="3"/>
        <line num="2" count="2" type="stmt"/>
        <line num="4" count="2" type="stmt"/>
        <line num="5" count="38" type="stmt"/>
        <line num="10" count="38" type="stmt"/>
        <line num="11" count="2" type="stmt"/>
        <line num="13" count="3" type="stmt"/>
        <line num="23" count="2" type="stmt"/>
        <line num="26" count="38" type="stmt"/>
      </file>
    </package>
    <package name="utils">
      <metrics statements="54" coveredstatements="50" conditionals="3" coveredconditionals="1" methods="20" coveredmethods="19"/>
      <file name="testUtils.ts" path="/Users/carlosadrianomiranda/projetos/dietreino-front/src/utils/testUtils.ts">
        <metrics statements="34" coveredstatements="32" conditionals="1" coveredconditionals="0" methods="15" coveredmethods="14"/>
        <line num="1" count="2" type="stmt"/>
        <line num="2" count="2" type="stmt"/>
        <line num="3" count="2" type="stmt"/>
        <line num="5" count="2" type="stmt"/>
        <line num="7" count="32" type="stmt"/>
        <line num="8" count="32" type="stmt"/>
        <line num="13" count="4" type="stmt"/>
        <line num="14" count="4" type="stmt"/>
        <line num="18" count="4" type="stmt"/>
        <line num="19" count="4" type="stmt"/>
        <line num="20" count="4" type="stmt"/>
        <line num="21" count="4" type="stmt"/>
        <line num="22" count="4" type="stmt"/>
        <line num="28" count="0" type="stmt"/>
        <line num="29" count="0" type="stmt"/>
        <line num="33" count="9" type="stmt"/>
        <line num="34" count="9" type="stmt"/>
        <line num="38" count="15" type="stmt"/>
        <line num="39" count="15" type="stmt"/>
        <line num="43" count="1" type="stmt"/>
        <line num="44" count="1" type="stmt"/>
        <line num="48" count="6" type="stmt"/>
        <line num="52" count="4" type="stmt"/>
        <line num="56" count="31" type="stmt"/>
        <line num="57" count="31" type="stmt"/>
        <line num="62" count="7" type="stmt"/>
        <line num="63" count="7" type="stmt"/>
        <line num="71" count="4" type="stmt"/>
        <line num="72" count="4" type="stmt"/>
        <line num="73" count="4" type="stmt"/>
        <line num="75" count="4" type="stmt"/>
        <line num="77" count="83" type="stmt"/>
        <line num="81" count="4" type="stmt"/>
        <line num="82" count="4" type="stmt"/>
      </file>
      <file name="useDoFetch.ts" path="/Users/carlosadrianomiranda/projetos/dietreino-front/src/utils/useDoFetch.ts">
        <metrics statements="20" coveredstatements="18" conditionals="2" coveredconditionals="1" methods="5" coveredmethods="5"/>
        <line num="1" count="2" type="stmt"/>
        <line num="2" count="2" type="stmt"/>
        <line num="4" count="2" type="stmt"/>
        <line num="9" count="127" type="stmt"/>
        <line num="10" count="127" type="stmt"/>
        <line num="11" count="127" type="stmt"/>
        <line num="13" count="127" type="stmt"/>
        <line num="15" count="127" type="stmt"/>
        <line num="16" count="14" type="stmt"/>
        <line num="17" count="14" type="stmt"/>
        <line num="20" count="14" type="stmt"/>
        <line num="22" count="14" type="stmt"/>
        <line num="23" count="14" type="cond" truecount="1" falsecount="1"/>
        <line num="24" count="14" type="stmt"/>
        <line num="25" count="14" type="stmt"/>
        <line num="27" count="0" type="stmt"/>
        <line num="28" count="0" type="stmt"/>
        <line num="33" count="14" type="stmt"/>
        <line num="38" count="127" type="stmt"/>
        <line num="41" count="2" type="stmt"/>
      </file>
    </package>
  </project>
</coverage>
