{"/Users/carlosadrianomiranda/projetos/dietreino-front/src/components/icons/AngleRight.tsx": {"path":"/Users/carlosadrianomiranda/projetos/dietreino-front/src/components/icons/AngleRight.tsx","statementMap":{"0":{"start":{"line":1,"column":26},"end":{"line":8,"column":1}},"1":{"start":{"line":3,"column":2},"end":{"line":7,"column":4}},"2":{"start":{"line":1,"column":13},"end":{"line":1,"column":26}}},"fnMap":{"0":{"name":"(anonymous_0)","decl":{"start":{"line":1,"column":26},"end":{"line":1,"column":27}},"loc":{"start":{"line":1,"column":66},"end":{"line":8,"column":1}}}},"branchMap":{},"s":{"0":1,"1":0,"2":1},"f":{"0":0},"b":{}}
,"/Users/carlosadrianomiranda/projetos/dietreino-front/src/components/icons/ArrowBack.tsx": {"path":"/Users/carlosadrianomiranda/projetos/dietreino-front/src/components/icons/ArrowBack.tsx","statementMap":{"0":{"start":{"line":1,"column":25},"end":{"line":8,"column":1}},"1":{"start":{"line":3,"column":2},"end":{"line":7,"column":4}},"2":{"start":{"line":1,"column":13},"end":{"line":1,"column":25}}},"fnMap":{"0":{"name":"(anonymous_0)","decl":{"start":{"line":1,"column":25},"end":{"line":1,"column":26}},"loc":{"start":{"line":1,"column":65},"end":{"line":8,"column":1}}}},"branchMap":{},"s":{"0":1,"1":0,"2":1},"f":{"0":0},"b":{}}
,"/Users/carlosadrianomiranda/projetos/dietreino-front/src/components/icons/Ban.tsx": {"path":"/Users/carlosadrianomiranda/projetos/dietreino-front/src/components/icons/Ban.tsx","statementMap":{"0":{"start":{"line":1,"column":19},"end":{"line":8,"column":1}},"1":{"start":{"line":3,"column":2},"end":{"line":7,"column":4}},"2":{"start":{"line":1,"column":13},"end":{"line":1,"column":19}}},"fnMap":{"0":{"name":"(anonymous_0)","decl":{"start":{"line":1,"column":19},"end":{"line":1,"column":20}},"loc":{"start":{"line":1,"column":59},"end":{"line":8,"column":1}}}},"branchMap":{},"s":{"0":1,"1":0,"2":1},"f":{"0":0},"b":{}}
,"/Users/carlosadrianomiranda/projetos/dietreino-front/src/components/icons/Capsules.tsx": {"path":"/Users/carlosadrianomiranda/projetos/dietreino-front/src/components/icons/Capsules.tsx","statementMap":{"0":{"start":{"line":1,"column":24},"end":{"line":8,"column":1}},"1":{"start":{"line":3,"column":2},"end":{"line":7,"column":4}},"2":{"start":{"line":1,"column":13},"end":{"line":1,"column":24}}},"fnMap":{"0":{"name":"(anonymous_0)","decl":{"start":{"line":1,"column":24},"end":{"line":1,"column":27}},"loc":{"start":{"line":1,"column":29},"end":{"line":8,"column":1}}}},"branchMap":{},"s":{"0":1,"1":0,"2":1},"f":{"0":0},"b":{}}
,"/Users/carlosadrianomiranda/projetos/dietreino-front/src/components/icons/Check.tsx": {"path":"/Users/carlosadrianomiranda/projetos/dietreino-front/src/components/icons/Check.tsx","statementMap":{"0":{"start":{"line":1,"column":21},"end":{"line":8,"column":1}},"1":{"start":{"line":3,"column":2},"end":{"line":7,"column":4}},"2":{"start":{"line":1,"column":13},"end":{"line":1,"column":21}}},"fnMap":{"0":{"name":"(anonymous_0)","decl":{"start":{"line":1,"column":21},"end":{"line":1,"column":22}},"loc":{"start":{"line":1,"column":61},"end":{"line":8,"column":1}}}},"branchMap":{},"s":{"0":1,"1":27,"2":1},"f":{"0":27},"b":{}}
,"/Users/carlosadrianomiranda/projetos/dietreino-front/src/components/icons/CircleQuestion.tsx": {"path":"/Users/carlosadrianomiranda/projetos/dietreino-front/src/components/icons/CircleQuestion.tsx","statementMap":{"0":{"start":{"line":1,"column":30},"end":{"line":8,"column":1}},"1":{"start":{"line":3,"column":2},"end":{"line":7,"column":4}},"2":{"start":{"line":1,"column":13},"end":{"line":1,"column":30}}},"fnMap":{"0":{"name":"(anonymous_0)","decl":{"start":{"line":1,"column":30},"end":{"line":1,"column":33}},"loc":{"start":{"line":1,"column":35},"end":{"line":8,"column":1}}}},"branchMap":{},"s":{"0":1,"1":0,"2":1},"f":{"0":0},"b":{}}
,"/Users/carlosadrianomiranda/projetos/dietreino-front/src/components/icons/Clipboard.tsx": {"path":"/Users/carlosadrianomiranda/projetos/dietreino-front/src/components/icons/Clipboard.tsx","statementMap":{"0":{"start":{"line":1,"column":25},"end":{"line":8,"column":1}},"1":{"start":{"line":3,"column":2},"end":{"line":7,"column":4}},"2":{"start":{"line":1,"column":13},"end":{"line":1,"column":25}}},"fnMap":{"0":{"name":"(anonymous_0)","decl":{"start":{"line":1,"column":25},"end":{"line":1,"column":28}},"loc":{"start":{"line":1,"column":30},"end":{"line":8,"column":1}}}},"branchMap":{},"s":{"0":1,"1":0,"2":1},"f":{"0":0},"b":{}}
,"/Users/carlosadrianomiranda/projetos/dietreino-front/src/components/icons/ClockRotateLeft.tsx": {"path":"/Users/carlosadrianomiranda/projetos/dietreino-front/src/components/icons/ClockRotateLeft.tsx","statementMap":{"0":{"start":{"line":1,"column":31},"end":{"line":8,"column":1}},"1":{"start":{"line":3,"column":2},"end":{"line":7,"column":4}},"2":{"start":{"line":1,"column":13},"end":{"line":1,"column":31}}},"fnMap":{"0":{"name":"(anonymous_0)","decl":{"start":{"line":1,"column":31},"end":{"line":1,"column":34}},"loc":{"start":{"line":1,"column":36},"end":{"line":8,"column":1}}}},"branchMap":{},"s":{"0":1,"1":0,"2":1},"f":{"0":0},"b":{}}
,"/Users/carlosadrianomiranda/projetos/dietreino-front/src/components/icons/Comments.tsx": {"path":"/Users/carlosadrianomiranda/projetos/dietreino-front/src/components/icons/Comments.tsx","statementMap":{"0":{"start":{"line":1,"column":24},"end":{"line":8,"column":3}},"1":{"start":{"line":3,"column":4},"end":{"line":7,"column":6}},"2":{"start":{"line":1,"column":13},"end":{"line":1,"column":24}}},"fnMap":{"0":{"name":"(anonymous_0)","decl":{"start":{"line":1,"column":24},"end":{"line":1,"column":27}},"loc":{"start":{"line":1,"column":29},"end":{"line":8,"column":3}}}},"branchMap":{},"s":{"0":1,"1":0,"2":1},"f":{"0":0},"b":{}}
,"/Users/carlosadrianomiranda/projetos/dietreino-front/src/components/icons/Dumbbell.tsx": {"path":"/Users/carlosadrianomiranda/projetos/dietreino-front/src/components/icons/Dumbbell.tsx","statementMap":{"0":{"start":{"line":1,"column":24},"end":{"line":8,"column":1}},"1":{"start":{"line":3,"column":2},"end":{"line":7,"column":4}},"2":{"start":{"line":1,"column":13},"end":{"line":1,"column":24}}},"fnMap":{"0":{"name":"(anonymous_0)","decl":{"start":{"line":1,"column":24},"end":{"line":1,"column":27}},"loc":{"start":{"line":1,"column":29},"end":{"line":8,"column":1}}}},"branchMap":{},"s":{"0":1,"1":0,"2":1},"f":{"0":0},"b":{}}
,"/Users/carlosadrianomiranda/projetos/dietreino-front/src/components/icons/FolderOpen.tsx": {"path":"/Users/carlosadrianomiranda/projetos/dietreino-front/src/components/icons/FolderOpen.tsx","statementMap":{"0":{"start":{"line":1,"column":26},"end":{"line":8,"column":1}},"1":{"start":{"line":3,"column":2},"end":{"line":7,"column":4}},"2":{"start":{"line":1,"column":13},"end":{"line":1,"column":26}}},"fnMap":{"0":{"name":"(anonymous_0)","decl":{"start":{"line":1,"column":26},"end":{"line":1,"column":29}},"loc":{"start":{"line":1,"column":31},"end":{"line":8,"column":1}}}},"branchMap":{},"s":{"0":1,"1":0,"2":1},"f":{"0":0},"b":{}}
,"/Users/carlosadrianomiranda/projetos/dietreino-front/src/components/icons/Inbox.tsx": {"path":"/Users/carlosadrianomiranda/projetos/dietreino-front/src/components/icons/Inbox.tsx","statementMap":{"0":{"start":{"line":1,"column":21},"end":{"line":8,"column":1}},"1":{"start":{"line":3,"column":2},"end":{"line":7,"column":4}},"2":{"start":{"line":1,"column":13},"end":{"line":1,"column":21}}},"fnMap":{"0":{"name":"(anonymous_0)","decl":{"start":{"line":1,"column":21},"end":{"line":1,"column":22}},"loc":{"start":{"line":1,"column":61},"end":{"line":8,"column":1}}}},"branchMap":{},"s":{"0":1,"1":0,"2":1},"f":{"0":0},"b":{}}
,"/Users/carlosadrianomiranda/projetos/dietreino-front/src/components/icons/MagnifyingGlass.tsx": {"path":"/Users/carlosadrianomiranda/projetos/dietreino-front/src/components/icons/MagnifyingGlass.tsx","statementMap":{"0":{"start":{"line":1,"column":31},"end":{"line":8,"column":1}},"1":{"start":{"line":3,"column":2},"end":{"line":7,"column":4}},"2":{"start":{"line":1,"column":13},"end":{"line":1,"column":31}}},"fnMap":{"0":{"name":"(anonymous_0)","decl":{"start":{"line":1,"column":31},"end":{"line":1,"column":32}},"loc":{"start":{"line":1,"column":71},"end":{"line":8,"column":1}}}},"branchMap":{},"s":{"0":1,"1":0,"2":1},"f":{"0":0},"b":{}}
,"/Users/carlosadrianomiranda/projetos/dietreino-front/src/components/icons/Pen.tsx": {"path":"/Users/carlosadrianomiranda/projetos/dietreino-front/src/components/icons/Pen.tsx","statementMap":{"0":{"start":{"line":1,"column":19},"end":{"line":8,"column":1}},"1":{"start":{"line":3,"column":2},"end":{"line":7,"column":4}},"2":{"start":{"line":1,"column":13},"end":{"line":1,"column":19}}},"fnMap":{"0":{"name":"(anonymous_0)","decl":{"start":{"line":1,"column":19},"end":{"line":1,"column":20}},"loc":{"start":{"line":1,"column":59},"end":{"line":8,"column":1}}}},"branchMap":{},"s":{"0":1,"1":11,"2":1},"f":{"0":11},"b":{}}
,"/Users/carlosadrianomiranda/projetos/dietreino-front/src/components/icons/Plus.tsx": {"path":"/Users/carlosadrianomiranda/projetos/dietreino-front/src/components/icons/Plus.tsx","statementMap":{"0":{"start":{"line":1,"column":20},"end":{"line":8,"column":1}},"1":{"start":{"line":3,"column":2},"end":{"line":7,"column":4}},"2":{"start":{"line":1,"column":13},"end":{"line":1,"column":20}}},"fnMap":{"0":{"name":"(anonymous_0)","decl":{"start":{"line":1,"column":20},"end":{"line":1,"column":21}},"loc":{"start":{"line":1,"column":60},"end":{"line":8,"column":1}}}},"branchMap":{},"s":{"0":1,"1":0,"2":1},"f":{"0":0},"b":{}}
,"/Users/carlosadrianomiranda/projetos/dietreino-front/src/components/icons/Save.tsx": {"path":"/Users/carlosadrianomiranda/projetos/dietreino-front/src/components/icons/Save.tsx","statementMap":{"0":{"start":{"line":1,"column":20},"end":{"line":8,"column":1}},"1":{"start":{"line":3,"column":2},"end":{"line":7,"column":4}},"2":{"start":{"line":1,"column":13},"end":{"line":1,"column":20}}},"fnMap":{"0":{"name":"(anonymous_0)","decl":{"start":{"line":1,"column":20},"end":{"line":1,"column":21}},"loc":{"start":{"line":1,"column":60},"end":{"line":8,"column":1}}}},"branchMap":{},"s":{"0":1,"1":27,"2":1},"f":{"0":27},"b":{}}
,"/Users/carlosadrianomiranda/projetos/dietreino-front/src/components/icons/UserLarge.tsx": {"path":"/Users/carlosadrianomiranda/projetos/dietreino-front/src/components/icons/UserLarge.tsx","statementMap":{"0":{"start":{"line":1,"column":24},"end":{"line":8,"column":1}},"1":{"start":{"line":3,"column":2},"end":{"line":7,"column":4}},"2":{"start":{"line":1,"column":13},"end":{"line":1,"column":24}}},"fnMap":{"0":{"name":"(anonymous_0)","decl":{"start":{"line":1,"column":24},"end":{"line":1,"column":27}},"loc":{"start":{"line":1,"column":29},"end":{"line":8,"column":1}}}},"branchMap":{},"s":{"0":1,"1":0,"2":1},"f":{"0":0},"b":{}}
,"/Users/carlosadrianomiranda/projetos/dietreino-front/src/components/icons/Utensils.tsx": {"path":"/Users/carlosadrianomiranda/projetos/dietreino-front/src/components/icons/Utensils.tsx","statementMap":{"0":{"start":{"line":1,"column":24},"end":{"line":8,"column":1}},"1":{"start":{"line":3,"column":2},"end":{"line":7,"column":4}},"2":{"start":{"line":1,"column":13},"end":{"line":1,"column":24}}},"fnMap":{"0":{"name":"(anonymous_0)","decl":{"start":{"line":1,"column":24},"end":{"line":1,"column":27}},"loc":{"start":{"line":1,"column":29},"end":{"line":8,"column":1}}}},"branchMap":{},"s":{"0":1,"1":0,"2":1},"f":{"0":0},"b":{}}
,"/Users/carlosadrianomiranda/projetos/dietreino-front/src/components/icons/Xmark.tsx": {"path":"/Users/carlosadrianomiranda/projetos/dietreino-front/src/components/icons/Xmark.tsx","statementMap":{"0":{"start":{"line":1,"column":21},"end":{"line":8,"column":1}},"1":{"start":{"line":3,"column":2},"end":{"line":7,"column":4}},"2":{"start":{"line":1,"column":13},"end":{"line":1,"column":21}}},"fnMap":{"0":{"name":"(anonymous_0)","decl":{"start":{"line":1,"column":21},"end":{"line":1,"column":22}},"loc":{"start":{"line":1,"column":61},"end":{"line":8,"column":1}}}},"branchMap":{},"s":{"0":1,"1":29,"2":1},"f":{"0":29},"b":{}}
,"/Users/carlosadrianomiranda/projetos/dietreino-front/src/components/icons/index.tsx": {"path":"/Users/carlosadrianomiranda/projetos/dietreino-front/src/components/icons/index.tsx","statementMap":{"0":{"start":{"line":2,"column":0},"end":{"line":2,"column":33}},"1":{"start":{"line":6,"column":0},"end":{"line":6,"column":33}},"2":{"start":{"line":7,"column":0},"end":{"line":7,"column":27}},"3":{"start":{"line":8,"column":0},"end":{"line":8,"column":27}},"4":{"start":{"line":9,"column":0},"end":{"line":9,"column":29}},"5":{"start":{"line":10,"column":0},"end":{"line":10,"column":28}},"6":{"start":{"line":11,"column":0},"end":{"line":11,"column":27}},"7":{"start":{"line":12,"column":0},"end":{"line":12,"column":34}},"8":{"start":{"line":13,"column":0},"end":{"line":13,"column":27}},"9":{"start":{"line":14,"column":0},"end":{"line":14,"column":28}},"10":{"start":{"line":15,"column":0},"end":{"line":15,"column":34}},"11":{"start":{"line":16,"column":0},"end":{"line":16,"column":23}},"12":{"start":{"line":17,"column":0},"end":{"line":17,"column":24}},"13":{"start":{"line":18,"column":0},"end":{"line":18,"column":28}},"14":{"start":{"line":19,"column":0},"end":{"line":19,"column":22}},"15":{"start":{"line":20,"column":0},"end":{"line":20,"column":29}},"16":{"start":{"line":21,"column":0},"end":{"line":21,"column":23}},"17":{"start":{"line":22,"column":0},"end":{"line":22,"column":22}},"18":{"start":{"line":23,"column":0},"end":{"line":23,"column":24}},"19":{"start":{"line":24,"column":0},"end":{"line":24,"column":24}},"20":{"start":{"line":26,"column":26},"end":{"line":43,"column":1}},"21":{"start":{"line":34,"column":20},"end":{"line":34,"column":36}},"22":{"start":{"line":35,"column":18},"end":{"line":35,"column":25}},"23":{"start":{"line":37,"column":21},"end":{"line":37,"column":33}},"24":{"start":{"line":38,"column":2},"end":{"line":40,"column":3}},"25":{"start":{"line":39,"column":4},"end":{"line":39,"column":27}},"26":{"start":{"line":42,"column":2},"end":{"line":42,"column":45}},"27":{"start":{"line":26,"column":13},"end":{"line":26,"column":26}}},"fnMap":{"0":{"name":"(anonymous_4)","decl":{"start":{"line":26,"column":26},"end":{"line":26,"column":27}},"loc":{"start":{"line":33,"column":42},"end":{"line":43,"column":1}}}},"branchMap":{"0":{"loc":{"start":{"line":38,"column":2},"end":{"line":40,"column":3}},"type":"if","locations":[{"start":{"line":38,"column":2},"end":{"line":40,"column":3}}]}},"s":{"0":1,"1":1,"2":1,"3":1,"4":1,"5":1,"6":1,"7":1,"8":1,"9":1,"10":1,"11":1,"12":1,"13":1,"14":1,"15":1,"16":1,"17":1,"18":1,"19":1,"20":1,"21":94,"22":94,"23":94,"24":94,"25":94,"26":94,"27":1},"f":{"0":94},"b":{"0":[94]}}
,"/Users/carlosadrianomiranda/projetos/dietreino-front/src/mocks/imageMock.ts": {"path":"/Users/carlosadrianomiranda/projetos/dietreino-front/src/mocks/imageMock.ts","statementMap":{"0":{"start":{"line":1,"column":0},"end":{"line":1,"column":20}}},"fnMap":{},"branchMap":{},"s":{"0":1},"f":{},"b":{}}
,"/Users/carlosadrianomiranda/projetos/dietreino-front/src/pages/users/components/exerciseAutocomplete/ExerciseAutocomplete.tsx": {"path":"/Users/carlosadrianomiranda/projetos/dietreino-front/src/pages/users/components/exerciseAutocomplete/ExerciseAutocomplete.tsx","statementMap":{"0":{"start":{"line":1,"column":0},"end":{"line":1,"column":44}},"1":{"start":{"line":2,"column":0},"end":{"line":2,"column":73}},"2":{"start":{"line":3,"column":0},"end":{"line":3,"column":74}},"3":{"start":{"line":5,"column":36},"end":{"line":42,"column":1}},"4":{"start":{"line":13,"column":41},"end":{"line":13,"column":66}},"5":{"start":{"line":14,"column":42},"end":{"line":14,"column":57}},"6":{"start":{"line":16,"column":2},"end":{"line":18,"column":14}},"7":{"start":{"line":17,"column":4},"end":{"line":17,"column":27}},"8":{"start":{"line":20,"column":2},"end":{"line":41,"column":4}},"9":{"start":{"line":30,"column":8},"end":{"line":30,"column":41}},"10":{"start":{"line":31,"column":8},"end":{"line":31,"column":38}},"11":{"start":{"line":34,"column":8},"end":{"line":34,"column":34}},"12":{"start":{"line":35,"column":8},"end":{"line":35,"column":33}},"13":{"start":{"line":36,"column":8},"end":{"line":38,"column":9}},"14":{"start":{"line":37,"column":10},"end":{"line":37,"column":40}},"15":{"start":{"line":5,"column":13},"end":{"line":5,"column":36}}},"fnMap":{"0":{"name":"(anonymous_0)","decl":{"start":{"line":5,"column":36},"end":{"line":5,"column":37}},"loc":{"start":{"line":12,"column":5},"end":{"line":42,"column":1}}},"1":{"name":"(anonymous_1)","decl":{"start":{"line":16,"column":12},"end":{"line":16,"column":15}},"loc":{"start":{"line":16,"column":17},"end":{"line":18,"column":3}}},"2":{"name":"(anonymous_2)","decl":{"start":{"line":29,"column":16},"end":{"line":29,"column":17}},"loc":{"start":{"line":29,"column":64},"end":{"line":32,"column":7}}},"3":{"name":"(anonymous_3)","decl":{"start":{"line":33,"column":16},"end":{"line":33,"column":17}},"loc":{"start":{"line":33,"column":42},"end":{"line":39,"column":7}}}},"branchMap":{"0":{"loc":{"start":{"line":8,"column":2},"end":{"line":8,"column":12}},"type":"default-arg","locations":[{"start":{"line":8,"column":10},"end":{"line":8,"column":12}}]},"1":{"loc":{"start":{"line":36,"column":8},"end":{"line":38,"column":9}},"type":"if","locations":[{"start":{"line":36,"column":8},"end":{"line":38,"column":9}}]}},"s":{"0":1,"1":1,"2":1,"3":1,"4":79,"5":79,"6":79,"7":25,"8":79,"9":3,"10":3,"11":9,"12":9,"13":9,"14":9,"15":1},"f":{"0":79,"1":25,"2":3,"3":9},"b":{"0":[0],"1":[9]}}
,"/Users/carlosadrianomiranda/projetos/dietreino-front/src/pages/users/components/gymWorkout/activeWorkout/ActiveWorkoutContext.tsx": {"path":"/Users/carlosadrianomiranda/projetos/dietreino-front/src/pages/users/components/gymWorkout/activeWorkout/ActiveWorkoutContext.tsx","statementMap":{"0":{"start":{"line":1,"column":0},"end":{"line":1,"column":38}},"1":{"start":{"line":3,"column":32},"end":{"line":16,"column":2}},"2":{"start":{"line":18,"column":9},"end":{"line":18,"column":32}}},"fnMap":{"0":{"name":"(anonymous_0)","decl":{"start":{"line":13,"column":16},"end":{"line":13,"column":19}},"loc":{"start":{"line":13,"column":21},"end":{"line":13,"column":24}}},"1":{"name":"(anonymous_1)","decl":{"start":{"line":14,"column":19},"end":{"line":14,"column":22}},"loc":{"start":{"line":14,"column":24},"end":{"line":14,"column":27}}},"2":{"name":"(anonymous_2)","decl":{"start":{"line":15,"column":24},"end":{"line":15,"column":27}},"loc":{"start":{"line":15,"column":29},"end":{"line":15,"column":32}}}},"branchMap":{},"s":{"0":1,"1":1,"2":1},"f":{"0":0,"1":0,"2":0},"b":{}}
,"/Users/carlosadrianomiranda/projetos/dietreino-front/src/pages/users/components/gymWorkout/activeWorkout/ActiveWorkoutPage.tsx": {"path":"/Users/carlosadrianomiranda/projetos/dietreino-front/src/pages/users/components/gymWorkout/activeWorkout/ActiveWorkoutPage.tsx","statementMap":{"0":{"start":{"line":1,"column":0},"end":{"line":1,"column":86}},"1":{"start":{"line":4,"column":0},"end":{"line":4,"column":82}},"2":{"start":{"line":8,"column":26},"end":{"line":44,"column":1}},"3":{"start":{"line":15,"column":36},"end":{"line":15,"column":44}},"4":{"start":{"line":17,"column":2},"end":{"line":17,"column":34}},"5":{"start":{"line":17,"column":22},"end":{"line":17,"column":34}},"6":{"start":{"line":19,"column":2},"end":{"line":35,"column":3}},"7":{"start":{"line":20,"column":4},"end":{"line":34,"column":6}},"8":{"start":{"line":37,"column":2},"end":{"line":43,"column":5}},"9":{"start":{"line":38,"column":4},"end":{"line":39,"column":null}},"10":{"start":{"line":46,"column":9},"end":{"line":46,"column":26}}},"fnMap":{"0":{"name":"(anonymous_0)","decl":{"start":{"line":8,"column":26},"end":{"line":8,"column":27}},"loc":{"start":{"line":14,"column":5},"end":{"line":44,"column":1}}},"1":{"name":"(anonymous_1)","decl":{"start":{"line":15,"column":36},"end":{"line":15,"column":39}},"loc":{"start":{"line":15,"column":41},"end":{"line":15,"column":44}}},"2":{"name":"(anonymous_2)","decl":{"start":{"line":37,"column":40},"end":{"line":37,"column":41}},"loc":{"start":{"line":38,"column":4},"end":{"line":39,"column":null}}}},"branchMap":{"0":{"loc":{"start":{"line":17,"column":2},"end":{"line":17,"column":34}},"type":"if","locations":[{"start":{"line":17,"column":2},"end":{"line":17,"column":34}}]},"1":{"loc":{"start":{"line":19,"column":2},"end":{"line":35,"column":3}},"type":"if","locations":[{"start":{"line":19,"column":2},"end":{"line":35,"column":3}}]},"2":{"loc":{"start":{"line":19,"column":6},"end":{"line":19,"column":57}},"type":"binary-expr","locations":[{"start":{"line":19,"column":6},"end":{"line":19,"column":40}},{"start":{"line":19,"column":44},"end":{"line":19,"column":57}}]}},"s":{"0":1,"1":1,"2":1,"3":11,"4":11,"5":1,"6":10,"7":1,"8":9,"9":9,"10":1},"f":{"0":11,"1":2,"2":9},"b":{"0":[1],"1":[1],"2":[10,1]}}
,"/Users/carlosadrianomiranda/projetos/dietreino-front/src/pages/users/components/gymWorkout/activeWorkout/ativeWorkout.logic.ts": {"path":"/Users/carlosadrianomiranda/projetos/dietreino-front/src/pages/users/components/gymWorkout/activeWorkout/ativeWorkout.logic.ts","statementMap":{"0":{"start":{"line":3,"column":39},"end":{"line":34,"column":1}},"1":{"start":{"line":14,"column":2},"end":{"line":19,"column":3}},"2":{"start":{"line":15,"column":4},"end":{"line":18,"column":6}},"3":{"start":{"line":21,"column":2},"end":{"line":33,"column":4}},"4":{"start":{"line":24,"column":6},"end":{"line":29,"column":7}},"5":{"start":{"line":25,"column":8},"end":{"line":28,"column":10}},"6":{"start":{"line":31,"column":6},"end":{"line":31,"column":19}},"7":{"start":{"line":3,"column":13},"end":{"line":3,"column":39}},"8":{"start":{"line":36,"column":41},"end":{"line":62,"column":1}},"9":{"start":{"line":45,"column":2},"end":{"line":61,"column":4}},"10":{"start":{"line":48,"column":6},"end":{"line":57,"column":7}},"11":{"start":{"line":49,"column":8},"end":{"line":56,"column":10}},"12":{"start":{"line":59,"column":6},"end":{"line":59,"column":19}},"13":{"start":{"line":36,"column":13},"end":{"line":36,"column":41}}},"fnMap":{"0":{"name":"(anonymous_0)","decl":{"start":{"line":3,"column":39},"end":{"line":3,"column":40}},"loc":{"start":{"line":13,"column":5},"end":{"line":34,"column":1}}},"1":{"name":"(anonymous_1)","decl":{"start":{"line":23,"column":57},"end":{"line":23,"column":58}},"loc":{"start":{"line":23,"column":67},"end":{"line":32,"column":5}}},"2":{"name":"(anonymous_2)","decl":{"start":{"line":36,"column":41},"end":{"line":36,"column":42}},"loc":{"start":{"line":44,"column":5},"end":{"line":62,"column":1}}},"3":{"name":"(anonymous_3)","decl":{"start":{"line":47,"column":57},"end":{"line":47,"column":58}},"loc":{"start":{"line":47,"column":67},"end":{"line":60,"column":5}}}},"branchMap":{"0":{"loc":{"start":{"line":14,"column":2},"end":{"line":19,"column":3}},"type":"if","locations":[{"start":{"line":14,"column":2},"end":{"line":19,"column":3}}]},"1":{"loc":{"start":{"line":24,"column":6},"end":{"line":29,"column":7}},"type":"if","locations":[{"start":{"line":24,"column":6},"end":{"line":29,"column":7}}]},"2":{"loc":{"start":{"line":48,"column":6},"end":{"line":57,"column":7}},"type":"if","locations":[{"start":{"line":48,"column":6},"end":{"line":57,"column":7}}]}},"s":{"0":1,"1":2,"2":2,"3":0,"4":0,"5":0,"6":0,"7":1,"8":1,"9":0,"10":0,"11":0,"12":0,"13":1},"f":{"0":2,"1":0,"2":0,"3":0},"b":{"0":[2],"1":[0],"2":[0]}}
,"/Users/carlosadrianomiranda/projetos/dietreino-front/src/pages/users/components/gymWorkout/activeWorkout/exerciseSetAdd/AddSetupInputs.tsx": {"path":"/Users/carlosadrianomiranda/projetos/dietreino-front/src/pages/users/components/gymWorkout/activeWorkout/exerciseSetAdd/AddSetupInputs.tsx","statementMap":{"0":{"start":{"line":1,"column":0},"end":{"line":1,"column":37}},"1":{"start":{"line":2,"column":0},"end":{"line":2,"column":71}},"2":{"start":{"line":3,"column":0},"end":{"line":3,"column":90}},"3":{"start":{"line":12,"column":30},"end":{"line":68,"column":1}},"4":{"start":{"line":21,"column":28},"end":{"line":23,"column":3}},"5":{"start":{"line":22,"column":4},"end":{"line":22,"column":65}},"6":{"start":{"line":25,"column":2},"end":{"line":67,"column":4}},"7":{"start":{"line":30,"column":35},"end":{"line":30,"column":59}},"8":{"start":{"line":12,"column":13},"end":{"line":12,"column":30}}},"fnMap":{"0":{"name":"(anonymous_0)","decl":{"start":{"line":12,"column":30},"end":{"line":12,"column":31}},"loc":{"start":{"line":20,"column":5},"end":{"line":68,"column":1}}},"1":{"name":"(anonymous_1)","decl":{"start":{"line":21,"column":28},"end":{"line":21,"column":29}},"loc":{"start":{"line":21,"column":71},"end":{"line":23,"column":3}}},"2":{"name":"(anonymous_2)","decl":{"start":{"line":30,"column":20},"end":{"line":30,"column":21}},"loc":{"start":{"line":30,"column":35},"end":{"line":30,"column":59}}}},"branchMap":{},"s":{"0":1,"1":1,"2":1,"3":1,"4":27,"5":9,"6":27,"7":3,"8":1},"f":{"0":27,"1":9,"2":3},"b":{}}
,"/Users/carlosadrianomiranda/projetos/dietreino-front/src/pages/users/components/gymWorkout/activeWorkout/exerciseSetEdit/ActiveWorkoutExerciseSet.tsx": {"path":"/Users/carlosadrianomiranda/projetos/dietreino-front/src/pages/users/components/gymWorkout/activeWorkout/exerciseSetEdit/ActiveWorkoutExerciseSet.tsx","statementMap":{"0":{"start":{"line":1,"column":0},"end":{"line":1,"column":33}},"1":{"start":{"line":2,"column":0},"end":{"line":2,"column":32}},"2":{"start":{"line":3,"column":0},"end":{"line":3,"column":37}},"3":{"start":{"line":4,"column":0},"end":{"line":4,"column":39}},"4":{"start":{"line":6,"column":0},"end":{"line":6,"column":75}},"5":{"start":{"line":7,"column":0},"end":{"line":7,"column":74}},"6":{"start":{"line":8,"column":0},"end":{"line":8,"column":66}},"7":{"start":{"line":9,"column":0},"end":{"line":9,"column":78}},"8":{"start":{"line":10,"column":0},"end":{"line":10,"column":null}},"9":{"start":{"line":14,"column":0},"end":{"line":14,"column":61}},"10":{"start":{"line":15,"column":0},"end":{"line":15,"column":65}},"11":{"start":{"line":16,"column":0},"end":{"line":16,"column":80}},"12":{"start":{"line":17,"column":0},"end":{"line":17,"column":66}},"13":{"start":{"line":18,"column":0},"end":{"line":18,"column":64}},"14":{"start":{"line":20,"column":33},"end":{"line":175,"column":1}},"15":{"start":{"line":28,"column":4},"end":{"line":28,"column":46}},"16":{"start":{"line":29,"column":36},"end":{"line":29,"column":51}},"17":{"start":{"line":30,"column":32},"end":{"line":30,"column":43}},"18":{"start":{"line":31,"column":32},"end":{"line":31,"column":65}},"19":{"start":{"line":32,"column":33},"end":{"line":32,"column":56}},"20":{"start":{"line":33,"column":59},"end":{"line":33,"column":74}},"21":{"start":{"line":35,"column":24},"end":{"line":51,"column":3}},"22":{"start":{"line":36,"column":4},"end":{"line":39,"column":5}},"23":{"start":{"line":37,"column":6},"end":{"line":37,"column":25}},"24":{"start":{"line":38,"column":6},"end":{"line":38,"column":13}},"25":{"start":{"line":41,"column":4},"end":{"line":50,"column":15}},"26":{"start":{"line":43,"column":8},"end":{"line":48,"column":9}},"27":{"start":{"line":44,"column":10},"end":{"line":44,"column":55}},"28":{"start":{"line":46,"column":10},"end":{"line":46,"column":38}},"29":{"start":{"line":47,"column":10},"end":{"line":47,"column":30}},"30":{"start":{"line":53,"column":26},"end":{"line":57,"column":3}},"31":{"start":{"line":54,"column":4},"end":{"line":56,"column":6}},"32":{"start":{"line":59,"column":31},"end":{"line":65,"column":3}},"33":{"start":{"line":63,"column":4},"end":{"line":63,"column":40}},"34":{"start":{"line":64,"column":4},"end":{"line":64,"column":80}},"35":{"start":{"line":67,"column":28},"end":{"line":90,"column":3}},"36":{"start":{"line":68,"column":4},"end":{"line":77,"column":5}},"37":{"start":{"line":69,"column":24},"end":{"line":70,"column":null}},"38":{"start":{"line":70,"column":20},"end":{"line":70,"column":38}},"39":{"start":{"line":72,"column":6},"end":{"line":75,"column":9}},"40":{"start":{"line":76,"column":6},"end":{"line":76,"column":13}},"41":{"start":{"line":79,"column":4},"end":{"line":89,"column":59}},"42":{"start":{"line":81,"column":8},"end":{"line":86,"column":11}},"43":{"start":{"line":84,"column":23},"end":{"line":84,"column":43}},"44":{"start":{"line":87,"column":8},"end":{"line":87,"column":54}},"45":{"start":{"line":89,"column":19},"end":{"line":89,"column":57}},"46":{"start":{"line":92,"column":28},"end":{"line":111,"column":3}},"47":{"start":{"line":93,"column":21},"end":{"line":96,"column":18}},"48":{"start":{"line":97,"column":21},"end":{"line":104,"column":23}},"49":{"start":{"line":106,"column":4},"end":{"line":109,"column":7}},"50":{"start":{"line":110,"column":4},"end":{"line":110,"column":17}},"51":{"start":{"line":113,"column":2},"end":{"line":174,"column":4}},"52":{"start":{"line":130,"column":31},"end":{"line":130,"column":77}},"53":{"start":{"line":149,"column":12},"end":{"line":150,"column":null}},"54":{"start":{"line":152,"column":41},"end":{"line":152,"column":79}},"55":{"start":{"line":170,"column":27},"end":{"line":170,"column":73}},"56":{"start":{"line":177,"column":9},"end":{"line":177,"column":33}}},"fnMap":{"0":{"name":"(anonymous_0)","decl":{"start":{"line":20,"column":33},"end":{"line":20,"column":34}},"loc":{"start":{"line":26,"column":5},"end":{"line":175,"column":1}}},"1":{"name":"(anonymous_1)","decl":{"start":{"line":35,"column":24},"end":{"line":35,"column":27}},"loc":{"start":{"line":35,"column":29},"end":{"line":51,"column":3}}},"2":{"name":"(anonymous_2)","decl":{"start":{"line":42,"column":12},"end":{"line":42,"column":13}},"loc":{"start":{"line":42,"column":20},"end":{"line":49,"column":7}}},"3":{"name":"(anonymous_3)","decl":{"start":{"line":53,"column":26},"end":{"line":53,"column":27}},"loc":{"start":{"line":53,"column":76},"end":{"line":57,"column":3}}},"4":{"name":"(anonymous_4)","decl":{"start":{"line":59,"column":31},"end":{"line":59,"column":null}},"loc":{"start":{"line":62,"column":6},"end":{"line":65,"column":3}}},"5":{"name":"(anonymous_5)","decl":{"start":{"line":67,"column":28},"end":{"line":67,"column":29}},"loc":{"start":{"line":67,"column":69},"end":{"line":90,"column":3}}},"6":{"name":"(anonymous_6)","decl":{"start":{"line":70,"column":8},"end":{"line":70,"column":9}},"loc":{"start":{"line":70,"column":20},"end":{"line":70,"column":38}}},"7":{"name":"(anonymous_7)","decl":{"start":{"line":80,"column":12},"end":{"line":80,"column":15}},"loc":{"start":{"line":80,"column":17},"end":{"line":88,"column":7}}},"8":{"name":"(anonymous_8)","decl":{"start":{"line":84,"column":12},"end":{"line":84,"column":13}},"loc":{"start":{"line":84,"column":23},"end":{"line":84,"column":43}}},"9":{"name":"(anonymous_9)","decl":{"start":{"line":89,"column":13},"end":{"line":89,"column":16}},"loc":{"start":{"line":89,"column":19},"end":{"line":89,"column":57}}},"10":{"name":"(anonymous_10)","decl":{"start":{"line":92,"column":28},"end":{"line":92,"column":31}},"loc":{"start":{"line":92,"column":33},"end":{"line":111,"column":3}}},"11":{"name":"(anonymous_11)","decl":{"start":{"line":130,"column":24},"end":{"line":130,"column":25}},"loc":{"start":{"line":130,"column":31},"end":{"line":130,"column":77}}},"12":{"name":"(anonymous_12)","decl":{"start":{"line":148,"column":45},"end":{"line":148,"column":46}},"loc":{"start":{"line":149,"column":12},"end":{"line":150,"column":null}}},"13":{"name":"(anonymous_13)","decl":{"start":{"line":152,"column":28},"end":{"line":152,"column":29}},"loc":{"start":{"line":152,"column":41},"end":{"line":152,"column":79}}},"14":{"name":"(anonymous_14)","decl":{"start":{"line":170,"column":20},"end":{"line":170,"column":21}},"loc":{"start":{"line":170,"column":27},"end":{"line":170,"column":73}}}},"branchMap":{"0":{"loc":{"start":{"line":36,"column":4},"end":{"line":39,"column":5}},"type":"if","locations":[{"start":{"line":36,"column":4},"end":{"line":39,"column":5}}]},"1":{"loc":{"start":{"line":43,"column":8},"end":{"line":48,"column":9}},"type":"if","locations":[{"start":{"line":43,"column":8},"end":{"line":48,"column":9}},{"start":{"line":45,"column":15},"end":{"line":48,"column":9}}]},"2":{"loc":{"start":{"line":68,"column":4},"end":{"line":77,"column":5}},"type":"if","locations":[{"start":{"line":68,"column":4},"end":{"line":77,"column":5}}]},"3":{"loc":{"start":{"line":100,"column":12},"end":{"line":100,"column":37}},"type":"binary-expr","locations":[{"start":{"line":100,"column":12},"end":{"line":100,"column":30}},{"start":{"line":100,"column":34},"end":{"line":100,"column":37}}]},"4":{"loc":{"start":{"line":101,"column":19},"end":{"line":101,"column":51}},"type":"binary-expr","locations":[{"start":{"line":101,"column":19},"end":{"line":101,"column":44}},{"start":{"line":101,"column":48},"end":{"line":101,"column":51}}]},"5":{"loc":{"start":{"line":102,"column":14},"end":{"line":102,"column":41}},"type":"binary-expr","locations":[{"start":{"line":102,"column":14},"end":{"line":102,"column":34}},{"start":{"line":102,"column":38},"end":{"line":102,"column":41}}]},"6":{"loc":{"start":{"line":124,"column":11},"end":{"line":133,"column":null}},"type":"cond-expr","locations":[{"start":{"line":125,"column":12},"end":{"line":130,"column":null}},{"start":{"line":133,"column":12},"end":{"line":133,"column":62}}]},"7":{"loc":{"start":{"line":141,"column":20},"end":{"line":141,"column":42}},"type":"cond-expr","locations":[{"start":{"line":141,"column":32},"end":{"line":141,"column":36}},{"start":{"line":141,"column":39},"end":{"line":141,"column":42}}]},"8":{"loc":{"start":{"line":142,"column":27},"end":{"line":142,"column":64}},"type":"cond-expr","locations":[{"start":{"line":142,"column":39},"end":{"line":142,"column":50}},{"start":{"line":142,"column":53},"end":{"line":142,"column":64}}]},"9":{"loc":{"start":{"line":155,"column":11},"end":{"line":160,"column":null}},"type":"binary-expr","locations":[{"start":{"line":155,"column":11},"end":{"line":155,"column":20}},{"start":{"line":156,"column":12},"end":{"line":159,"column":null}}]}},"s":{"0":1,"1":1,"2":1,"3":1,"4":1,"5":1,"6":1,"7":1,"8":1,"9":1,"10":1,"11":1,"12":1,"13":1,"14":1,"15":38,"16":38,"17":38,"18":38,"19":38,"20":38,"21":38,"22":10,"23":8,"24":8,"25":2,"26":2,"27":0,"28":2,"29":2,"30":38,"31":2,"32":38,"33":0,"34":0,"35":38,"36":2,"37":1,"38":2,"39":1,"40":1,"41":1,"42":1,"43":1,"44":1,"45":0,"46":38,"47":3,"48":3,"49":3,"50":3,"51":38,"52":1,"53":41,"54":2,"55":1,"56":1},"f":{"0":38,"1":10,"2":2,"3":2,"4":0,"5":2,"6":2,"7":1,"8":1,"9":0,"10":3,"11":1,"12":41,"13":2,"14":1},"b":{"0":[8],"1":[0,2],"2":[1],"3":[3,0],"4":[3,0],"5":[3,0],"6":[27,11],"7":[27,11],"8":[27,11],"9":[38,27]}}
,"/Users/carlosadrianomiranda/projetos/dietreino-front/src/pages/users/components/gymWorkout/activeWorkout/exerciseSetEdit/ActiveWorkoutExerciseSetup.tsx": {"path":"/Users/carlosadrianomiranda/projetos/dietreino-front/src/pages/users/components/gymWorkout/activeWorkout/exerciseSetEdit/ActiveWorkoutExerciseSetup.tsx","statementMap":{"0":{"start":{"line":1,"column":0},"end":{"line":1,"column":35}},"1":{"start":{"line":3,"column":0},"end":{"line":3,"column":66}},"2":{"start":{"line":4,"column":0},"end":{"line":4,"column":90}},"3":{"start":{"line":5,"column":0},"end":{"line":5,"column":67}},"4":{"start":{"line":7,"column":18},"end":{"line":51,"column":1}},"5":{"start":{"line":18,"column":63},"end":{"line":19,"column":null}},"6":{"start":{"line":22,"column":25},"end":{"line":24,"column":3}},"7":{"start":{"line":23,"column":4},"end":{"line":23,"column":60}},"8":{"start":{"line":26,"column":22},"end":{"line":48,"column":3}},"9":{"start":{"line":27,"column":15},"end":{"line":27,"column":39}},"10":{"start":{"line":28,"column":4},"end":{"line":38,"column":5}},"11":{"start":{"line":29,"column":6},"end":{"line":37,"column":8}},"12":{"start":{"line":40,"column":4},"end":{"line":47,"column":6}},"13":{"start":{"line":44,"column":10},"end":{"line":44,"column":48}},"14":{"start":{"line":50,"column":2},"end":{"line":50,"column":69}},"15":{"start":{"line":53,"column":35},"end":{"line":85,"column":1}},"16":{"start":{"line":66,"column":6},"end":{"line":66,"column":11}},"17":{"start":{"line":67,"column":24},"end":{"line":67,"column":59}},"18":{"start":{"line":69,"column":2},"end":{"line":84,"column":4}},"19":{"start":{"line":79,"column":29},"end":{"line":79,"column":50}},"20":{"start":{"line":87,"column":9},"end":{"line":87,"column":35}}},"fnMap":{"0":{"name":"(anonymous_0)","decl":{"start":{"line":7,"column":18},"end":{"line":7,"column":19}},"loc":{"start":{"line":17,"column":5},"end":{"line":51,"column":1}}},"1":{"name":"(anonymous_1)","decl":{"start":{"line":22,"column":25},"end":{"line":22,"column":26}},"loc":{"start":{"line":22,"column":68},"end":{"line":24,"column":3}}},"2":{"name":"(anonymous_2)","decl":{"start":{"line":26,"column":22},"end":{"line":26,"column":25}},"loc":{"start":{"line":26,"column":27},"end":{"line":48,"column":3}}},"3":{"name":"(anonymous_3)","decl":{"start":{"line":43,"column":18},"end":{"line":43,"column":19}},"loc":{"start":{"line":43,"column":32},"end":{"line":45,"column":9}}},"4":{"name":"(anonymous_4)","decl":{"start":{"line":53,"column":35},"end":{"line":53,"column":36}},"loc":{"start":{"line":59,"column":5},"end":{"line":85,"column":1}}},"5":{"name":"(anonymous_5)","decl":{"start":{"line":79,"column":23},"end":{"line":79,"column":26}},"loc":{"start":{"line":79,"column":29},"end":{"line":79,"column":50}}}},"branchMap":{"0":{"loc":{"start":{"line":28,"column":4},"end":{"line":38,"column":5}},"type":"if","locations":[{"start":{"line":28,"column":4},"end":{"line":38,"column":5}}]},"1":{"loc":{"start":{"line":50,"column":14},"end":{"line":50,"column":62}},"type":"cond-expr","locations":[{"start":{"line":50,"column":26},"end":{"line":50,"column":39}},{"start":{"line":50,"column":42},"end":{"line":50,"column":62}}]},"2":{"loc":{"start":{"line":75,"column":7},"end":{"line":81,"column":null}},"type":"binary-expr","locations":[{"start":{"line":75,"column":7},"end":{"line":75,"column":16}},{"start":{"line":76,"column":8},"end":{"line":80,"column":null}}]}},"s":{"0":1,"1":1,"2":1,"3":1,"4":1,"5":164,"6":164,"7":0,"8":164,"9":116,"10":116,"11":87,"12":29,"13":0,"14":164,"15":1,"16":41,"17":41,"18":41,"19":2,"20":1},"f":{"0":164,"1":0,"2":116,"3":0,"4":41,"5":2},"b":{"0":[87],"1":[116,48],"2":[41,29]}}
,"/Users/carlosadrianomiranda/projetos/dietreino-front/src/pages/users/components/gymWorkout/activeWorkout/utils/ExerciseSetTable.tsx": {"path":"/Users/carlosadrianomiranda/projetos/dietreino-front/src/pages/users/components/gymWorkout/activeWorkout/utils/ExerciseSetTable.tsx","statementMap":{"0":{"start":{"line":3,"column":32},"end":{"line":22,"column":null}},"1":{"start":{"line":7,"column":2},"end":{"line":21,"column":null}},"2":{"start":{"line":15,"column":12},"end":{"line":15,"column":25}},"3":{"start":{"line":3,"column":13},"end":{"line":3,"column":32}}},"fnMap":{"0":{"name":"(anonymous_0)","decl":{"start":{"line":3,"column":32},"end":{"line":3,"column":33}},"loc":{"start":{"line":7,"column":2},"end":{"line":21,"column":null}}},"1":{"name":"(anonymous_1)","decl":{"start":{"line":14,"column":51},"end":{"line":14,"column":52}},"loc":{"start":{"line":15,"column":12},"end":{"line":15,"column":25}}}},"branchMap":{"0":{"loc":{"start":{"line":17,"column":11},"end":{"line":17,"column":37}},"type":"binary-expr","locations":[{"start":{"line":17,"column":11},"end":{"line":17,"column":24}},{"start":{"line":17,"column":28},"end":{"line":17,"column":37}}]}},"s":{"0":1,"1":38,"2":152,"3":1},"f":{"0":38,"1":152},"b":{"0":[38,27]}}
,"/Users/carlosadrianomiranda/projetos/dietreino-front/src/pages/users/components/gymWorkout/activeWorkout/utils/ExerciseSetWrapper.tsx": {"path":"/Users/carlosadrianomiranda/projetos/dietreino-front/src/pages/users/components/gymWorkout/activeWorkout/utils/ExerciseSetWrapper.tsx","statementMap":{"0":{"start":{"line":3,"column":34},"end":{"line":6,"column":null}},"1":{"start":{"line":4,"column":2},"end":{"line":5,"column":null}},"2":{"start":{"line":3,"column":13},"end":{"line":3,"column":34}}},"fnMap":{"0":{"name":"(anonymous_0)","decl":{"start":{"line":3,"column":34},"end":{"line":3,"column":35}},"loc":{"start":{"line":4,"column":2},"end":{"line":5,"column":null}}}},"branchMap":{},"s":{"0":1,"1":38,"2":1},"f":{"0":38},"b":{}}
,"/Users/carlosadrianomiranda/projetos/dietreino-front/src/pages/users/components/gymWorkout/activeWorkout/utils/RemoveRowDeleteIcon.tsx": {"path":"/Users/carlosadrianomiranda/projetos/dietreino-front/src/pages/users/components/gymWorkout/activeWorkout/utils/RemoveRowDeleteIcon.tsx","statementMap":{"0":{"start":{"line":1,"column":0},"end":{"line":1,"column":37}},"1":{"start":{"line":2,"column":0},"end":{"line":2,"column":66}},"2":{"start":{"line":3,"column":0},"end":{"line":3,"column":71}},"3":{"start":{"line":5,"column":35},"end":{"line":41,"column":1}},"4":{"start":{"line":15,"column":4},"end":{"line":21,"column":null}},"5":{"start":{"line":25,"column":2},"end":{"line":27,"column":3}},"6":{"start":{"line":26,"column":4},"end":{"line":26,"column":24}},"7":{"start":{"line":29,"column":2},"end":{"line":40,"column":4}},"8":{"start":{"line":5,"column":13},"end":{"line":5,"column":35}}},"fnMap":{"0":{"name":"(anonymous_0)","decl":{"start":{"line":5,"column":35},"end":{"line":5,"column":36}},"loc":{"start":{"line":13,"column":55},"end":{"line":41,"column":1}}}},"branchMap":{"0":{"loc":{"start":{"line":25,"column":2},"end":{"line":27,"column":3}},"type":"if","locations":[{"start":{"line":25,"column":2},"end":{"line":27,"column":3}}]}},"s":{"0":1,"1":1,"2":1,"3":1,"4":29,"5":29,"6":0,"7":29,"8":1},"f":{"0":29},"b":{"0":[0]}}
,"/Users/carlosadrianomiranda/projetos/dietreino-front/src/pages/users/components/gymWorkout/activeWorkout/utils/tests.tsx": {"path":"/Users/carlosadrianomiranda/projetos/dietreino-front/src/pages/users/components/gymWorkout/activeWorkout/utils/tests.tsx","statementMap":{"0":{"start":{"line":1,"column":0},"end":{"line":1,"column":65}},"1":{"start":{"line":3,"column":0},"end":{"line":3,"column":62}},"2":{"start":{"line":4,"column":0},"end":{"line":4,"column":57}},"3":{"start":{"line":5,"column":0},"end":{"line":5,"column":48}},"4":{"start":{"line":7,"column":28},"end":{"line":19,"column":1}},"5":{"start":{"line":8,"column":2},"end":{"line":10,"column":5}},"6":{"start":{"line":11,"column":2},"end":{"line":11,"column":56}},"7":{"start":{"line":12,"column":2},"end":{"line":12,"column":59}},"8":{"start":{"line":13,"column":2},"end":{"line":13,"column":52}},"9":{"start":{"line":15,"column":2},"end":{"line":15,"column":74}},"10":{"start":{"line":17,"column":21},"end":{"line":17,"column":60}},"11":{"start":{"line":18,"column":2},"end":{"line":18,"column":30}},"12":{"start":{"line":7,"column":13},"end":{"line":7,"column":28}},"13":{"start":{"line":21,"column":33},"end":{"line":37,"column":1}},"14":{"start":{"line":25,"column":15},"end":{"line":25,"column":48}},"15":{"start":{"line":26,"column":19},"end":{"line":26,"column":36}},"16":{"start":{"line":27,"column":2},"end":{"line":29,"column":30}},"17":{"start":{"line":30,"column":2},"end":{"line":32,"column":35}},"18":{"start":{"line":33,"column":2},"end":{"line":35,"column":4}},"19":{"start":{"line":36,"column":2},"end":{"line":36,"column":73}},"20":{"start":{"line":21,"column":13},"end":{"line":21,"column":33}},"21":{"start":{"line":39,"column":33},"end":{"line":51,"column":1}},"22":{"start":{"line":40,"column":14},"end":{"line":40,"column":51}},"23":{"start":{"line":41,"column":2},"end":{"line":41,"column":32}},"24":{"start":{"line":43,"column":2},"end":{"line":43,"column":46}},"25":{"start":{"line":44,"column":2},"end":{"line":44,"column":32}},"26":{"start":{"line":46,"column":2},"end":{"line":46,"column":46}},"27":{"start":{"line":47,"column":2},"end":{"line":47,"column":32}},"28":{"start":{"line":49,"column":23},"end":{"line":49,"column":54}},"29":{"start":{"line":50,"column":2},"end":{"line":50,"column":64}},"30":{"start":{"line":39,"column":13},"end":{"line":39,"column":33}},"31":{"start":{"line":53,"column":31},"end":{"line":60,"column":1}},"32":{"start":{"line":54,"column":2},"end":{"line":54,"column":62}},"33":{"start":{"line":55,"column":17},"end":{"line":56,"column":null}},"34":{"start":{"line":58,"column":2},"end":{"line":58,"column":26}},"35":{"start":{"line":59,"column":2},"end":{"line":59,"column":16}},"36":{"start":{"line":53,"column":13},"end":{"line":53,"column":31}}},"fnMap":{"0":{"name":"(anonymous_0)","decl":{"start":{"line":7,"column":28},"end":{"line":7,"column":33}},"loc":{"start":{"line":7,"column":74},"end":{"line":19,"column":1}}},"1":{"name":"(anonymous_1)","decl":{"start":{"line":21,"column":33},"end":{"line":21,"column":38}},"loc":{"start":{"line":24,"column":4},"end":{"line":37,"column":1}}},"2":{"name":"(anonymous_2)","decl":{"start":{"line":39,"column":33},"end":{"line":39,"column":38}},"loc":{"start":{"line":39,"column":44},"end":{"line":51,"column":1}}},"3":{"name":"(anonymous_3)","decl":{"start":{"line":53,"column":31},"end":{"line":53,"column":32}},"loc":{"start":{"line":53,"column":58},"end":{"line":60,"column":1}}}},"branchMap":{"0":{"loc":{"start":{"line":23,"column":2},"end":{"line":23,"column":9}},"type":"default-arg","locations":[{"start":{"line":23,"column":8},"end":{"line":23,"column":9}}]}},"s":{"0":1,"1":1,"2":1,"3":1,"4":1,"5":3,"6":3,"7":3,"8":3,"9":3,"10":3,"11":3,"12":1,"13":1,"14":2,"15":2,"16":2,"17":2,"18":2,"19":2,"20":1,"21":1,"22":2,"23":2,"24":2,"25":2,"26":2,"27":2,"28":2,"29":2,"30":1,"31":1,"32":7,"33":7,"34":7,"35":7,"36":1},"f":{"0":3,"1":2,"2":2,"3":7},"b":{"0":[1]}}
,"/Users/carlosadrianomiranda/projetos/dietreino-front/src/pages/users/hooks/useExerciseAutocomplete.ts": {"path":"/Users/carlosadrianomiranda/projetos/dietreino-front/src/pages/users/hooks/useExerciseAutocomplete.ts","statementMap":{"0":{"start":{"line":1,"column":0},"end":{"line":1,"column":31}},"1":{"start":{"line":2,"column":0},"end":{"line":2,"column":55}},"2":{"start":{"line":6,"column":32},"end":{"line":33,"column":1}},"3":{"start":{"line":7,"column":37},"end":{"line":10,"column":4}},"4":{"start":{"line":11,"column":20},"end":{"line":11,"column":55}},"5":{"start":{"line":13,"column":24},"end":{"line":18,"column":3}},"6":{"start":{"line":14,"column":4},"end":{"line":17,"column":5}},"7":{"start":{"line":15,"column":6},"end":{"line":15,"column":38}},"8":{"start":{"line":16,"column":6},"end":{"line":16,"column":31}},"9":{"start":{"line":20,"column":28},"end":{"line":30,"column":3}},"10":{"start":{"line":21,"column":4},"end":{"line":21,"column":20}},"11":{"start":{"line":23,"column":4},"end":{"line":29,"column":13}},"12":{"start":{"line":24,"column":6},"end":{"line":26,"column":7}},"13":{"start":{"line":25,"column":8},"end":{"line":25,"column":15}},"14":{"start":{"line":28,"column":6},"end":{"line":28,"column":26}},"15":{"start":{"line":32,"column":2},"end":{"line":32,"column":55}},"16":{"start":{"line":35,"column":0},"end":{"line":35,"column":39}}},"fnMap":{"0":{"name":"(anonymous_0)","decl":{"start":{"line":6,"column":32},"end":{"line":6,"column":35}},"loc":{"start":{"line":6,"column":37},"end":{"line":33,"column":1}}},"1":{"name":"(anonymous_1)","decl":{"start":{"line":13,"column":24},"end":{"line":13,"column":27}},"loc":{"start":{"line":13,"column":29},"end":{"line":18,"column":3}}},"2":{"name":"(anonymous_2)","decl":{"start":{"line":20,"column":28},"end":{"line":20,"column":29}},"loc":{"start":{"line":20,"column":45},"end":{"line":30,"column":3}}},"3":{"name":"(anonymous_3)","decl":{"start":{"line":23,"column":35},"end":{"line":23,"column":40}},"loc":{"start":{"line":23,"column":46},"end":{"line":29,"column":5}}}},"branchMap":{"0":{"loc":{"start":{"line":14,"column":4},"end":{"line":17,"column":5}},"type":"if","locations":[{"start":{"line":14,"column":4},"end":{"line":17,"column":5}}]},"1":{"loc":{"start":{"line":24,"column":6},"end":{"line":26,"column":7}},"type":"if","locations":[{"start":{"line":24,"column":6},"end":{"line":26,"column":7}}]}},"s":{"0":1,"1":1,"2":1,"3":79,"4":79,"5":79,"6":9,"7":6,"8":6,"9":79,"10":9,"11":9,"12":5,"13":2,"14":3,"15":79,"16":1},"f":{"0":79,"1":9,"2":9,"3":5},"b":{"0":[6],"1":[2]}}
,"/Users/carlosadrianomiranda/projetos/dietreino-front/src/pages/users/hooks/useRemoveSetupFromSet.ts": {"path":"/Users/carlosadrianomiranda/projetos/dietreino-front/src/pages/users/hooks/useRemoveSetupFromSet.ts","statementMap":{"0":{"start":{"line":1,"column":0},"end":{"line":1,"column":36}},"1":{"start":{"line":3,"column":37},"end":{"line":13,"column":1}},"2":{"start":{"line":4,"column":18},"end":{"line":6,"column":4}},"3":{"start":{"line":8,"column":29},"end":{"line":10,"column":3}},"4":{"start":{"line":9,"column":4},"end":{"line":9,"column":67}},"5":{"start":{"line":12,"column":2},"end":{"line":12,"column":32}},"6":{"start":{"line":3,"column":13},"end":{"line":3,"column":37}}},"fnMap":{"0":{"name":"(anonymous_0)","decl":{"start":{"line":3,"column":37},"end":{"line":3,"column":40}},"loc":{"start":{"line":3,"column":42},"end":{"line":13,"column":1}}},"1":{"name":"(anonymous_1)","decl":{"start":{"line":8,"column":29},"end":{"line":8,"column":30}},"loc":{"start":{"line":8,"column":64},"end":{"line":10,"column":3}}}},"branchMap":{},"s":{"0":1,"1":1,"2":38,"3":38,"4":1,"5":38,"6":1},"f":{"0":38,"1":1},"b":{}}
,"/Users/carlosadrianomiranda/projetos/dietreino-front/src/pages/users/hooks/useSetupState.ts": {"path":"/Users/carlosadrianomiranda/projetos/dietreino-front/src/pages/users/hooks/useSetupState.ts","statementMap":{"0":{"start":{"line":1,"column":0},"end":{"line":1,"column":33}},"1":{"start":{"line":5,"column":32},"end":{"line":12,"column":2}},"2":{"start":{"line":14,"column":29},"end":{"line":66,"column":1}},"3":{"start":{"line":15,"column":44},"end":{"line":17,"column":4}},"4":{"start":{"line":18,"column":30},"end":{"line":18,"column":54}},"5":{"start":{"line":20,"column":28},"end":{"line":33,"column":3}},"6":{"start":{"line":21,"column":4},"end":{"line":32,"column":5}},"7":{"start":{"line":22,"column":6},"end":{"line":26,"column":9}},"8":{"start":{"line":27,"column":11},"end":{"line":32,"column":5}},"9":{"start":{"line":28,"column":6},"end":{"line":31,"column":9}},"10":{"start":{"line":35,"column":21},"end":{"line":37,"column":3}},"11":{"start":{"line":36,"column":4},"end":{"line":36,"column":43}},"12":{"start":{"line":39,"column":22},"end":{"line":41,"column":3}},"13":{"start":{"line":40,"column":4},"end":{"line":40,"column":18}},"14":{"start":{"line":43,"column":25},"end":{"line":51,"column":3}},"15":{"start":{"line":44,"column":4},"end":{"line":44,"column":42}},"16":{"start":{"line":44,"column":35},"end":{"line":44,"column":42}},"17":{"start":{"line":45,"column":4},"end":{"line":45,"column":38}},"18":{"start":{"line":45,"column":31},"end":{"line":45,"column":38}},"19":{"start":{"line":46,"column":4},"end":{"line":46,"column":43}},"20":{"start":{"line":46,"column":36},"end":{"line":46,"column":43}},"21":{"start":{"line":47,"column":4},"end":{"line":47,"column":36}},"22":{"start":{"line":47,"column":29},"end":{"line":47,"column":36}},"23":{"start":{"line":49,"column":4},"end":{"line":49,"column":42}},"24":{"start":{"line":50,"column":4},"end":{"line":50,"column":17}},"25":{"start":{"line":53,"column":38},"end":{"line":55,"column":3}},"26":{"start":{"line":54,"column":4},"end":{"line":54,"column":73}},"27":{"start":{"line":54,"column":39},"end":{"line":54,"column":70}},"28":{"start":{"line":57,"column":2},"end":{"line":65,"column":4}},"29":{"start":{"line":14,"column":13},"end":{"line":14,"column":29}}},"fnMap":{"0":{"name":"(anonymous_0)","decl":{"start":{"line":14,"column":29},"end":{"line":14,"column":32}},"loc":{"start":{"line":14,"column":34},"end":{"line":66,"column":1}}},"1":{"name":"(anonymous_1)","decl":{"start":{"line":20,"column":28},"end":{"line":20,"column":29}},"loc":{"start":{"line":20,"column":57},"end":{"line":33,"column":3}}},"2":{"name":"(anonymous_2)","decl":{"start":{"line":35,"column":21},"end":{"line":35,"column":24}},"loc":{"start":{"line":35,"column":26},"end":{"line":37,"column":3}}},"3":{"name":"(anonymous_3)","decl":{"start":{"line":39,"column":22},"end":{"line":39,"column":25}},"loc":{"start":{"line":39,"column":27},"end":{"line":41,"column":3}}},"4":{"name":"(anonymous_4)","decl":{"start":{"line":43,"column":25},"end":{"line":43,"column":28}},"loc":{"start":{"line":43,"column":30},"end":{"line":51,"column":3}}},"5":{"name":"(anonymous_5)","decl":{"start":{"line":53,"column":38},"end":{"line":53,"column":39}},"loc":{"start":{"line":53,"column":61},"end":{"line":55,"column":3}}},"6":{"name":"(anonymous_6)","decl":{"start":{"line":54,"column":28},"end":{"line":54,"column":29}},"loc":{"start":{"line":54,"column":39},"end":{"line":54,"column":70}}}},"branchMap":{"0":{"loc":{"start":{"line":21,"column":4},"end":{"line":32,"column":5}},"type":"if","locations":[{"start":{"line":21,"column":4},"end":{"line":32,"column":5}},{"start":{"line":27,"column":11},"end":{"line":32,"column":5}}]},"1":{"loc":{"start":{"line":27,"column":11},"end":{"line":32,"column":5}},"type":"if","locations":[{"start":{"line":27,"column":11},"end":{"line":32,"column":5}}]},"2":{"loc":{"start":{"line":27,"column":15},"end":{"line":27,"column":40}},"type":"binary-expr","locations":[{"start":{"line":27,"column":15},"end":{"line":27,"column":25}},{"start":{"line":27,"column":29},"end":{"line":27,"column":40}}]},"3":{"loc":{"start":{"line":44,"column":4},"end":{"line":44,"column":42}},"type":"if","locations":[{"start":{"line":44,"column":4},"end":{"line":44,"column":42}}]},"4":{"loc":{"start":{"line":45,"column":4},"end":{"line":45,"column":38}},"type":"if","locations":[{"start":{"line":45,"column":4},"end":{"line":45,"column":38}}]},"5":{"loc":{"start":{"line":46,"column":4},"end":{"line":46,"column":43}},"type":"if","locations":[{"start":{"line":46,"column":4},"end":{"line":46,"column":43}}]},"6":{"loc":{"start":{"line":47,"column":4},"end":{"line":47,"column":36}},"type":"if","locations":[{"start":{"line":47,"column":4},"end":{"line":47,"column":36}}]}},"s":{"0":1,"1":1,"2":1,"3":38,"4":38,"5":38,"6":12,"7":3,"8":9,"9":9,"10":38,"11":3,"12":38,"13":0,"14":38,"15":0,"16":0,"17":0,"18":0,"19":0,"20":0,"21":0,"22":0,"23":0,"24":0,"25":38,"26":0,"27":0,"28":38,"29":1},"f":{"0":38,"1":12,"2":3,"3":0,"4":0,"5":0,"6":0},"b":{"0":[3,9],"1":[9],"2":[9,9],"3":[0],"4":[0],"5":[0],"6":[0]}}
,"/Users/carlosadrianomiranda/projetos/dietreino-front/src/pages/users/hooks/useUpdateExerciseSet.tsx": {"path":"/Users/carlosadrianomiranda/projetos/dietreino-front/src/pages/users/hooks/useUpdateExerciseSet.tsx","statementMap":{"0":{"start":{"line":2,"column":0},"end":{"line":2,"column":51}},"1":{"start":{"line":4,"column":36},"end":{"line":27,"column":1}},"2":{"start":{"line":5,"column":18},"end":{"line":8,"column":4}},"3":{"start":{"line":10,"column":28},"end":{"line":24,"column":3}},"4":{"start":{"line":11,"column":26},"end":{"line":21,"column":6}},"5":{"start":{"line":13,"column":71},"end":{"line":20,"column":8}},"6":{"start":{"line":23,"column":4},"end":{"line":23,"column":30}},"7":{"start":{"line":26,"column":2},"end":{"line":26,"column":31}},"8":{"start":{"line":4,"column":13},"end":{"line":4,"column":36}}},"fnMap":{"0":{"name":"(anonymous_0)","decl":{"start":{"line":4,"column":36},"end":{"line":4,"column":37}},"loc":{"start":{"line":4,"column":65},"end":{"line":27,"column":1}}},"1":{"name":"(anonymous_1)","decl":{"start":{"line":10,"column":28},"end":{"line":10,"column":29}},"loc":{"start":{"line":10,"column":57},"end":{"line":24,"column":3}}},"2":{"name":"(anonymous_2)","decl":{"start":{"line":13,"column":59},"end":{"line":13,"column":60}},"loc":{"start":{"line":13,"column":71},"end":{"line":20,"column":8}}}},"branchMap":{},"s":{"0":1,"1":1,"2":38,"3":38,"4":2,"5":3,"6":2,"7":38,"8":1},"f":{"0":38,"1":2,"2":3},"b":{}}
,"/Users/carlosadrianomiranda/projetos/dietreino-front/src/utils/testUtils.ts": {"path":"/Users/carlosadrianomiranda/projetos/dietreino-front/src/utils/testUtils.ts","statementMap":{"0":{"start":{"line":1,"column":0},"end":{"line":1,"column":66}},"1":{"start":{"line":5,"column":18},"end":{"line":5,"column":50}},"2":{"start":{"line":6,"column":4},"end":{"line":6,"column":36}},"3":{"start":{"line":10,"column":18},"end":{"line":10,"column":58}},"4":{"start":{"line":11,"column":4},"end":{"line":11,"column":51}},"5":{"start":{"line":15,"column":4},"end":{"line":15,"column":55}},"6":{"start":{"line":23,"column":25},"end":{"line":23,"column":66}},"7":{"start":{"line":24,"column":4},"end":{"line":26,"column":7}},"8":{"start":{"line":27,"column":4},"end":{"line":29,"column":7}},"9":{"start":{"line":30,"column":4},"end":{"line":35,"column":6}},"10":{"start":{"line":32,"column":8},"end":{"line":32,"column":52}},"11":{"start":{"line":36,"column":20},"end":{"line":36,"column":70}},"12":{"start":{"line":37,"column":4},"end":{"line":37,"column":32}},"13":{"start":{"line":3,"column":0},"end":{"line":3,"column":13}}},"fnMap":{"0":{"name":"(anonymous_0)","decl":{"start":{"line":4,"column":2},"end":{"line":4,"column":8}},"loc":{"start":{"line":4,"column":66},"end":{"line":7,"column":3}}},"1":{"name":"(anonymous_1)","decl":{"start":{"line":9,"column":2},"end":{"line":9,"column":8}},"loc":{"start":{"line":9,"column":63},"end":{"line":12,"column":3}}},"2":{"name":"(anonymous_2)","decl":{"start":{"line":14,"column":2},"end":{"line":14,"column":8}},"loc":{"start":{"line":14,"column":43},"end":{"line":16,"column":3}}},"3":{"name":"(anonymous_3)","decl":{"start":{"line":18,"column":2},"end":{"line":18,"column":8}},"loc":{"start":{"line":21,"column":22},"end":{"line":38,"column":3}}},"4":{"name":"(anonymous_4)","decl":{"start":{"line":31,"column":6},"end":{"line":31,"column":9}},"loc":{"start":{"line":31,"column":11},"end":{"line":33,"column":7}}}},"branchMap":{},"s":{"0":1,"1":0,"2":0,"3":9,"4":9,"5":6,"6":3,"7":3,"8":3,"9":3,"10":62,"11":3,"12":3,"13":1},"f":{"0":0,"1":9,"2":6,"3":3,"4":62},"b":{}}
,"/Users/carlosadrianomiranda/projetos/dietreino-front/src/utils/useDoFetch.ts": {"path":"/Users/carlosadrianomiranda/projetos/dietreino-front/src/utils/useDoFetch.ts","statementMap":{"0":{"start":{"line":1,"column":0},"end":{"line":1,"column":33}},"1":{"start":{"line":2,"column":0},"end":{"line":2,"column":62}},"2":{"start":{"line":4,"column":19},"end":{"line":39,"column":1}},"3":{"start":{"line":9,"column":28},"end":{"line":9,"column":67}},"4":{"start":{"line":10,"column":26},"end":{"line":10,"column":60}},"5":{"start":{"line":11,"column":32},"end":{"line":11,"column":47}},"6":{"start":{"line":13,"column":18},"end":{"line":13,"column":60}},"7":{"start":{"line":15,"column":18},"end":{"line":36,"column":3}},"8":{"start":{"line":16,"column":4},"end":{"line":16,"column":21}},"9":{"start":{"line":17,"column":4},"end":{"line":35,"column":7}},"10":{"start":{"line":20,"column":7},"end":{"line":34,"column":11}},"11":{"start":{"line":22,"column":10},"end":{"line":22,"column":28}},"12":{"start":{"line":23,"column":10},"end":{"line":29,"column":11}},"13":{"start":{"line":24,"column":12},"end":{"line":24,"column":25}},"14":{"start":{"line":25,"column":12},"end":{"line":25,"column":25}},"15":{"start":{"line":27,"column":12},"end":{"line":27,"column":32}},"16":{"start":{"line":28,"column":12},"end":{"line":28,"column":34}},"17":{"start":{"line":33,"column":10},"end":{"line":33,"column":28}},"18":{"start":{"line":38,"column":2},"end":{"line":38,"column":52}},"19":{"start":{"line":41,"column":9},"end":{"line":41,"column":19}}},"fnMap":{"0":{"name":"(anonymous_0)","decl":{"start":{"line":4,"column":19},"end":{"line":4,"column":23}},"loc":{"start":{"line":8,"column":5},"end":{"line":39,"column":1}}},"1":{"name":"(anonymous_1)","decl":{"start":{"line":15,"column":18},"end":{"line":15,"column":19}},"loc":{"start":{"line":15,"column":47},"end":{"line":36,"column":3}}},"2":{"name":"(anonymous_2)","decl":{"start":{"line":17,"column":26},"end":{"line":17,"column":27}},"loc":{"start":{"line":17,"column":46},"end":{"line":35,"column":5}}},"3":{"name":"(anonymous_3)","decl":{"start":{"line":21,"column":14},"end":{"line":21,"column":15}},"loc":{"start":{"line":21,"column":22},"end":{"line":30,"column":9}}},"4":{"name":"(anonymous_4)","decl":{"start":{"line":32,"column":17},"end":{"line":32,"column":20}},"loc":{"start":{"line":32,"column":22},"end":{"line":34,"column":9}}}},"branchMap":{"0":{"loc":{"start":{"line":23,"column":10},"end":{"line":29,"column":11}},"type":"if","locations":[{"start":{"line":23,"column":10},"end":{"line":29,"column":11}},{"start":{"line":26,"column":17},"end":{"line":29,"column":11}}]}},"s":{"0":1,"1":1,"2":1,"3":79,"4":79,"5":79,"6":79,"7":79,"8":3,"9":3,"10":3,"11":3,"12":3,"13":3,"14":3,"15":0,"16":0,"17":3,"18":79,"19":1},"f":{"0":79,"1":3,"2":3,"3":3,"4":3},"b":{"0":[3,0]}}
}
