{"/Users/carlosadrianomiranda/projetos/dietreino-front/src/components/icons/AngleRight.tsx": {"path":"/Users/carlosadrianomiranda/projetos/dietreino-front/src/components/icons/AngleRight.tsx","statementMap":{"0":{"start":{"line":1,"column":26},"end":{"line":8,"column":1}},"1":{"start":{"line":3,"column":2},"end":{"line":7,"column":4}},"2":{"start":{"line":1,"column":13},"end":{"line":1,"column":26}}},"fnMap":{"0":{"name":"(anonymous_0)","decl":{"start":{"line":1,"column":26},"end":{"line":1,"column":27}},"loc":{"start":{"line":1,"column":66},"end":{"line":8,"column":1}}}},"branchMap":{},"s":{"0":2,"1":0,"2":2},"f":{"0":0},"b":{}}
,"/Users/carlosadrianomiranda/projetos/dietreino-front/src/components/icons/ArrowBack.tsx": {"path":"/Users/carlosadrianomiranda/projetos/dietreino-front/src/components/icons/ArrowBack.tsx","statementMap":{"0":{"start":{"line":1,"column":25},"end":{"line":8,"column":1}},"1":{"start":{"line":3,"column":2},"end":{"line":7,"column":4}},"2":{"start":{"line":1,"column":13},"end":{"line":1,"column":25}}},"fnMap":{"0":{"name":"(anonymous_0)","decl":{"start":{"line":1,"column":25},"end":{"line":1,"column":26}},"loc":{"start":{"line":1,"column":65},"end":{"line":8,"column":1}}}},"branchMap":{},"s":{"0":2,"1":18,"2":2},"f":{"0":18},"b":{}}
,"/Users/carlosadrianomiranda/projetos/dietreino-front/src/components/icons/Ban.tsx": {"path":"/Users/carlosadrianomiranda/projetos/dietreino-front/src/components/icons/Ban.tsx","statementMap":{"0":{"start":{"line":1,"column":19},"end":{"line":8,"column":1}},"1":{"start":{"line":3,"column":2},"end":{"line":7,"column":4}},"2":{"start":{"line":1,"column":13},"end":{"line":1,"column":19}}},"fnMap":{"0":{"name":"(anonymous_0)","decl":{"start":{"line":1,"column":19},"end":{"line":1,"column":20}},"loc":{"start":{"line":1,"column":59},"end":{"line":8,"column":1}}}},"branchMap":{},"s":{"0":2,"1":9,"2":2},"f":{"0":9},"b":{}}
,"/Users/carlosadrianomiranda/projetos/dietreino-front/src/components/icons/Capsules.tsx": {"path":"/Users/carlosadrianomiranda/projetos/dietreino-front/src/components/icons/Capsules.tsx","statementMap":{"0":{"start":{"line":1,"column":24},"end":{"line":8,"column":1}},"1":{"start":{"line":3,"column":2},"end":{"line":7,"column":4}},"2":{"start":{"line":1,"column":13},"end":{"line":1,"column":24}}},"fnMap":{"0":{"name":"(anonymous_0)","decl":{"start":{"line":1,"column":24},"end":{"line":1,"column":27}},"loc":{"start":{"line":1,"column":29},"end":{"line":8,"column":1}}}},"branchMap":{},"s":{"0":2,"1":0,"2":2},"f":{"0":0},"b":{}}
,"/Users/carlosadrianomiranda/projetos/dietreino-front/src/components/icons/Check.tsx": {"path":"/Users/carlosadrianomiranda/projetos/dietreino-front/src/components/icons/Check.tsx","statementMap":{"0":{"start":{"line":1,"column":21},"end":{"line":8,"column":1}},"1":{"start":{"line":3,"column":2},"end":{"line":7,"column":4}},"2":{"start":{"line":1,"column":13},"end":{"line":1,"column":21}}},"fnMap":{"0":{"name":"(anonymous_0)","decl":{"start":{"line":1,"column":21},"end":{"line":1,"column":22}},"loc":{"start":{"line":1,"column":61},"end":{"line":8,"column":1}}}},"branchMap":{},"s":{"0":2,"1":36,"2":2},"f":{"0":36},"b":{}}
,"/Users/carlosadrianomiranda/projetos/dietreino-front/src/components/icons/CircleQuestion.tsx": {"path":"/Users/carlosadrianomiranda/projetos/dietreino-front/src/components/icons/CircleQuestion.tsx","statementMap":{"0":{"start":{"line":1,"column":30},"end":{"line":8,"column":1}},"1":{"start":{"line":3,"column":2},"end":{"line":7,"column":4}},"2":{"start":{"line":1,"column":13},"end":{"line":1,"column":30}}},"fnMap":{"0":{"name":"(anonymous_0)","decl":{"start":{"line":1,"column":30},"end":{"line":1,"column":33}},"loc":{"start":{"line":1,"column":35},"end":{"line":8,"column":1}}}},"branchMap":{},"s":{"0":2,"1":0,"2":2},"f":{"0":0},"b":{}}
,"/Users/carlosadrianomiranda/projetos/dietreino-front/src/components/icons/Clipboard.tsx": {"path":"/Users/carlosadrianomiranda/projetos/dietreino-front/src/components/icons/Clipboard.tsx","statementMap":{"0":{"start":{"line":1,"column":25},"end":{"line":8,"column":1}},"1":{"start":{"line":3,"column":2},"end":{"line":7,"column":4}},"2":{"start":{"line":1,"column":13},"end":{"line":1,"column":25}}},"fnMap":{"0":{"name":"(anonymous_0)","decl":{"start":{"line":1,"column":25},"end":{"line":1,"column":28}},"loc":{"start":{"line":1,"column":30},"end":{"line":8,"column":1}}}},"branchMap":{},"s":{"0":2,"1":0,"2":2},"f":{"0":0},"b":{}}
,"/Users/carlosadrianomiranda/projetos/dietreino-front/src/components/icons/ClockRotateLeft.tsx": {"path":"/Users/carlosadrianomiranda/projetos/dietreino-front/src/components/icons/ClockRotateLeft.tsx","statementMap":{"0":{"start":{"line":1,"column":31},"end":{"line":8,"column":1}},"1":{"start":{"line":3,"column":2},"end":{"line":7,"column":4}},"2":{"start":{"line":1,"column":13},"end":{"line":1,"column":31}}},"fnMap":{"0":{"name":"(anonymous_0)","decl":{"start":{"line":1,"column":31},"end":{"line":1,"column":34}},"loc":{"start":{"line":1,"column":36},"end":{"line":8,"column":1}}}},"branchMap":{},"s":{"0":2,"1":0,"2":2},"f":{"0":0},"b":{}}
,"/Users/carlosadrianomiranda/projetos/dietreino-front/src/components/icons/Comments.tsx": {"path":"/Users/carlosadrianomiranda/projetos/dietreino-front/src/components/icons/Comments.tsx","statementMap":{"0":{"start":{"line":1,"column":24},"end":{"line":8,"column":3}},"1":{"start":{"line":3,"column":4},"end":{"line":7,"column":6}},"2":{"start":{"line":1,"column":13},"end":{"line":1,"column":24}}},"fnMap":{"0":{"name":"(anonymous_0)","decl":{"start":{"line":1,"column":24},"end":{"line":1,"column":27}},"loc":{"start":{"line":1,"column":29},"end":{"line":8,"column":3}}}},"branchMap":{},"s":{"0":2,"1":0,"2":2},"f":{"0":0},"b":{}}
,"/Users/carlosadrianomiranda/projetos/dietreino-front/src/components/icons/Dumbbell.tsx": {"path":"/Users/carlosadrianomiranda/projetos/dietreino-front/src/components/icons/Dumbbell.tsx","statementMap":{"0":{"start":{"line":1,"column":24},"end":{"line":8,"column":1}},"1":{"start":{"line":3,"column":2},"end":{"line":7,"column":4}},"2":{"start":{"line":1,"column":13},"end":{"line":1,"column":24}}},"fnMap":{"0":{"name":"(anonymous_0)","decl":{"start":{"line":1,"column":24},"end":{"line":1,"column":27}},"loc":{"start":{"line":1,"column":29},"end":{"line":8,"column":1}}}},"branchMap":{},"s":{"0":2,"1":0,"2":2},"f":{"0":0},"b":{}}
,"/Users/carlosadrianomiranda/projetos/dietreino-front/src/components/icons/FolderOpen.tsx": {"path":"/Users/carlosadrianomiranda/projetos/dietreino-front/src/components/icons/FolderOpen.tsx","statementMap":{"0":{"start":{"line":1,"column":26},"end":{"line":8,"column":1}},"1":{"start":{"line":3,"column":2},"end":{"line":7,"column":4}},"2":{"start":{"line":1,"column":13},"end":{"line":1,"column":26}}},"fnMap":{"0":{"name":"(anonymous_0)","decl":{"start":{"line":1,"column":26},"end":{"line":1,"column":29}},"loc":{"start":{"line":1,"column":31},"end":{"line":8,"column":1}}}},"branchMap":{},"s":{"0":2,"1":0,"2":2},"f":{"0":0},"b":{}}
,"/Users/carlosadrianomiranda/projetos/dietreino-front/src/components/icons/Inbox.tsx": {"path":"/Users/carlosadrianomiranda/projetos/dietreino-front/src/components/icons/Inbox.tsx","statementMap":{"0":{"start":{"line":1,"column":21},"end":{"line":8,"column":1}},"1":{"start":{"line":3,"column":2},"end":{"line":7,"column":4}},"2":{"start":{"line":1,"column":13},"end":{"line":1,"column":21}}},"fnMap":{"0":{"name":"(anonymous_0)","decl":{"start":{"line":1,"column":21},"end":{"line":1,"column":22}},"loc":{"start":{"line":1,"column":61},"end":{"line":8,"column":1}}}},"branchMap":{},"s":{"0":2,"1":0,"2":2},"f":{"0":0},"b":{}}
,"/Users/carlosadrianomiranda/projetos/dietreino-front/src/components/icons/MagnifyingGlass.tsx": {"path":"/Users/carlosadrianomiranda/projetos/dietreino-front/src/components/icons/MagnifyingGlass.tsx","statementMap":{"0":{"start":{"line":1,"column":31},"end":{"line":8,"column":1}},"1":{"start":{"line":3,"column":2},"end":{"line":7,"column":4}},"2":{"start":{"line":1,"column":13},"end":{"line":1,"column":31}}},"fnMap":{"0":{"name":"(anonymous_0)","decl":{"start":{"line":1,"column":31},"end":{"line":1,"column":32}},"loc":{"start":{"line":1,"column":71},"end":{"line":8,"column":1}}}},"branchMap":{},"s":{"0":2,"1":0,"2":2},"f":{"0":0},"b":{}}
,"/Users/carlosadrianomiranda/projetos/dietreino-front/src/components/icons/Pen.tsx": {"path":"/Users/carlosadrianomiranda/projetos/dietreino-front/src/components/icons/Pen.tsx","statementMap":{"0":{"start":{"line":1,"column":19},"end":{"line":8,"column":1}},"1":{"start":{"line":3,"column":2},"end":{"line":7,"column":4}},"2":{"start":{"line":1,"column":13},"end":{"line":1,"column":19}}},"fnMap":{"0":{"name":"(anonymous_0)","decl":{"start":{"line":1,"column":19},"end":{"line":1,"column":20}},"loc":{"start":{"line":1,"column":59},"end":{"line":8,"column":1}}}},"branchMap":{},"s":{"0":2,"1":11,"2":2},"f":{"0":11},"b":{}}
,"/Users/carlosadrianomiranda/projetos/dietreino-front/src/components/icons/Plus.tsx": {"path":"/Users/carlosadrianomiranda/projetos/dietreino-front/src/components/icons/Plus.tsx","statementMap":{"0":{"start":{"line":1,"column":20},"end":{"line":8,"column":1}},"1":{"start":{"line":3,"column":2},"end":{"line":7,"column":4}},"2":{"start":{"line":1,"column":13},"end":{"line":1,"column":20}}},"fnMap":{"0":{"name":"(anonymous_0)","decl":{"start":{"line":1,"column":20},"end":{"line":1,"column":21}},"loc":{"start":{"line":1,"column":60},"end":{"line":8,"column":1}}}},"branchMap":{},"s":{"0":2,"1":18,"2":2},"f":{"0":18},"b":{}}
,"/Users/carlosadrianomiranda/projetos/dietreino-front/src/components/icons/Save.tsx": {"path":"/Users/carlosadrianomiranda/projetos/dietreino-front/src/components/icons/Save.tsx","statementMap":{"0":{"start":{"line":1,"column":20},"end":{"line":8,"column":1}},"1":{"start":{"line":3,"column":2},"end":{"line":7,"column":4}},"2":{"start":{"line":1,"column":13},"end":{"line":1,"column":20}}},"fnMap":{"0":{"name":"(anonymous_0)","decl":{"start":{"line":1,"column":20},"end":{"line":1,"column":21}},"loc":{"start":{"line":1,"column":60},"end":{"line":8,"column":1}}}},"branchMap":{},"s":{"0":2,"1":36,"2":2},"f":{"0":36},"b":{}}
,"/Users/carlosadrianomiranda/projetos/dietreino-front/src/components/icons/UserLarge.tsx": {"path":"/Users/carlosadrianomiranda/projetos/dietreino-front/src/components/icons/UserLarge.tsx","statementMap":{"0":{"start":{"line":1,"column":24},"end":{"line":8,"column":1}},"1":{"start":{"line":3,"column":2},"end":{"line":7,"column":4}},"2":{"start":{"line":1,"column":13},"end":{"line":1,"column":24}}},"fnMap":{"0":{"name":"(anonymous_0)","decl":{"start":{"line":1,"column":24},"end":{"line":1,"column":27}},"loc":{"start":{"line":1,"column":29},"end":{"line":8,"column":1}}}},"branchMap":{},"s":{"0":2,"1":0,"2":2},"f":{"0":0},"b":{}}
,"/Users/carlosadrianomiranda/projetos/dietreino-front/src/components/icons/Utensils.tsx": {"path":"/Users/carlosadrianomiranda/projetos/dietreino-front/src/components/icons/Utensils.tsx","statementMap":{"0":{"start":{"line":1,"column":24},"end":{"line":8,"column":1}},"1":{"start":{"line":3,"column":2},"end":{"line":7,"column":4}},"2":{"start":{"line":1,"column":13},"end":{"line":1,"column":24}}},"fnMap":{"0":{"name":"(anonymous_0)","decl":{"start":{"line":1,"column":24},"end":{"line":1,"column":27}},"loc":{"start":{"line":1,"column":29},"end":{"line":8,"column":1}}}},"branchMap":{},"s":{"0":2,"1":0,"2":2},"f":{"0":0},"b":{}}
,"/Users/carlosadrianomiranda/projetos/dietreino-front/src/components/icons/Xmark.tsx": {"path":"/Users/carlosadrianomiranda/projetos/dietreino-front/src/components/icons/Xmark.tsx","statementMap":{"0":{"start":{"line":1,"column":21},"end":{"line":8,"column":1}},"1":{"start":{"line":3,"column":2},"end":{"line":7,"column":4}},"2":{"start":{"line":1,"column":13},"end":{"line":1,"column":21}}},"fnMap":{"0":{"name":"(anonymous_0)","decl":{"start":{"line":1,"column":21},"end":{"line":1,"column":22}},"loc":{"start":{"line":1,"column":61},"end":{"line":8,"column":1}}}},"branchMap":{},"s":{"0":2,"1":31,"2":2},"f":{"0":31},"b":{}}
,"/Users/carlosadrianomiranda/projetos/dietreino-front/src/components/icons/index.tsx": {"path":"/Users/carlosadrianomiranda/projetos/dietreino-front/src/components/icons/index.tsx","statementMap":{"0":{"start":{"line":2,"column":0},"end":{"line":2,"column":33}},"1":{"start":{"line":6,"column":0},"end":{"line":6,"column":33}},"2":{"start":{"line":7,"column":0},"end":{"line":7,"column":27}},"3":{"start":{"line":8,"column":0},"end":{"line":8,"column":27}},"4":{"start":{"line":9,"column":0},"end":{"line":9,"column":29}},"5":{"start":{"line":10,"column":0},"end":{"line":10,"column":28}},"6":{"start":{"line":11,"column":0},"end":{"line":11,"column":27}},"7":{"start":{"line":12,"column":0},"end":{"line":12,"column":34}},"8":{"start":{"line":13,"column":0},"end":{"line":13,"column":27}},"9":{"start":{"line":14,"column":0},"end":{"line":14,"column":28}},"10":{"start":{"line":15,"column":0},"end":{"line":15,"column":34}},"11":{"start":{"line":16,"column":0},"end":{"line":16,"column":23}},"12":{"start":{"line":17,"column":0},"end":{"line":17,"column":24}},"13":{"start":{"line":18,"column":0},"end":{"line":18,"column":28}},"14":{"start":{"line":19,"column":0},"end":{"line":19,"column":22}},"15":{"start":{"line":20,"column":0},"end":{"line":20,"column":29}},"16":{"start":{"line":21,"column":0},"end":{"line":21,"column":23}},"17":{"start":{"line":22,"column":0},"end":{"line":22,"column":22}},"18":{"start":{"line":23,"column":0},"end":{"line":23,"column":24}},"19":{"start":{"line":24,"column":0},"end":{"line":24,"column":24}},"20":{"start":{"line":26,"column":26},"end":{"line":43,"column":1}},"21":{"start":{"line":34,"column":20},"end":{"line":34,"column":36}},"22":{"start":{"line":35,"column":18},"end":{"line":35,"column":25}},"23":{"start":{"line":37,"column":21},"end":{"line":37,"column":33}},"24":{"start":{"line":38,"column":2},"end":{"line":40,"column":3}},"25":{"start":{"line":39,"column":4},"end":{"line":39,"column":27}},"26":{"start":{"line":42,"column":2},"end":{"line":42,"column":45}},"27":{"start":{"line":26,"column":13},"end":{"line":26,"column":26}}},"fnMap":{"0":{"name":"(anonymous_4)","decl":{"start":{"line":26,"column":26},"end":{"line":26,"column":27}},"loc":{"start":{"line":33,"column":42},"end":{"line":43,"column":1}}}},"branchMap":{"0":{"loc":{"start":{"line":38,"column":2},"end":{"line":40,"column":3}},"type":"if","locations":[{"start":{"line":38,"column":2},"end":{"line":40,"column":3}}]}},"s":{"0":2,"1":2,"2":2,"3":2,"4":2,"5":2,"6":2,"7":2,"8":2,"9":2,"10":2,"11":2,"12":2,"13":2,"14":2,"15":2,"16":2,"17":2,"18":2,"19":2,"20":2,"21":159,"22":159,"23":159,"24":159,"25":159,"26":159,"27":2},"f":{"0":159},"b":{"0":[159]}}
,"/Users/carlosadrianomiranda/projetos/dietreino-front/src/mocks/imageMock.ts": {"path":"/Users/carlosadrianomiranda/projetos/dietreino-front/src/mocks/imageMock.ts","statementMap":{"0":{"start":{"line":1,"column":0},"end":{"line":1,"column":20}}},"fnMap":{},"branchMap":{},"s":{"0":2},"f":{},"b":{}}
,"/Users/carlosadrianomiranda/projetos/dietreino-front/src/pages/users/components/UserEntryLayoutt.tsx": {"path":"/Users/carlosadrianomiranda/projetos/dietreino-front/src/pages/users/components/UserEntryLayoutt.tsx","statementMap":{"0":{"start":{"line":1,"column":0},"end":{"line":1,"column":54}},"1":{"start":{"line":2,"column":0},"end":{"line":2,"column":37}},"2":{"start":{"line":3,"column":0},"end":{"line":3,"column":66}},"3":{"start":{"line":4,"column":0},"end":{"line":4,"column":52}},"4":{"start":{"line":6,"column":19},"end":{"line":30,"column":1}},"5":{"start":{"line":10,"column":2},"end":{"line":29,"column":4}},"6":{"start":{"line":38,"column":26},"end":{"line":38,"column":36}},"7":{"start":{"line":32,"column":24},"end":{"line":36,"column":1}},"8":{"start":{"line":33,"column":23},"end":{"line":33,"column":50}},"9":{"start":{"line":35,"column":2},"end":{"line":35,"column":77}},"10":{"start":{"line":35,"column":37},"end":{"line":35,"column":51}},"11":{"start":{"line":38,"column":9},"end":{"line":38,"column":24}}},"fnMap":{"0":{"name":"(anonymous_0)","decl":{"start":{"line":6,"column":19},"end":{"line":6,"column":20}},"loc":{"start":{"line":9,"column":50},"end":{"line":30,"column":1}}},"1":{"name":"(anonymous_1)","decl":{"start":{"line":32,"column":24},"end":{"line":32,"column":25}},"loc":{"start":{"line":32,"column":60},"end":{"line":36,"column":1}}},"2":{"name":"(anonymous_2)","decl":{"start":{"line":35,"column":31},"end":{"line":35,"column":34}},"loc":{"start":{"line":35,"column":37},"end":{"line":35,"column":51}}}},"branchMap":{},"s":{"0":1,"1":1,"2":1,"3":1,"4":1,"5":18,"6":1,"7":1,"8":18,"9":18,"10":0,"11":1},"f":{"0":18,"1":18,"2":0},"b":{}}
,"/Users/carlosadrianomiranda/projetos/dietreino-front/src/pages/users/components/UserPageContext.tsx": {"path":"/Users/carlosadrianomiranda/projetos/dietreino-front/src/pages/users/components/UserPageContext.tsx","statementMap":{"0":{"start":{"line":1,"column":0},"end":{"line":1,"column":38}},"1":{"start":{"line":4,"column":0},"end":{"line":4,"column":null}},"2":{"start":{"line":5,"column":2},"end":{"line":5,"column":null}},"3":{"start":{"line":6,"column":2},"end":{"line":6,"column":null}},"4":{"start":{"line":7,"column":2},"end":{"line":7,"column":null}},"5":{"start":{"line":10,"column":24},"end":{"line":15,"column":2}},"6":{"start":{"line":17,"column":9},"end":{"line":17,"column":24}}},"fnMap":{"0":{"name":"(anonymous_0)","decl":{"start":{"line":4,"column":0},"end":{"line":4,"column":5}},"loc":{"start":{"line":4,"column":12},"end":{"line":8,"column":1}}},"1":{"name":"(anonymous_1)","decl":{"start":{"line":14,"column":12},"end":{"line":14,"column":15}},"loc":{"start":{"line":14,"column":17},"end":{"line":14,"column":20}}}},"branchMap":{"0":{"loc":{"start":{"line":4,"column":5},"end":{"line":4,"column":null}},"type":"binary-expr","locations":[{"start":{"line":4,"column":5},"end":{"line":4,"column":12}},{"start":{"line":4,"column":12},"end":{"line":4,"column":null}}]}},"s":{"0":1,"1":1,"2":1,"3":1,"4":1,"5":1,"6":1},"f":{"0":1,"1":0},"b":{"0":[1,1]}}
,"/Users/carlosadrianomiranda/projetos/dietreino-front/src/pages/users/components/exerciseAutocomplete/ExerciseAutocomplete.tsx": {"path":"/Users/carlosadrianomiranda/projetos/dietreino-front/src/pages/users/components/exerciseAutocomplete/ExerciseAutocomplete.tsx","statementMap":{"0":{"start":{"line":1,"column":0},"end":{"line":1,"column":44}},"1":{"start":{"line":2,"column":0},"end":{"line":2,"column":73}},"2":{"start":{"line":3,"column":0},"end":{"line":3,"column":74}},"3":{"start":{"line":5,"column":36},"end":{"line":42,"column":1}},"4":{"start":{"line":13,"column":41},"end":{"line":13,"column":66}},"5":{"start":{"line":14,"column":42},"end":{"line":14,"column":57}},"6":{"start":{"line":16,"column":2},"end":{"line":18,"column":14}},"7":{"start":{"line":17,"column":4},"end":{"line":17,"column":27}},"8":{"start":{"line":20,"column":2},"end":{"line":41,"column":4}},"9":{"start":{"line":30,"column":8},"end":{"line":30,"column":41}},"10":{"start":{"line":31,"column":8},"end":{"line":31,"column":38}},"11":{"start":{"line":34,"column":8},"end":{"line":34,"column":34}},"12":{"start":{"line":35,"column":8},"end":{"line":35,"column":33}},"13":{"start":{"line":36,"column":8},"end":{"line":38,"column":9}},"14":{"start":{"line":37,"column":10},"end":{"line":37,"column":40}},"15":{"start":{"line":5,"column":13},"end":{"line":5,"column":36}}},"fnMap":{"0":{"name":"(anonymous_0)","decl":{"start":{"line":5,"column":36},"end":{"line":5,"column":37}},"loc":{"start":{"line":12,"column":5},"end":{"line":42,"column":1}}},"1":{"name":"(anonymous_1)","decl":{"start":{"line":16,"column":12},"end":{"line":16,"column":15}},"loc":{"start":{"line":16,"column":17},"end":{"line":18,"column":3}}},"2":{"name":"(anonymous_2)","decl":{"start":{"line":29,"column":16},"end":{"line":29,"column":17}},"loc":{"start":{"line":29,"column":64},"end":{"line":32,"column":7}}},"3":{"name":"(anonymous_3)","decl":{"start":{"line":33,"column":16},"end":{"line":33,"column":17}},"loc":{"start":{"line":33,"column":42},"end":{"line":39,"column":7}}}},"branchMap":{"0":{"loc":{"start":{"line":8,"column":2},"end":{"line":8,"column":12}},"type":"default-arg","locations":[{"start":{"line":8,"column":10},"end":{"line":8,"column":12}}]},"1":{"loc":{"start":{"line":36,"column":8},"end":{"line":38,"column":9}},"type":"if","locations":[{"start":{"line":36,"column":8},"end":{"line":38,"column":9}}]}},"s":{"0":2,"1":2,"2":2,"3":2,"4":94,"5":94,"6":94,"7":28,"8":94,"9":4,"10":4,"11":12,"12":12,"13":12,"14":12,"15":2},"f":{"0":94,"1":28,"2":4,"3":12},"b":{"0":[0],"1":[12]}}
,"/Users/carlosadrianomiranda/projetos/dietreino-front/src/pages/users/components/gymWorkout/NewWorkoutModal.tsx": {"path":"/Users/carlosadrianomiranda/projetos/dietreino-front/src/pages/users/components/gymWorkout/NewWorkoutModal.tsx","statementMap":{"0":{"start":{"line":1,"column":0},"end":{"line":1,"column":51}},"1":{"start":{"line":2,"column":0},"end":{"line":2,"column":37}},"2":{"start":{"line":3,"column":0},"end":{"line":3,"column":35}},"3":{"start":{"line":4,"column":0},"end":{"line":4,"column":31}},"4":{"start":{"line":5,"column":0},"end":{"line":5,"column":31}},"5":{"start":{"line":6,"column":0},"end":{"line":6,"column":46}},"6":{"start":{"line":8,"column":0},"end":{"line":8,"column":31}},"7":{"start":{"line":9,"column":0},"end":{"line":9,"column":66}},"8":{"start":{"line":19,"column":55},"end":{"line":22,"column":1}},"9":{"start":{"line":21,"column":2},"end":{"line":21,"column":53}},"10":{"start":{"line":24,"column":31},"end":{"line":130,"column":1}},"11":{"start":{"line":30,"column":28},"end":{"line":30,"column":33}},"12":{"start":{"line":31,"column":17},"end":{"line":31,"column":46}},"13":{"start":{"line":32,"column":31},"end":{"line":32,"column":52}},"14":{"start":{"line":34,"column":33},"end":{"line":43,"column":3}},"15":{"start":{"line":35,"column":23},"end":{"line":40,"column":6}},"16":{"start":{"line":41,"column":17},"end":{"line":41,"column":61}},"17":{"start":{"line":41,"column":57},"end":{"line":41,"column":60}},"18":{"start":{"line":42,"column":4},"end":{"line":42,"column":15}},"19":{"start":{"line":45,"column":2},"end":{"line":129,"column":4}},"20":{"start":{"line":24,"column":13},"end":{"line":24,"column":31}}},"fnMap":{"0":{"name":"(anonymous_0)","decl":{"start":{"line":19,"column":55},"end":{"line":19,"column":56}},"loc":{"start":{"line":19,"column":67},"end":{"line":22,"column":1}}},"1":{"name":"(anonymous_1)","decl":{"start":{"line":24,"column":31},"end":{"line":24,"column":null}},"loc":{"start":{"line":29,"column":4},"end":{"line":130,"column":1}}},"2":{"name":"(anonymous_2)","decl":{"start":{"line":34,"column":33},"end":{"line":34,"column":38}},"loc":{"start":{"line":34,"column":61},"end":{"line":43,"column":3}}},"3":{"name":"(anonymous_3)","decl":{"start":{"line":41,"column":48},"end":{"line":41,"column":49}},"loc":{"start":{"line":41,"column":57},"end":{"line":41,"column":60}}}},"branchMap":{"0":{"loc":{"start":{"line":21,"column":9},"end":{"line":21,"column":52}},"type":"binary-expr","locations":[{"start":{"line":21,"column":9},"end":{"line":21,"column":16}},{"start":{"line":21,"column":20},"end":{"line":21,"column":52}}]}},"s":{"0":1,"1":1,"2":1,"3":1,"4":1,"5":1,"6":1,"7":1,"8":1,"9":536,"10":1,"11":5,"12":5,"13":5,"14":5,"15":2,"16":2,"17":2,"18":2,"19":5,"20":1},"f":{"0":536,"1":5,"2":2,"3":2},"b":{"0":[536,536]}}
,"/Users/carlosadrianomiranda/projetos/dietreino-front/src/pages/users/components/gymWorkout/UserGymPlan.tsx": {"path":"/Users/carlosadrianomiranda/projetos/dietreino-front/src/pages/users/components/gymWorkout/UserGymPlan.tsx","statementMap":{"0":{"start":{"line":1,"column":0},"end":{"line":1,"column":32}},"1":{"start":{"line":2,"column":0},"end":{"line":2,"column":64}},"2":{"start":{"line":3,"column":0},"end":{"line":3,"column":54}},"3":{"start":{"line":4,"column":0},"end":{"line":4,"column":45}},"4":{"start":{"line":5,"column":0},"end":{"line":5,"column":37}},"5":{"start":{"line":6,"column":0},"end":{"line":6,"column":70}},"6":{"start":{"line":7,"column":0},"end":{"line":7,"column":89}},"7":{"start":{"line":8,"column":0},"end":{"line":8,"column":78}},"8":{"start":{"line":9,"column":0},"end":{"line":9,"column":53}},"9":{"start":{"line":10,"column":0},"end":{"line":10,"column":52}},"10":{"start":{"line":13,"column":20},"end":{"line":89,"column":1}},"11":{"start":{"line":14,"column":19},"end":{"line":14,"column":46}},"12":{"start":{"line":15,"column":34},"end":{"line":15,"column":49}},"13":{"start":{"line":16,"column":38},"end":{"line":16,"column":53}},"14":{"start":{"line":18,"column":4},"end":{"line":18,"column":37}},"15":{"start":{"line":20,"column":20},"end":{"line":27,"column":3}},"16":{"start":{"line":21,"column":4},"end":{"line":24,"column":5}},"17":{"start":{"line":22,"column":6},"end":{"line":22,"column":24}},"18":{"start":{"line":23,"column":6},"end":{"line":23,"column":13}},"19":{"start":{"line":26,"column":4},"end":{"line":26,"column":24}},"20":{"start":{"line":29,"column":24},"end":{"line":32,"column":3}},"21":{"start":{"line":30,"column":4},"end":{"line":30,"column":30}},"22":{"start":{"line":31,"column":4},"end":{"line":31,"column":25}},"23":{"start":{"line":34,"column":2},"end":{"line":88,"column":4}},"24":{"start":{"line":53,"column":26},"end":{"line":53,"column":46}},"25":{"start":{"line":66,"column":32},"end":{"line":66,"column":50}},"26":{"start":{"line":91,"column":9},"end":{"line":91,"column":20}}},"fnMap":{"0":{"name":"(anonymous_0)","decl":{"start":{"line":13,"column":20},"end":{"line":13,"column":23}},"loc":{"start":{"line":13,"column":25},"end":{"line":89,"column":1}}},"1":{"name":"(anonymous_1)","decl":{"start":{"line":20,"column":20},"end":{"line":20,"column":23}},"loc":{"start":{"line":20,"column":25},"end":{"line":27,"column":3}}},"2":{"name":"(anonymous_2)","decl":{"start":{"line":29,"column":24},"end":{"line":29,"column":25}},"loc":{"start":{"line":29,"column":45},"end":{"line":32,"column":3}}},"3":{"name":"(anonymous_3)","decl":{"start":{"line":53,"column":20},"end":{"line":53,"column":23}},"loc":{"start":{"line":53,"column":26},"end":{"line":53,"column":46}}},"4":{"name":"(anonymous_4)","decl":{"start":{"line":66,"column":26},"end":{"line":66,"column":29}},"loc":{"start":{"line":66,"column":32},"end":{"line":66,"column":50}}}},"branchMap":{"0":{"loc":{"start":{"line":21,"column":4},"end":{"line":24,"column":5}},"type":"if","locations":[{"start":{"line":21,"column":4},"end":{"line":24,"column":5}}]},"1":{"loc":{"start":{"line":49,"column":19},"end":{"line":49,"column":58}},"type":"cond-expr","locations":[{"start":{"line":49,"column":35},"end":{"line":49,"column":47}},{"start":{"line":49,"column":50},"end":{"line":49,"column":58}}]},"2":{"loc":{"start":{"line":51,"column":7},"end":{"line":56,"column":null}},"type":"binary-expr","locations":[{"start":{"line":51,"column":7},"end":{"line":51,"column":17}},{"start":{"line":52,"column":8},"end":{"line":55,"column":null}}]},"3":{"loc":{"start":{"line":58,"column":7},"end":{"line":74,"column":null}},"type":"binary-expr","locations":[{"start":{"line":58,"column":7},"end":{"line":58,"column":20}},{"start":{"line":59,"column":8},"end":{"line":73,"column":null}}]},"4":{"loc":{"start":{"line":62,"column":13},"end":{"line":67,"column":null}},"type":"binary-expr","locations":[{"start":{"line":62,"column":13},"end":{"line":62,"column":21}},{"start":{"line":63,"column":14},"end":{"line":66,"column":null}}]},"5":{"loc":{"start":{"line":76,"column":7},"end":{"line":85,"column":null}},"type":"binary-expr","locations":[{"start":{"line":76,"column":7},"end":{"line":76,"column":21}},{"start":{"line":77,"column":8},"end":{"line":84,"column":null}}]}},"s":{"0":1,"1":1,"2":1,"3":1,"4":1,"5":1,"6":1,"7":1,"8":1,"9":1,"10":1,"11":20,"12":19,"13":19,"14":19,"15":19,"16":5,"17":1,"18":1,"19":4,"20":19,"21":2,"22":2,"23":19,"24":0,"25":1,"26":1},"f":{"0":20,"1":5,"2":2,"3":0,"4":1},"b":{"0":[1],"1":[3,16],"2":[19,6],"3":[19,3],"4":[3,1],"5":[19,16]}}
,"/Users/carlosadrianomiranda/projetos/dietreino-front/src/pages/users/components/gymWorkout/activeWorkout/ActiveWorkoutContext.tsx": {"path":"/Users/carlosadrianomiranda/projetos/dietreino-front/src/pages/users/components/gymWorkout/activeWorkout/ActiveWorkoutContext.tsx","statementMap":{"0":{"start":{"line":1,"column":0},"end":{"line":1,"column":38}},"1":{"start":{"line":3,"column":32},"end":{"line":16,"column":2}},"2":{"start":{"line":18,"column":9},"end":{"line":18,"column":32}}},"fnMap":{"0":{"name":"(anonymous_0)","decl":{"start":{"line":13,"column":16},"end":{"line":13,"column":19}},"loc":{"start":{"line":13,"column":21},"end":{"line":13,"column":24}}},"1":{"name":"(anonymous_1)","decl":{"start":{"line":14,"column":19},"end":{"line":14,"column":22}},"loc":{"start":{"line":14,"column":24},"end":{"line":14,"column":27}}},"2":{"name":"(anonymous_2)","decl":{"start":{"line":15,"column":24},"end":{"line":15,"column":27}},"loc":{"start":{"line":15,"column":29},"end":{"line":15,"column":32}}}},"branchMap":{},"s":{"0":2,"1":2,"2":2},"f":{"0":0,"1":0,"2":0},"b":{}}
,"/Users/carlosadrianomiranda/projetos/dietreino-front/src/pages/users/components/gymWorkout/activeWorkout/ActiveWorkoutPage.tsx": {"path":"/Users/carlosadrianomiranda/projetos/dietreino-front/src/pages/users/components/gymWorkout/activeWorkout/ActiveWorkoutPage.tsx","statementMap":{"0":{"start":{"line":1,"column":0},"end":{"line":1,"column":86}},"1":{"start":{"line":4,"column":0},"end":{"line":4,"column":85}},"2":{"start":{"line":8,"column":26},"end":{"line":44,"column":1}},"3":{"start":{"line":15,"column":36},"end":{"line":15,"column":44}},"4":{"start":{"line":17,"column":2},"end":{"line":17,"column":34}},"5":{"start":{"line":17,"column":22},"end":{"line":17,"column":34}},"6":{"start":{"line":19,"column":2},"end":{"line":35,"column":3}},"7":{"start":{"line":20,"column":4},"end":{"line":34,"column":6}},"8":{"start":{"line":37,"column":2},"end":{"line":43,"column":5}},"9":{"start":{"line":38,"column":4},"end":{"line":39,"column":null}},"10":{"start":{"line":46,"column":9},"end":{"line":46,"column":26}}},"fnMap":{"0":{"name":"(anonymous_0)","decl":{"start":{"line":8,"column":26},"end":{"line":8,"column":27}},"loc":{"start":{"line":14,"column":5},"end":{"line":44,"column":1}}},"1":{"name":"(anonymous_1)","decl":{"start":{"line":15,"column":36},"end":{"line":15,"column":39}},"loc":{"start":{"line":15,"column":41},"end":{"line":15,"column":44}}},"2":{"name":"(anonymous_2)","decl":{"start":{"line":37,"column":40},"end":{"line":37,"column":41}},"loc":{"start":{"line":38,"column":4},"end":{"line":39,"column":null}}}},"branchMap":{"0":{"loc":{"start":{"line":17,"column":2},"end":{"line":17,"column":34}},"type":"if","locations":[{"start":{"line":17,"column":2},"end":{"line":17,"column":34}}]},"1":{"loc":{"start":{"line":19,"column":2},"end":{"line":35,"column":3}},"type":"if","locations":[{"start":{"line":19,"column":2},"end":{"line":35,"column":3}}]},"2":{"loc":{"start":{"line":19,"column":6},"end":{"line":19,"column":57}},"type":"binary-expr","locations":[{"start":{"line":19,"column":6},"end":{"line":19,"column":40}},{"start":{"line":19,"column":44},"end":{"line":19,"column":57}}]}},"s":{"0":2,"1":2,"2":2,"3":14,"4":14,"5":1,"6":13,"7":3,"8":10,"9":9,"10":2},"f":{"0":14,"1":2,"2":9},"b":{"0":[1],"1":[3],"2":[13,4]}}
,"/Users/carlosadrianomiranda/projetos/dietreino-front/src/pages/users/components/gymWorkout/activeWorkout/ativeWorkout.logic.ts": {"path":"/Users/carlosadrianomiranda/projetos/dietreino-front/src/pages/users/components/gymWorkout/activeWorkout/ativeWorkout.logic.ts","statementMap":{"0":{"start":{"line":3,"column":39},"end":{"line":34,"column":1}},"1":{"start":{"line":14,"column":2},"end":{"line":19,"column":3}},"2":{"start":{"line":15,"column":4},"end":{"line":18,"column":6}},"3":{"start":{"line":21,"column":2},"end":{"line":33,"column":4}},"4":{"start":{"line":24,"column":6},"end":{"line":29,"column":7}},"5":{"start":{"line":25,"column":8},"end":{"line":28,"column":10}},"6":{"start":{"line":31,"column":6},"end":{"line":31,"column":19}},"7":{"start":{"line":3,"column":13},"end":{"line":3,"column":39}},"8":{"start":{"line":36,"column":41},"end":{"line":62,"column":1}},"9":{"start":{"line":45,"column":2},"end":{"line":61,"column":4}},"10":{"start":{"line":48,"column":6},"end":{"line":57,"column":7}},"11":{"start":{"line":49,"column":8},"end":{"line":56,"column":10}},"12":{"start":{"line":59,"column":6},"end":{"line":59,"column":19}},"13":{"start":{"line":36,"column":13},"end":{"line":36,"column":41}}},"fnMap":{"0":{"name":"(anonymous_0)","decl":{"start":{"line":3,"column":39},"end":{"line":3,"column":40}},"loc":{"start":{"line":13,"column":5},"end":{"line":34,"column":1}}},"1":{"name":"(anonymous_1)","decl":{"start":{"line":23,"column":57},"end":{"line":23,"column":58}},"loc":{"start":{"line":23,"column":67},"end":{"line":32,"column":5}}},"2":{"name":"(anonymous_2)","decl":{"start":{"line":36,"column":41},"end":{"line":36,"column":42}},"loc":{"start":{"line":44,"column":5},"end":{"line":62,"column":1}}},"3":{"name":"(anonymous_3)","decl":{"start":{"line":47,"column":57},"end":{"line":47,"column":58}},"loc":{"start":{"line":47,"column":67},"end":{"line":60,"column":5}}}},"branchMap":{"0":{"loc":{"start":{"line":14,"column":2},"end":{"line":19,"column":3}},"type":"if","locations":[{"start":{"line":14,"column":2},"end":{"line":19,"column":3}}]},"1":{"loc":{"start":{"line":24,"column":6},"end":{"line":29,"column":7}},"type":"if","locations":[{"start":{"line":24,"column":6},"end":{"line":29,"column":7}}]},"2":{"loc":{"start":{"line":48,"column":6},"end":{"line":57,"column":7}},"type":"if","locations":[{"start":{"line":48,"column":6},"end":{"line":57,"column":7}}]}},"s":{"0":2,"1":2,"2":2,"3":0,"4":0,"5":0,"6":0,"7":2,"8":2,"9":0,"10":0,"11":0,"12":0,"13":2},"f":{"0":2,"1":0,"2":0,"3":0},"b":{"0":[2],"1":[0],"2":[0]}}
,"/Users/carlosadrianomiranda/projetos/dietreino-front/src/pages/users/components/gymWorkout/activeWorkout/exerciseSetAdd/ActiveWorkoutSetAdd.tsx": {"path":"/Users/carlosadrianomiranda/projetos/dietreino-front/src/pages/users/components/gymWorkout/activeWorkout/exerciseSetAdd/ActiveWorkoutSetAdd.tsx","statementMap":{"0":{"start":{"line":1,"column":0},"end":{"line":1,"column":28}},"1":{"start":{"line":2,"column":0},"end":{"line":2,"column":33}},"2":{"start":{"line":3,"column":0},"end":{"line":3,"column":61}},"3":{"start":{"line":4,"column":0},"end":{"line":4,"column":65}},"4":{"start":{"line":5,"column":0},"end":{"line":5,"column":37}},"5":{"start":{"line":6,"column":0},"end":{"line":6,"column":75}},"6":{"start":{"line":8,"column":0},"end":{"line":8,"column":44}},"7":{"start":{"line":9,"column":0},"end":{"line":9,"column":50}},"8":{"start":{"line":10,"column":0},"end":{"line":10,"column":70}},"9":{"start":{"line":11,"column":0},"end":{"line":11,"column":64}},"10":{"start":{"line":13,"column":20},"end":{"line":16,"column":2}},"11":{"start":{"line":18,"column":28},"end":{"line":106,"column":1}},"12":{"start":{"line":27,"column":29},"end":{"line":27,"column":56}},"13":{"start":{"line":28,"column":40},"end":{"line":28,"column":68}},"14":{"start":{"line":36,"column":6},"end":{"line":36,"column":21}},"15":{"start":{"line":37,"column":32},"end":{"line":37,"column":43}},"16":{"start":{"line":39,"column":26},"end":{"line":46,"column":3}},"17":{"start":{"line":42,"column":4},"end":{"line":45,"column":7}},"18":{"start":{"line":48,"column":21},"end":{"line":59,"column":3}},"19":{"start":{"line":49,"column":43},"end":{"line":52,"column":6}},"20":{"start":{"line":53,"column":4},"end":{"line":58,"column":25}},"21":{"start":{"line":55,"column":8},"end":{"line":55,"column":25}},"22":{"start":{"line":61,"column":2},"end":{"line":105,"column":4}},"23":{"start":{"line":108,"column":9},"end":{"line":108,"column":28}}},"fnMap":{"0":{"name":"(anonymous_0)","decl":{"start":{"line":18,"column":28},"end":{"line":18,"column":29}},"loc":{"start":{"line":26,"column":5},"end":{"line":106,"column":1}}},"1":{"name":"(anonymous_1)","decl":{"start":{"line":39,"column":26},"end":{"line":39,"column":null}},"loc":{"start":{"line":41,"column":6},"end":{"line":46,"column":3}}},"2":{"name":"(anonymous_2)","decl":{"start":{"line":48,"column":21},"end":{"line":48,"column":26}},"loc":{"start":{"line":48,"column":32},"end":{"line":59,"column":3}}},"3":{"name":"(anonymous_3)","decl":{"start":{"line":54,"column":12},"end":{"line":54,"column":15}},"loc":{"start":{"line":54,"column":17},"end":{"line":56,"column":7}}}},"branchMap":{},"s":{"0":1,"1":1,"2":1,"3":1,"4":1,"5":1,"6":1,"7":1,"8":1,"9":1,"10":1,"11":1,"12":9,"13":9,"14":9,"15":9,"16":9,"17":2,"18":9,"19":1,"20":1,"21":1,"22":9,"23":1},"f":{"0":9,"1":2,"2":1,"3":1},"b":{}}
,"/Users/carlosadrianomiranda/projetos/dietreino-front/src/pages/users/components/gymWorkout/activeWorkout/exerciseSetAdd/AddSetupInputs.tsx": {"path":"/Users/carlosadrianomiranda/projetos/dietreino-front/src/pages/users/components/gymWorkout/activeWorkout/exerciseSetAdd/AddSetupInputs.tsx","statementMap":{"0":{"start":{"line":1,"column":0},"end":{"line":1,"column":37}},"1":{"start":{"line":2,"column":0},"end":{"line":2,"column":71}},"2":{"start":{"line":3,"column":0},"end":{"line":3,"column":90}},"3":{"start":{"line":12,"column":30},"end":{"line":68,"column":1}},"4":{"start":{"line":21,"column":28},"end":{"line":23,"column":3}},"5":{"start":{"line":22,"column":4},"end":{"line":22,"column":65}},"6":{"start":{"line":25,"column":2},"end":{"line":67,"column":4}},"7":{"start":{"line":30,"column":35},"end":{"line":30,"column":59}},"8":{"start":{"line":12,"column":13},"end":{"line":12,"column":30}}},"fnMap":{"0":{"name":"(anonymous_0)","decl":{"start":{"line":12,"column":30},"end":{"line":12,"column":31}},"loc":{"start":{"line":20,"column":5},"end":{"line":68,"column":1}}},"1":{"name":"(anonymous_1)","decl":{"start":{"line":21,"column":28},"end":{"line":21,"column":29}},"loc":{"start":{"line":21,"column":71},"end":{"line":23,"column":3}}},"2":{"name":"(anonymous_2)","decl":{"start":{"line":30,"column":20},"end":{"line":30,"column":21}},"loc":{"start":{"line":30,"column":35},"end":{"line":30,"column":59}}}},"branchMap":{},"s":{"0":2,"1":2,"2":2,"3":2,"4":36,"5":12,"6":36,"7":4,"8":2},"f":{"0":36,"1":12,"2":4},"b":{}}
,"/Users/carlosadrianomiranda/projetos/dietreino-front/src/pages/users/components/gymWorkout/activeWorkout/exerciseSetAdd/SetupsAdded.tsx": {"path":"/Users/carlosadrianomiranda/projetos/dietreino-front/src/pages/users/components/gymWorkout/activeWorkout/exerciseSetAdd/SetupsAdded.tsx","statementMap":{"0":{"start":{"line":2,"column":0},"end":{"line":2,"column":67}},"1":{"start":{"line":4,"column":27},"end":{"line":23,"column":4}},"2":{"start":{"line":11,"column":2},"end":{"line":23,"column":4}},"3":{"start":{"line":12,"column":4},"end":{"line":21,"column":null}},"4":{"start":{"line":19,"column":29},"end":{"line":19,"column":64}},"5":{"start":{"line":4,"column":13},"end":{"line":4,"column":27}}},"fnMap":{"0":{"name":"(anonymous_0)","decl":{"start":{"line":4,"column":27},"end":{"line":4,"column":28}},"loc":{"start":{"line":11,"column":2},"end":{"line":23,"column":4}}},"1":{"name":"(anonymous_1)","decl":{"start":{"line":11,"column":13},"end":{"line":11,"column":14}},"loc":{"start":{"line":12,"column":4},"end":{"line":21,"column":null}}},"2":{"name":"(anonymous_2)","decl":{"start":{"line":19,"column":23},"end":{"line":19,"column":26}},"loc":{"start":{"line":19,"column":29},"end":{"line":19,"column":64}}}},"branchMap":{},"s":{"0":1,"1":1,"2":9,"3":2,"4":0,"5":1},"f":{"0":9,"1":2,"2":0},"b":{}}
,"/Users/carlosadrianomiranda/projetos/dietreino-front/src/pages/users/components/gymWorkout/activeWorkout/exerciseSetEdit/ActiveWorkoutExerciseSet.tsx": {"path":"/Users/carlosadrianomiranda/projetos/dietreino-front/src/pages/users/components/gymWorkout/activeWorkout/exerciseSetEdit/ActiveWorkoutExerciseSet.tsx","statementMap":{"0":{"start":{"line":1,"column":0},"end":{"line":1,"column":33}},"1":{"start":{"line":2,"column":0},"end":{"line":2,"column":32}},"2":{"start":{"line":3,"column":0},"end":{"line":3,"column":37}},"3":{"start":{"line":4,"column":0},"end":{"line":4,"column":39}},"4":{"start":{"line":6,"column":0},"end":{"line":6,"column":75}},"5":{"start":{"line":7,"column":0},"end":{"line":7,"column":74}},"6":{"start":{"line":8,"column":0},"end":{"line":8,"column":66}},"7":{"start":{"line":9,"column":0},"end":{"line":9,"column":78}},"8":{"start":{"line":10,"column":0},"end":{"line":10,"column":null}},"9":{"start":{"line":14,"column":0},"end":{"line":14,"column":61}},"10":{"start":{"line":15,"column":0},"end":{"line":15,"column":65}},"11":{"start":{"line":16,"column":0},"end":{"line":16,"column":80}},"12":{"start":{"line":17,"column":0},"end":{"line":17,"column":66}},"13":{"start":{"line":18,"column":0},"end":{"line":18,"column":64}},"14":{"start":{"line":20,"column":33},"end":{"line":175,"column":1}},"15":{"start":{"line":28,"column":4},"end":{"line":28,"column":46}},"16":{"start":{"line":29,"column":36},"end":{"line":29,"column":51}},"17":{"start":{"line":30,"column":32},"end":{"line":30,"column":43}},"18":{"start":{"line":31,"column":32},"end":{"line":31,"column":65}},"19":{"start":{"line":32,"column":33},"end":{"line":32,"column":56}},"20":{"start":{"line":33,"column":59},"end":{"line":33,"column":74}},"21":{"start":{"line":35,"column":24},"end":{"line":51,"column":3}},"22":{"start":{"line":36,"column":4},"end":{"line":39,"column":5}},"23":{"start":{"line":37,"column":6},"end":{"line":37,"column":25}},"24":{"start":{"line":38,"column":6},"end":{"line":38,"column":13}},"25":{"start":{"line":41,"column":4},"end":{"line":50,"column":15}},"26":{"start":{"line":43,"column":8},"end":{"line":48,"column":9}},"27":{"start":{"line":44,"column":10},"end":{"line":44,"column":55}},"28":{"start":{"line":46,"column":10},"end":{"line":46,"column":38}},"29":{"start":{"line":47,"column":10},"end":{"line":47,"column":30}},"30":{"start":{"line":53,"column":26},"end":{"line":57,"column":3}},"31":{"start":{"line":54,"column":4},"end":{"line":56,"column":6}},"32":{"start":{"line":59,"column":31},"end":{"line":65,"column":3}},"33":{"start":{"line":63,"column":4},"end":{"line":63,"column":40}},"34":{"start":{"line":64,"column":4},"end":{"line":64,"column":80}},"35":{"start":{"line":67,"column":28},"end":{"line":90,"column":3}},"36":{"start":{"line":68,"column":4},"end":{"line":77,"column":5}},"37":{"start":{"line":69,"column":24},"end":{"line":70,"column":null}},"38":{"start":{"line":70,"column":20},"end":{"line":70,"column":38}},"39":{"start":{"line":72,"column":6},"end":{"line":75,"column":9}},"40":{"start":{"line":76,"column":6},"end":{"line":76,"column":13}},"41":{"start":{"line":79,"column":4},"end":{"line":89,"column":59}},"42":{"start":{"line":81,"column":8},"end":{"line":86,"column":11}},"43":{"start":{"line":84,"column":23},"end":{"line":84,"column":43}},"44":{"start":{"line":87,"column":8},"end":{"line":87,"column":54}},"45":{"start":{"line":89,"column":19},"end":{"line":89,"column":57}},"46":{"start":{"line":92,"column":28},"end":{"line":111,"column":3}},"47":{"start":{"line":93,"column":21},"end":{"line":96,"column":18}},"48":{"start":{"line":97,"column":21},"end":{"line":104,"column":23}},"49":{"start":{"line":106,"column":4},"end":{"line":109,"column":7}},"50":{"start":{"line":110,"column":4},"end":{"line":110,"column":17}},"51":{"start":{"line":113,"column":2},"end":{"line":174,"column":4}},"52":{"start":{"line":130,"column":31},"end":{"line":130,"column":77}},"53":{"start":{"line":149,"column":12},"end":{"line":150,"column":null}},"54":{"start":{"line":152,"column":41},"end":{"line":152,"column":79}},"55":{"start":{"line":170,"column":27},"end":{"line":170,"column":73}},"56":{"start":{"line":177,"column":9},"end":{"line":177,"column":33}}},"fnMap":{"0":{"name":"(anonymous_0)","decl":{"start":{"line":20,"column":33},"end":{"line":20,"column":34}},"loc":{"start":{"line":26,"column":5},"end":{"line":175,"column":1}}},"1":{"name":"(anonymous_1)","decl":{"start":{"line":35,"column":24},"end":{"line":35,"column":27}},"loc":{"start":{"line":35,"column":29},"end":{"line":51,"column":3}}},"2":{"name":"(anonymous_2)","decl":{"start":{"line":42,"column":12},"end":{"line":42,"column":13}},"loc":{"start":{"line":42,"column":20},"end":{"line":49,"column":7}}},"3":{"name":"(anonymous_3)","decl":{"start":{"line":53,"column":26},"end":{"line":53,"column":27}},"loc":{"start":{"line":53,"column":76},"end":{"line":57,"column":3}}},"4":{"name":"(anonymous_4)","decl":{"start":{"line":59,"column":31},"end":{"line":59,"column":null}},"loc":{"start":{"line":62,"column":6},"end":{"line":65,"column":3}}},"5":{"name":"(anonymous_5)","decl":{"start":{"line":67,"column":28},"end":{"line":67,"column":29}},"loc":{"start":{"line":67,"column":69},"end":{"line":90,"column":3}}},"6":{"name":"(anonymous_6)","decl":{"start":{"line":70,"column":8},"end":{"line":70,"column":9}},"loc":{"start":{"line":70,"column":20},"end":{"line":70,"column":38}}},"7":{"name":"(anonymous_7)","decl":{"start":{"line":80,"column":12},"end":{"line":80,"column":15}},"loc":{"start":{"line":80,"column":17},"end":{"line":88,"column":7}}},"8":{"name":"(anonymous_8)","decl":{"start":{"line":84,"column":12},"end":{"line":84,"column":13}},"loc":{"start":{"line":84,"column":23},"end":{"line":84,"column":43}}},"9":{"name":"(anonymous_9)","decl":{"start":{"line":89,"column":13},"end":{"line":89,"column":16}},"loc":{"start":{"line":89,"column":19},"end":{"line":89,"column":57}}},"10":{"name":"(anonymous_10)","decl":{"start":{"line":92,"column":28},"end":{"line":92,"column":31}},"loc":{"start":{"line":92,"column":33},"end":{"line":111,"column":3}}},"11":{"name":"(anonymous_11)","decl":{"start":{"line":130,"column":24},"end":{"line":130,"column":25}},"loc":{"start":{"line":130,"column":31},"end":{"line":130,"column":77}}},"12":{"name":"(anonymous_12)","decl":{"start":{"line":148,"column":45},"end":{"line":148,"column":46}},"loc":{"start":{"line":149,"column":12},"end":{"line":150,"column":null}}},"13":{"name":"(anonymous_13)","decl":{"start":{"line":152,"column":28},"end":{"line":152,"column":29}},"loc":{"start":{"line":152,"column":41},"end":{"line":152,"column":79}}},"14":{"name":"(anonymous_14)","decl":{"start":{"line":170,"column":20},"end":{"line":170,"column":21}},"loc":{"start":{"line":170,"column":27},"end":{"line":170,"column":73}}}},"branchMap":{"0":{"loc":{"start":{"line":36,"column":4},"end":{"line":39,"column":5}},"type":"if","locations":[{"start":{"line":36,"column":4},"end":{"line":39,"column":5}}]},"1":{"loc":{"start":{"line":43,"column":8},"end":{"line":48,"column":9}},"type":"if","locations":[{"start":{"line":43,"column":8},"end":{"line":48,"column":9}},{"start":{"line":45,"column":15},"end":{"line":48,"column":9}}]},"2":{"loc":{"start":{"line":68,"column":4},"end":{"line":77,"column":5}},"type":"if","locations":[{"start":{"line":68,"column":4},"end":{"line":77,"column":5}}]},"3":{"loc":{"start":{"line":100,"column":12},"end":{"line":100,"column":37}},"type":"binary-expr","locations":[{"start":{"line":100,"column":12},"end":{"line":100,"column":30}},{"start":{"line":100,"column":34},"end":{"line":100,"column":37}}]},"4":{"loc":{"start":{"line":101,"column":19},"end":{"line":101,"column":51}},"type":"binary-expr","locations":[{"start":{"line":101,"column":19},"end":{"line":101,"column":44}},{"start":{"line":101,"column":48},"end":{"line":101,"column":51}}]},"5":{"loc":{"start":{"line":102,"column":14},"end":{"line":102,"column":41}},"type":"binary-expr","locations":[{"start":{"line":102,"column":14},"end":{"line":102,"column":34}},{"start":{"line":102,"column":38},"end":{"line":102,"column":41}}]},"6":{"loc":{"start":{"line":124,"column":11},"end":{"line":133,"column":null}},"type":"cond-expr","locations":[{"start":{"line":125,"column":12},"end":{"line":130,"column":null}},{"start":{"line":133,"column":12},"end":{"line":133,"column":62}}]},"7":{"loc":{"start":{"line":141,"column":20},"end":{"line":141,"column":42}},"type":"cond-expr","locations":[{"start":{"line":141,"column":32},"end":{"line":141,"column":36}},{"start":{"line":141,"column":39},"end":{"line":141,"column":42}}]},"8":{"loc":{"start":{"line":142,"column":27},"end":{"line":142,"column":64}},"type":"cond-expr","locations":[{"start":{"line":142,"column":39},"end":{"line":142,"column":50}},{"start":{"line":142,"column":53},"end":{"line":142,"column":64}}]},"9":{"loc":{"start":{"line":155,"column":11},"end":{"line":160,"column":null}},"type":"binary-expr","locations":[{"start":{"line":155,"column":11},"end":{"line":155,"column":20}},{"start":{"line":156,"column":12},"end":{"line":159,"column":null}}]}},"s":{"0":2,"1":2,"2":2,"3":2,"4":2,"5":2,"6":2,"7":2,"8":2,"9":2,"10":2,"11":2,"12":2,"13":2,"14":2,"15":38,"16":38,"17":38,"18":38,"19":38,"20":38,"21":38,"22":10,"23":8,"24":8,"25":2,"26":2,"27":0,"28":2,"29":2,"30":38,"31":2,"32":38,"33":0,"34":0,"35":38,"36":2,"37":1,"38":2,"39":1,"40":1,"41":1,"42":1,"43":1,"44":1,"45":0,"46":38,"47":3,"48":3,"49":3,"50":3,"51":38,"52":1,"53":41,"54":2,"55":1,"56":2},"f":{"0":38,"1":10,"2":2,"3":2,"4":0,"5":2,"6":2,"7":1,"8":1,"9":0,"10":3,"11":1,"12":41,"13":2,"14":1},"b":{"0":[8],"1":[0,2],"2":[1],"3":[3,0],"4":[3,0],"5":[3,0],"6":[27,11],"7":[27,11],"8":[27,11],"9":[38,27]}}
,"/Users/carlosadrianomiranda/projetos/dietreino-front/src/pages/users/components/gymWorkout/activeWorkout/exerciseSetEdit/ActiveWorkoutExerciseSetup.tsx": {"path":"/Users/carlosadrianomiranda/projetos/dietreino-front/src/pages/users/components/gymWorkout/activeWorkout/exerciseSetEdit/ActiveWorkoutExerciseSetup.tsx","statementMap":{"0":{"start":{"line":1,"column":0},"end":{"line":1,"column":35}},"1":{"start":{"line":3,"column":0},"end":{"line":3,"column":66}},"2":{"start":{"line":4,"column":0},"end":{"line":4,"column":90}},"3":{"start":{"line":5,"column":0},"end":{"line":5,"column":67}},"4":{"start":{"line":7,"column":18},"end":{"line":51,"column":1}},"5":{"start":{"line":18,"column":63},"end":{"line":19,"column":null}},"6":{"start":{"line":22,"column":25},"end":{"line":24,"column":3}},"7":{"start":{"line":23,"column":4},"end":{"line":23,"column":60}},"8":{"start":{"line":26,"column":22},"end":{"line":48,"column":3}},"9":{"start":{"line":27,"column":15},"end":{"line":27,"column":39}},"10":{"start":{"line":28,"column":4},"end":{"line":38,"column":5}},"11":{"start":{"line":29,"column":6},"end":{"line":37,"column":8}},"12":{"start":{"line":40,"column":4},"end":{"line":47,"column":6}},"13":{"start":{"line":44,"column":10},"end":{"line":44,"column":48}},"14":{"start":{"line":50,"column":2},"end":{"line":50,"column":69}},"15":{"start":{"line":53,"column":35},"end":{"line":85,"column":1}},"16":{"start":{"line":66,"column":6},"end":{"line":66,"column":11}},"17":{"start":{"line":67,"column":24},"end":{"line":67,"column":59}},"18":{"start":{"line":69,"column":2},"end":{"line":84,"column":4}},"19":{"start":{"line":79,"column":29},"end":{"line":79,"column":50}},"20":{"start":{"line":87,"column":9},"end":{"line":87,"column":35}}},"fnMap":{"0":{"name":"(anonymous_0)","decl":{"start":{"line":7,"column":18},"end":{"line":7,"column":19}},"loc":{"start":{"line":17,"column":5},"end":{"line":51,"column":1}}},"1":{"name":"(anonymous_1)","decl":{"start":{"line":22,"column":25},"end":{"line":22,"column":26}},"loc":{"start":{"line":22,"column":68},"end":{"line":24,"column":3}}},"2":{"name":"(anonymous_2)","decl":{"start":{"line":26,"column":22},"end":{"line":26,"column":25}},"loc":{"start":{"line":26,"column":27},"end":{"line":48,"column":3}}},"3":{"name":"(anonymous_3)","decl":{"start":{"line":43,"column":18},"end":{"line":43,"column":19}},"loc":{"start":{"line":43,"column":32},"end":{"line":45,"column":9}}},"4":{"name":"(anonymous_4)","decl":{"start":{"line":53,"column":35},"end":{"line":53,"column":36}},"loc":{"start":{"line":59,"column":5},"end":{"line":85,"column":1}}},"5":{"name":"(anonymous_5)","decl":{"start":{"line":79,"column":23},"end":{"line":79,"column":26}},"loc":{"start":{"line":79,"column":29},"end":{"line":79,"column":50}}}},"branchMap":{"0":{"loc":{"start":{"line":28,"column":4},"end":{"line":38,"column":5}},"type":"if","locations":[{"start":{"line":28,"column":4},"end":{"line":38,"column":5}}]},"1":{"loc":{"start":{"line":50,"column":14},"end":{"line":50,"column":62}},"type":"cond-expr","locations":[{"start":{"line":50,"column":26},"end":{"line":50,"column":39}},{"start":{"line":50,"column":42},"end":{"line":50,"column":62}}]},"2":{"loc":{"start":{"line":75,"column":7},"end":{"line":81,"column":null}},"type":"binary-expr","locations":[{"start":{"line":75,"column":7},"end":{"line":75,"column":16}},{"start":{"line":76,"column":8},"end":{"line":80,"column":null}}]}},"s":{"0":2,"1":2,"2":2,"3":2,"4":2,"5":164,"6":164,"7":0,"8":164,"9":116,"10":116,"11":87,"12":29,"13":0,"14":164,"15":2,"16":41,"17":41,"18":41,"19":2,"20":2},"f":{"0":164,"1":0,"2":116,"3":0,"4":41,"5":2},"b":{"0":[87],"1":[116,48],"2":[41,29]}}
,"/Users/carlosadrianomiranda/projetos/dietreino-front/src/pages/users/components/gymWorkout/activeWorkout/utils/ExerciseSetTable.tsx": {"path":"/Users/carlosadrianomiranda/projetos/dietreino-front/src/pages/users/components/gymWorkout/activeWorkout/utils/ExerciseSetTable.tsx","statementMap":{"0":{"start":{"line":3,"column":32},"end":{"line":22,"column":null}},"1":{"start":{"line":7,"column":2},"end":{"line":21,"column":null}},"2":{"start":{"line":15,"column":12},"end":{"line":15,"column":25}},"3":{"start":{"line":3,"column":13},"end":{"line":3,"column":32}}},"fnMap":{"0":{"name":"(anonymous_0)","decl":{"start":{"line":3,"column":32},"end":{"line":3,"column":33}},"loc":{"start":{"line":7,"column":2},"end":{"line":21,"column":null}}},"1":{"name":"(anonymous_1)","decl":{"start":{"line":14,"column":51},"end":{"line":14,"column":52}},"loc":{"start":{"line":15,"column":12},"end":{"line":15,"column":25}}}},"branchMap":{"0":{"loc":{"start":{"line":17,"column":11},"end":{"line":17,"column":37}},"type":"binary-expr","locations":[{"start":{"line":17,"column":11},"end":{"line":17,"column":24}},{"start":{"line":17,"column":28},"end":{"line":17,"column":37}}]}},"s":{"0":2,"1":47,"2":188,"3":2},"f":{"0":47,"1":188},"b":{"0":[47,36]}}
,"/Users/carlosadrianomiranda/projetos/dietreino-front/src/pages/users/components/gymWorkout/activeWorkout/utils/ExerciseSetWrapper.tsx": {"path":"/Users/carlosadrianomiranda/projetos/dietreino-front/src/pages/users/components/gymWorkout/activeWorkout/utils/ExerciseSetWrapper.tsx","statementMap":{"0":{"start":{"line":3,"column":34},"end":{"line":6,"column":null}},"1":{"start":{"line":4,"column":2},"end":{"line":5,"column":null}},"2":{"start":{"line":3,"column":13},"end":{"line":3,"column":34}}},"fnMap":{"0":{"name":"(anonymous_0)","decl":{"start":{"line":3,"column":34},"end":{"line":3,"column":35}},"loc":{"start":{"line":4,"column":2},"end":{"line":5,"column":null}}}},"branchMap":{},"s":{"0":2,"1":47,"2":2},"f":{"0":47},"b":{}}
,"/Users/carlosadrianomiranda/projetos/dietreino-front/src/pages/users/components/gymWorkout/activeWorkout/utils/RemoveRowDeleteIcon.tsx": {"path":"/Users/carlosadrianomiranda/projetos/dietreino-front/src/pages/users/components/gymWorkout/activeWorkout/utils/RemoveRowDeleteIcon.tsx","statementMap":{"0":{"start":{"line":1,"column":0},"end":{"line":1,"column":37}},"1":{"start":{"line":2,"column":0},"end":{"line":2,"column":66}},"2":{"start":{"line":3,"column":0},"end":{"line":3,"column":71}},"3":{"start":{"line":5,"column":35},"end":{"line":41,"column":1}},"4":{"start":{"line":15,"column":4},"end":{"line":21,"column":null}},"5":{"start":{"line":25,"column":2},"end":{"line":27,"column":3}},"6":{"start":{"line":26,"column":4},"end":{"line":26,"column":24}},"7":{"start":{"line":29,"column":2},"end":{"line":40,"column":4}},"8":{"start":{"line":5,"column":13},"end":{"line":5,"column":35}}},"fnMap":{"0":{"name":"(anonymous_0)","decl":{"start":{"line":5,"column":35},"end":{"line":5,"column":36}},"loc":{"start":{"line":13,"column":55},"end":{"line":41,"column":1}}}},"branchMap":{"0":{"loc":{"start":{"line":25,"column":2},"end":{"line":27,"column":3}},"type":"if","locations":[{"start":{"line":25,"column":2},"end":{"line":27,"column":3}}]}},"s":{"0":2,"1":2,"2":2,"3":2,"4":31,"5":31,"6":2,"7":29,"8":2},"f":{"0":31},"b":{"0":[2]}}
,"/Users/carlosadrianomiranda/projetos/dietreino-front/src/pages/users/components/gymWorkout/activeWorkout/utils/tests.tsx": {"path":"/Users/carlosadrianomiranda/projetos/dietreino-front/src/pages/users/components/gymWorkout/activeWorkout/utils/tests.tsx","statementMap":{"0":{"start":{"line":1,"column":0},"end":{"line":1,"column":54}},"1":{"start":{"line":3,"column":0},"end":{"line":3,"column":62}},"2":{"start":{"line":4,"column":0},"end":{"line":4,"column":57}},"3":{"start":{"line":5,"column":0},"end":{"line":5,"column":48}},"4":{"start":{"line":7,"column":13},"end":{"line":14,"column":2}},"5":{"start":{"line":16,"column":13},"end":{"line":27,"column":2}},"6":{"start":{"line":29,"column":13},"end":{"line":34,"column":2}},"7":{"start":{"line":36,"column":13},"end":{"line":43,"column":2}},"8":{"start":{"line":45,"column":28},"end":{"line":65,"column":1}},"9":{"start":{"line":50,"column":2},"end":{"line":52,"column":5}},"10":{"start":{"line":53,"column":2},"end":{"line":53,"column":56}},"11":{"start":{"line":54,"column":2},"end":{"line":54,"column":59}},"12":{"start":{"line":55,"column":2},"end":{"line":55,"column":52}},"13":{"start":{"line":57,"column":2},"end":{"line":61,"column":4}},"14":{"start":{"line":63,"column":21},"end":{"line":63,"column":60}},"15":{"start":{"line":64,"column":2},"end":{"line":64,"column":35}},"16":{"start":{"line":45,"column":13},"end":{"line":45,"column":28}},"17":{"start":{"line":67,"column":33},"end":{"line":83,"column":1}},"18":{"start":{"line":71,"column":15},"end":{"line":71,"column":48}},"19":{"start":{"line":72,"column":19},"end":{"line":72,"column":36}},"20":{"start":{"line":73,"column":2},"end":{"line":75,"column":30}},"21":{"start":{"line":76,"column":2},"end":{"line":78,"column":35}},"22":{"start":{"line":79,"column":2},"end":{"line":81,"column":4}},"23":{"start":{"line":82,"column":2},"end":{"line":82,"column":73}},"24":{"start":{"line":67,"column":13},"end":{"line":67,"column":33}},"25":{"start":{"line":85,"column":33},"end":{"line":92,"column":1}},"26":{"start":{"line":86,"column":2},"end":{"line":86,"column":49}},"27":{"start":{"line":87,"column":2},"end":{"line":87,"column":47}},"28":{"start":{"line":88,"column":2},"end":{"line":88,"column":47}},"29":{"start":{"line":90,"column":23},"end":{"line":90,"column":54}},"30":{"start":{"line":91,"column":2},"end":{"line":91,"column":64}},"31":{"start":{"line":85,"column":13},"end":{"line":85,"column":33}},"32":{"start":{"line":94,"column":31},"end":{"line":101,"column":1}},"33":{"start":{"line":95,"column":2},"end":{"line":95,"column":62}},"34":{"start":{"line":96,"column":17},"end":{"line":97,"column":null}},"35":{"start":{"line":99,"column":2},"end":{"line":99,"column":31}},"36":{"start":{"line":100,"column":2},"end":{"line":100,"column":16}},"37":{"start":{"line":94,"column":13},"end":{"line":94,"column":31}},"38":{"start":{"line":103,"column":34},"end":{"line":109,"column":1}},"39":{"start":{"line":104,"column":23},"end":{"line":105,"column":null}},"40":{"start":{"line":107,"column":2},"end":{"line":107,"column":37}},"41":{"start":{"line":108,"column":2},"end":{"line":108,"column":48}},"42":{"start":{"line":103,"column":13},"end":{"line":103,"column":34}}},"fnMap":{"0":{"name":"(anonymous_0)","decl":{"start":{"line":45,"column":28},"end":{"line":45,"column":33}},"loc":{"start":{"line":49,"column":4},"end":{"line":65,"column":1}}},"1":{"name":"(anonymous_1)","decl":{"start":{"line":67,"column":33},"end":{"line":67,"column":38}},"loc":{"start":{"line":70,"column":4},"end":{"line":83,"column":1}}},"2":{"name":"(anonymous_2)","decl":{"start":{"line":85,"column":33},"end":{"line":85,"column":38}},"loc":{"start":{"line":85,"column":44},"end":{"line":92,"column":1}}},"3":{"name":"(anonymous_3)","decl":{"start":{"line":94,"column":31},"end":{"line":94,"column":32}},"loc":{"start":{"line":94,"column":58},"end":{"line":101,"column":1}}},"4":{"name":"(anonymous_4)","decl":{"start":{"line":103,"column":34},"end":{"line":103,"column":35}},"loc":{"start":{"line":103,"column":57},"end":{"line":109,"column":1}}}},"branchMap":{"0":{"loc":{"start":{"line":48,"column":2},"end":{"line":48,"column":18}},"type":"default-arg","locations":[{"start":{"line":48,"column":17},"end":{"line":48,"column":18}}]},"1":{"loc":{"start":{"line":69,"column":2},"end":{"line":69,"column":9}},"type":"default-arg","locations":[{"start":{"line":69,"column":8},"end":{"line":69,"column":9}}]}},"s":{"0":2,"1":2,"2":2,"3":2,"4":2,"5":2,"6":2,"7":2,"8":2,"9":4,"10":4,"11":4,"12":4,"13":4,"14":4,"15":4,"16":2,"17":2,"18":2,"19":2,"20":2,"21":2,"22":2,"23":2,"24":2,"25":2,"26":3,"27":3,"28":3,"29":3,"30":3,"31":2,"32":2,"33":7,"34":7,"35":7,"36":7,"37":2,"38":2,"39":2,"40":2,"41":2,"42":2},"f":{"0":4,"1":2,"2":3,"3":7,"4":2},"b":{"0":[3],"1":[1]}}
,"/Users/carlosadrianomiranda/projetos/dietreino-front/src/pages/users/components/gymWorkout/utils/tests.tsx": {"path":"/Users/carlosadrianomiranda/projetos/dietreino-front/src/pages/users/components/gymWorkout/utils/tests.tsx","statementMap":{"0":{"start":{"line":1,"column":0},"end":{"line":1,"column":56}},"1":{"start":{"line":3,"column":0},"end":{"line":3,"column":56}},"2":{"start":{"line":4,"column":0},"end":{"line":4,"column":45}},"3":{"start":{"line":5,"column":0},"end":{"line":5,"column":59}},"4":{"start":{"line":8,"column":13},"end":{"line":15,"column":2}},"5":{"start":{"line":17,"column":17},"end":{"line":17,"column":66}},"6":{"start":{"line":19,"column":32},"end":{"line":22,"column":null}},"7":{"start":{"line":20,"column":2},"end":{"line":21,"column":null}},"8":{"start":{"line":19,"column":13},"end":{"line":19,"column":32}},"9":{"start":{"line":25,"column":32},"end":{"line":40,"column":1}},"10":{"start":{"line":29,"column":2},"end":{"line":29,"column":28}},"11":{"start":{"line":30,"column":2},"end":{"line":30,"column":42}},"12":{"start":{"line":31,"column":2},"end":{"line":31,"column":54}},"13":{"start":{"line":32,"column":2},"end":{"line":32,"column":31}},"14":{"start":{"line":33,"column":2},"end":{"line":33,"column":50}},"15":{"start":{"line":34,"column":2},"end":{"line":34,"column":54}},"16":{"start":{"line":35,"column":2},"end":{"line":35,"column":51}},"17":{"start":{"line":36,"column":2},"end":{"line":36,"column":60}},"18":{"start":{"line":37,"column":2},"end":{"line":37,"column":55}},"19":{"start":{"line":38,"column":2},"end":{"line":38,"column":36}},"20":{"start":{"line":39,"column":2},"end":{"line":39,"column":74}},"21":{"start":{"line":25,"column":13},"end":{"line":25,"column":32}}},"fnMap":{"0":{"name":"(anonymous_0)","decl":{"start":{"line":19,"column":32},"end":{"line":19,"column":35}},"loc":{"start":{"line":20,"column":2},"end":{"line":21,"column":null}}},"1":{"name":"(anonymous_1)","decl":{"start":{"line":25,"column":32},"end":{"line":25,"column":37}},"loc":{"start":{"line":28,"column":5},"end":{"line":40,"column":1}}}},"branchMap":{},"s":{"0":1,"1":1,"2":1,"3":1,"4":1,"5":1,"6":1,"7":6,"8":1,"9":1,"10":2,"11":2,"12":2,"13":2,"14":2,"15":2,"16":2,"17":2,"18":2,"19":2,"20":2,"21":1},"f":{"0":6,"1":2},"b":{}}
,"/Users/carlosadrianomiranda/projetos/dietreino-front/src/pages/users/hooks/useAddSetupToSet.ts": {"path":"/Users/carlosadrianomiranda/projetos/dietreino-front/src/pages/users/hooks/useAddSetupToSet.ts","statementMap":{"0":{"start":{"line":1,"column":0},"end":{"line":1,"column":55}},"1":{"start":{"line":3,"column":32},"end":{"line":13,"column":1}},"2":{"start":{"line":4,"column":22},"end":{"line":10,"column":4}},"3":{"start":{"line":12,"column":2},"end":{"line":12,"column":37}},"4":{"start":{"line":3,"column":13},"end":{"line":3,"column":32}}},"fnMap":{"0":{"name":"(anonymous_0)","decl":{"start":{"line":3,"column":32},"end":{"line":3,"column":33}},"loc":{"start":{"line":3,"column":54},"end":{"line":13,"column":1}}}},"branchMap":{},"s":{"0":1,"1":1,"2":9,"3":9,"4":1},"f":{"0":9},"b":{}}
,"/Users/carlosadrianomiranda/projetos/dietreino-front/src/pages/users/hooks/useCreateNewWorkout.ts": {"path":"/Users/carlosadrianomiranda/projetos/dietreino-front/src/pages/users/hooks/useCreateNewWorkout.ts","statementMap":{"0":{"start":{"line":1,"column":0},"end":{"line":1,"column":55}},"1":{"start":{"line":4,"column":28},"end":{"line":11,"column":1}},"2":{"start":{"line":5,"column":44},"end":{"line":8,"column":4}},"3":{"start":{"line":10,"column":2},"end":{"line":10,"column":43}},"4":{"start":{"line":13,"column":0},"end":{"line":13,"column":35}}},"fnMap":{"0":{"name":"(anonymous_0)","decl":{"start":{"line":4,"column":28},"end":{"line":4,"column":31}},"loc":{"start":{"line":4,"column":33},"end":{"line":11,"column":1}}}},"branchMap":{},"s":{"0":1,"1":1,"2":5,"3":5,"4":1},"f":{"0":5},"b":{}}
,"/Users/carlosadrianomiranda/projetos/dietreino-front/src/pages/users/hooks/useExerciseAutocomplete.ts": {"path":"/Users/carlosadrianomiranda/projetos/dietreino-front/src/pages/users/hooks/useExerciseAutocomplete.ts","statementMap":{"0":{"start":{"line":1,"column":0},"end":{"line":1,"column":31}},"1":{"start":{"line":2,"column":0},"end":{"line":2,"column":55}},"2":{"start":{"line":6,"column":32},"end":{"line":33,"column":1}},"3":{"start":{"line":7,"column":37},"end":{"line":10,"column":4}},"4":{"start":{"line":11,"column":20},"end":{"line":11,"column":55}},"5":{"start":{"line":13,"column":24},"end":{"line":18,"column":3}},"6":{"start":{"line":14,"column":4},"end":{"line":17,"column":5}},"7":{"start":{"line":15,"column":6},"end":{"line":15,"column":38}},"8":{"start":{"line":16,"column":6},"end":{"line":16,"column":31}},"9":{"start":{"line":20,"column":28},"end":{"line":30,"column":3}},"10":{"start":{"line":21,"column":4},"end":{"line":21,"column":20}},"11":{"start":{"line":23,"column":4},"end":{"line":29,"column":13}},"12":{"start":{"line":24,"column":6},"end":{"line":26,"column":7}},"13":{"start":{"line":25,"column":8},"end":{"line":25,"column":15}},"14":{"start":{"line":28,"column":6},"end":{"line":28,"column":26}},"15":{"start":{"line":32,"column":2},"end":{"line":32,"column":55}},"16":{"start":{"line":35,"column":0},"end":{"line":35,"column":39}}},"fnMap":{"0":{"name":"(anonymous_0)","decl":{"start":{"line":6,"column":32},"end":{"line":6,"column":35}},"loc":{"start":{"line":6,"column":37},"end":{"line":33,"column":1}}},"1":{"name":"(anonymous_1)","decl":{"start":{"line":13,"column":24},"end":{"line":13,"column":27}},"loc":{"start":{"line":13,"column":29},"end":{"line":18,"column":3}}},"2":{"name":"(anonymous_2)","decl":{"start":{"line":20,"column":28},"end":{"line":20,"column":29}},"loc":{"start":{"line":20,"column":45},"end":{"line":30,"column":3}}},"3":{"name":"(anonymous_3)","decl":{"start":{"line":23,"column":35},"end":{"line":23,"column":40}},"loc":{"start":{"line":23,"column":46},"end":{"line":29,"column":5}}}},"branchMap":{"0":{"loc":{"start":{"line":14,"column":4},"end":{"line":17,"column":5}},"type":"if","locations":[{"start":{"line":14,"column":4},"end":{"line":17,"column":5}}]},"1":{"loc":{"start":{"line":24,"column":6},"end":{"line":26,"column":7}},"type":"if","locations":[{"start":{"line":24,"column":6},"end":{"line":26,"column":7}}]}},"s":{"0":2,"1":2,"2":2,"3":94,"4":94,"5":94,"6":12,"7":8,"8":8,"9":94,"10":12,"11":12,"12":6,"13":2,"14":4,"15":94,"16":2},"f":{"0":94,"1":12,"2":12,"3":6},"b":{"0":[8],"1":[2]}}
,"/Users/carlosadrianomiranda/projetos/dietreino-front/src/pages/users/hooks/useGetUserActiveWorkout.ts": {"path":"/Users/carlosadrianomiranda/projetos/dietreino-front/src/pages/users/hooks/useGetUserActiveWorkout.ts","statementMap":{"0":{"start":{"line":1,"column":0},"end":{"line":1,"column":34}},"1":{"start":{"line":2,"column":0},"end":{"line":2,"column":55}},"2":{"start":{"line":5,"column":39},"end":{"line":25,"column":1}},"3":{"start":{"line":6,"column":46},"end":{"line":9,"column":4}},"4":{"start":{"line":11,"column":2},"end":{"line":17,"column":21}},"5":{"start":{"line":12,"column":4},"end":{"line":12,"column":24}},"6":{"start":{"line":12,"column":17},"end":{"line":12,"column":24}},"7":{"start":{"line":14,"column":4},"end":{"line":14,"column":21}},"8":{"start":{"line":14,"column":14},"end":{"line":14,"column":21}},"9":{"start":{"line":16,"column":4},"end":{"line":16,"column":14}},"10":{"start":{"line":19,"column":2},"end":{"line":24,"column":4}},"11":{"start":{"line":5,"column":13},"end":{"line":5,"column":39}}},"fnMap":{"0":{"name":"(anonymous_0)","decl":{"start":{"line":5,"column":39},"end":{"line":5,"column":40}},"loc":{"start":{"line":5,"column":59},"end":{"line":25,"column":1}}},"1":{"name":"(anonymous_1)","decl":{"start":{"line":11,"column":12},"end":{"line":11,"column":15}},"loc":{"start":{"line":11,"column":17},"end":{"line":17,"column":3}}}},"branchMap":{"0":{"loc":{"start":{"line":12,"column":4},"end":{"line":12,"column":24}},"type":"if","locations":[{"start":{"line":12,"column":4},"end":{"line":12,"column":24}}]},"1":{"loc":{"start":{"line":14,"column":4},"end":{"line":14,"column":21}},"type":"if","locations":[{"start":{"line":14,"column":4},"end":{"line":14,"column":21}}]}},"s":{"0":1,"1":1,"2":1,"3":19,"4":19,"5":8,"6":0,"7":8,"8":2,"9":6,"10":19,"11":1},"f":{"0":19,"1":8},"b":{"0":[0],"1":[2]}}
,"/Users/carlosadrianomiranda/projetos/dietreino-front/src/pages/users/hooks/useRemoveSetupFromSet.ts": {"path":"/Users/carlosadrianomiranda/projetos/dietreino-front/src/pages/users/hooks/useRemoveSetupFromSet.ts","statementMap":{"0":{"start":{"line":1,"column":0},"end":{"line":1,"column":36}},"1":{"start":{"line":3,"column":37},"end":{"line":13,"column":1}},"2":{"start":{"line":4,"column":18},"end":{"line":6,"column":4}},"3":{"start":{"line":8,"column":29},"end":{"line":10,"column":3}},"4":{"start":{"line":9,"column":4},"end":{"line":9,"column":67}},"5":{"start":{"line":12,"column":2},"end":{"line":12,"column":32}},"6":{"start":{"line":3,"column":13},"end":{"line":3,"column":37}}},"fnMap":{"0":{"name":"(anonymous_0)","decl":{"start":{"line":3,"column":37},"end":{"line":3,"column":40}},"loc":{"start":{"line":3,"column":42},"end":{"line":13,"column":1}}},"1":{"name":"(anonymous_1)","decl":{"start":{"line":8,"column":29},"end":{"line":8,"column":30}},"loc":{"start":{"line":8,"column":64},"end":{"line":10,"column":3}}}},"branchMap":{},"s":{"0":2,"1":2,"2":38,"3":38,"4":1,"5":38,"6":2},"f":{"0":38,"1":1},"b":{}}
,"/Users/carlosadrianomiranda/projetos/dietreino-front/src/pages/users/hooks/useSetupState.ts": {"path":"/Users/carlosadrianomiranda/projetos/dietreino-front/src/pages/users/hooks/useSetupState.ts","statementMap":{"0":{"start":{"line":1,"column":0},"end":{"line":1,"column":33}},"1":{"start":{"line":5,"column":32},"end":{"line":12,"column":2}},"2":{"start":{"line":14,"column":29},"end":{"line":66,"column":1}},"3":{"start":{"line":15,"column":44},"end":{"line":17,"column":4}},"4":{"start":{"line":18,"column":30},"end":{"line":18,"column":54}},"5":{"start":{"line":20,"column":28},"end":{"line":33,"column":3}},"6":{"start":{"line":21,"column":4},"end":{"line":32,"column":5}},"7":{"start":{"line":22,"column":6},"end":{"line":26,"column":9}},"8":{"start":{"line":27,"column":11},"end":{"line":32,"column":5}},"9":{"start":{"line":28,"column":6},"end":{"line":31,"column":9}},"10":{"start":{"line":35,"column":21},"end":{"line":37,"column":3}},"11":{"start":{"line":36,"column":4},"end":{"line":36,"column":43}},"12":{"start":{"line":39,"column":22},"end":{"line":41,"column":3}},"13":{"start":{"line":40,"column":4},"end":{"line":40,"column":18}},"14":{"start":{"line":43,"column":25},"end":{"line":51,"column":3}},"15":{"start":{"line":44,"column":4},"end":{"line":44,"column":42}},"16":{"start":{"line":44,"column":35},"end":{"line":44,"column":42}},"17":{"start":{"line":45,"column":4},"end":{"line":45,"column":38}},"18":{"start":{"line":45,"column":31},"end":{"line":45,"column":38}},"19":{"start":{"line":46,"column":4},"end":{"line":46,"column":43}},"20":{"start":{"line":46,"column":36},"end":{"line":46,"column":43}},"21":{"start":{"line":47,"column":4},"end":{"line":47,"column":36}},"22":{"start":{"line":47,"column":29},"end":{"line":47,"column":36}},"23":{"start":{"line":49,"column":4},"end":{"line":49,"column":42}},"24":{"start":{"line":50,"column":4},"end":{"line":50,"column":17}},"25":{"start":{"line":53,"column":38},"end":{"line":55,"column":3}},"26":{"start":{"line":54,"column":4},"end":{"line":54,"column":73}},"27":{"start":{"line":54,"column":39},"end":{"line":54,"column":70}},"28":{"start":{"line":57,"column":2},"end":{"line":65,"column":4}},"29":{"start":{"line":14,"column":13},"end":{"line":14,"column":29}}},"fnMap":{"0":{"name":"(anonymous_0)","decl":{"start":{"line":14,"column":29},"end":{"line":14,"column":32}},"loc":{"start":{"line":14,"column":34},"end":{"line":66,"column":1}}},"1":{"name":"(anonymous_1)","decl":{"start":{"line":20,"column":28},"end":{"line":20,"column":29}},"loc":{"start":{"line":20,"column":57},"end":{"line":33,"column":3}}},"2":{"name":"(anonymous_2)","decl":{"start":{"line":35,"column":21},"end":{"line":35,"column":24}},"loc":{"start":{"line":35,"column":26},"end":{"line":37,"column":3}}},"3":{"name":"(anonymous_3)","decl":{"start":{"line":39,"column":22},"end":{"line":39,"column":25}},"loc":{"start":{"line":39,"column":27},"end":{"line":41,"column":3}}},"4":{"name":"(anonymous_4)","decl":{"start":{"line":43,"column":25},"end":{"line":43,"column":28}},"loc":{"start":{"line":43,"column":30},"end":{"line":51,"column":3}}},"5":{"name":"(anonymous_5)","decl":{"start":{"line":53,"column":38},"end":{"line":53,"column":39}},"loc":{"start":{"line":53,"column":61},"end":{"line":55,"column":3}}},"6":{"name":"(anonymous_6)","decl":{"start":{"line":54,"column":28},"end":{"line":54,"column":29}},"loc":{"start":{"line":54,"column":39},"end":{"line":54,"column":70}}}},"branchMap":{"0":{"loc":{"start":{"line":21,"column":4},"end":{"line":32,"column":5}},"type":"if","locations":[{"start":{"line":21,"column":4},"end":{"line":32,"column":5}},{"start":{"line":27,"column":11},"end":{"line":32,"column":5}}]},"1":{"loc":{"start":{"line":27,"column":11},"end":{"line":32,"column":5}},"type":"if","locations":[{"start":{"line":27,"column":11},"end":{"line":32,"column":5}}]},"2":{"loc":{"start":{"line":27,"column":15},"end":{"line":27,"column":40}},"type":"binary-expr","locations":[{"start":{"line":27,"column":15},"end":{"line":27,"column":25}},{"start":{"line":27,"column":29},"end":{"line":27,"column":40}}]},"3":{"loc":{"start":{"line":44,"column":4},"end":{"line":44,"column":42}},"type":"if","locations":[{"start":{"line":44,"column":4},"end":{"line":44,"column":42}}]},"4":{"loc":{"start":{"line":45,"column":4},"end":{"line":45,"column":38}},"type":"if","locations":[{"start":{"line":45,"column":4},"end":{"line":45,"column":38}}]},"5":{"loc":{"start":{"line":46,"column":4},"end":{"line":46,"column":43}},"type":"if","locations":[{"start":{"line":46,"column":4},"end":{"line":46,"column":43}}]},"6":{"loc":{"start":{"line":47,"column":4},"end":{"line":47,"column":36}},"type":"if","locations":[{"start":{"line":47,"column":4},"end":{"line":47,"column":36}}]}},"s":{"0":2,"1":2,"2":2,"3":47,"4":47,"5":47,"6":16,"7":4,"8":12,"9":12,"10":47,"11":4,"12":47,"13":0,"14":47,"15":1,"16":0,"17":1,"18":0,"19":1,"20":0,"21":1,"22":0,"23":1,"24":1,"25":47,"26":0,"27":0,"28":47,"29":2},"f":{"0":47,"1":16,"2":4,"3":0,"4":1,"5":0,"6":0},"b":{"0":[4,12],"1":[12],"2":[12,12],"3":[0],"4":[0],"5":[0],"6":[0]}}
,"/Users/carlosadrianomiranda/projetos/dietreino-front/src/pages/users/hooks/useUpdateExerciseSet.tsx": {"path":"/Users/carlosadrianomiranda/projetos/dietreino-front/src/pages/users/hooks/useUpdateExerciseSet.tsx","statementMap":{"0":{"start":{"line":2,"column":0},"end":{"line":2,"column":51}},"1":{"start":{"line":4,"column":36},"end":{"line":27,"column":1}},"2":{"start":{"line":5,"column":18},"end":{"line":8,"column":4}},"3":{"start":{"line":10,"column":28},"end":{"line":24,"column":3}},"4":{"start":{"line":11,"column":26},"end":{"line":21,"column":6}},"5":{"start":{"line":13,"column":71},"end":{"line":20,"column":8}},"6":{"start":{"line":23,"column":4},"end":{"line":23,"column":30}},"7":{"start":{"line":26,"column":2},"end":{"line":26,"column":31}},"8":{"start":{"line":4,"column":13},"end":{"line":4,"column":36}}},"fnMap":{"0":{"name":"(anonymous_0)","decl":{"start":{"line":4,"column":36},"end":{"line":4,"column":37}},"loc":{"start":{"line":4,"column":65},"end":{"line":27,"column":1}}},"1":{"name":"(anonymous_1)","decl":{"start":{"line":10,"column":28},"end":{"line":10,"column":29}},"loc":{"start":{"line":10,"column":57},"end":{"line":24,"column":3}}},"2":{"name":"(anonymous_2)","decl":{"start":{"line":13,"column":59},"end":{"line":13,"column":60}},"loc":{"start":{"line":13,"column":71},"end":{"line":20,"column":8}}}},"branchMap":{},"s":{"0":2,"1":2,"2":38,"3":38,"4":2,"5":3,"6":2,"7":38,"8":2},"f":{"0":38,"1":2,"2":3},"b":{}}
,"/Users/carlosadrianomiranda/projetos/dietreino-front/src/utils/testUtils.ts": {"path":"/Users/carlosadrianomiranda/projetos/dietreino-front/src/utils/testUtils.ts","statementMap":{"0":{"start":{"line":1,"column":0},"end":{"line":1,"column":74}},"1":{"start":{"line":2,"column":0},"end":{"line":2,"column":45}},"2":{"start":{"line":3,"column":0},"end":{"line":3,"column":31}},"3":{"start":{"line":7,"column":4},"end":{"line":9,"column":7}},"4":{"start":{"line":8,"column":6},"end":{"line":8,"column":53}},"5":{"start":{"line":13,"column":18},"end":{"line":13,"column":58}},"6":{"start":{"line":14,"column":4},"end":{"line":14,"column":32}},"7":{"start":{"line":18,"column":18},"end":{"line":18,"column":58}},"8":{"start":{"line":19,"column":4},"end":{"line":19,"column":31}},"9":{"start":{"line":20,"column":25},"end":{"line":20,"column":37}},"10":{"start":{"line":21,"column":4},"end":{"line":21,"column":60}},"11":{"start":{"line":22,"column":4},"end":{"line":24,"column":6}},"12":{"start":{"line":28,"column":18},"end":{"line":28,"column":50}},"13":{"start":{"line":29,"column":4},"end":{"line":29,"column":36}},"14":{"start":{"line":33,"column":18},"end":{"line":33,"column":58}},"15":{"start":{"line":34,"column":4},"end":{"line":34,"column":36}},"16":{"start":{"line":38,"column":18},"end":{"line":38,"column":58}},"17":{"start":{"line":39,"column":4},"end":{"line":39,"column":32}},"18":{"start":{"line":43,"column":18},"end":{"line":43,"column":50}},"19":{"start":{"line":44,"column":4},"end":{"line":44,"column":32}},"20":{"start":{"line":48,"column":4},"end":{"line":48,"column":55}},"21":{"start":{"line":52,"column":4},"end":{"line":52,"column":64}},"22":{"start":{"line":56,"column":4},"end":{"line":58,"column":7}},"23":{"start":{"line":57,"column":6},"end":{"line":57,"column":31}},"24":{"start":{"line":62,"column":20},"end":{"line":62,"column":42}},"25":{"start":{"line":63,"column":4},"end":{"line":63,"column":34}},"26":{"start":{"line":71,"column":25},"end":{"line":71,"column":66}},"27":{"start":{"line":72,"column":4},"end":{"line":72,"column":39}},"28":{"start":{"line":73,"column":4},"end":{"line":73,"column":39}},"29":{"start":{"line":75,"column":4},"end":{"line":80,"column":6}},"30":{"start":{"line":77,"column":8},"end":{"line":77,"column":52}},"31":{"start":{"line":81,"column":20},"end":{"line":81,"column":70}},"32":{"start":{"line":82,"column":4},"end":{"line":82,"column":32}},"33":{"start":{"line":5,"column":0},"end":{"line":5,"column":13}}},"fnMap":{"0":{"name":"(anonymous_0)","decl":{"start":{"line":6,"column":2},"end":{"line":6,"column":8}},"loc":{"start":{"line":6,"column":51},"end":{"line":10,"column":3}}},"1":{"name":"(anonymous_1)","decl":{"start":{"line":7,"column":8},"end":{"line":7,"column":11}},"loc":{"start":{"line":7,"column":13},"end":{"line":9,"column":5}}},"2":{"name":"(anonymous_2)","decl":{"start":{"line":12,"column":2},"end":{"line":12,"column":8}},"loc":{"start":{"line":12,"column":66},"end":{"line":15,"column":3}}},"3":{"name":"(anonymous_3)","decl":{"start":{"line":17,"column":2},"end":{"line":17,"column":8}},"loc":{"start":{"line":17,"column":72},"end":{"line":25,"column":3}}},"4":{"name":"(anonymous_4)","decl":{"start":{"line":27,"column":2},"end":{"line":27,"column":8}},"loc":{"start":{"line":27,"column":66},"end":{"line":30,"column":3}}},"5":{"name":"(anonymous_5)","decl":{"start":{"line":32,"column":2},"end":{"line":32,"column":8}},"loc":{"start":{"line":32,"column":65},"end":{"line":35,"column":3}}},"6":{"name":"(anonymous_6)","decl":{"start":{"line":37,"column":2},"end":{"line":37,"column":8}},"loc":{"start":{"line":37,"column":63},"end":{"line":40,"column":3}}},"7":{"name":"(anonymous_7)","decl":{"start":{"line":42,"column":2},"end":{"line":42,"column":8}},"loc":{"start":{"line":42,"column":64},"end":{"line":45,"column":3}}},"8":{"name":"(anonymous_8)","decl":{"start":{"line":47,"column":2},"end":{"line":47,"column":8}},"loc":{"start":{"line":47,"column":43},"end":{"line":49,"column":3}}},"9":{"name":"(anonymous_9)","decl":{"start":{"line":51,"column":2},"end":{"line":51,"column":8}},"loc":{"start":{"line":51,"column":61},"end":{"line":53,"column":3}}},"10":{"name":"(anonymous_10)","decl":{"start":{"line":55,"column":2},"end":{"line":55,"column":8}},"loc":{"start":{"line":55,"column":40},"end":{"line":59,"column":3}}},"11":{"name":"(anonymous_11)","decl":{"start":{"line":56,"column":8},"end":{"line":56,"column":11}},"loc":{"start":{"line":56,"column":13},"end":{"line":58,"column":5}}},"12":{"name":"(anonymous_12)","decl":{"start":{"line":61,"column":2},"end":{"line":61,"column":8}},"loc":{"start":{"line":61,"column":39},"end":{"line":64,"column":3}}},"13":{"name":"(anonymous_13)","decl":{"start":{"line":66,"column":2},"end":{"line":66,"column":8}},"loc":{"start":{"line":69,"column":22},"end":{"line":83,"column":3}}},"14":{"name":"(anonymous_14)","decl":{"start":{"line":76,"column":6},"end":{"line":76,"column":9}},"loc":{"start":{"line":76,"column":11},"end":{"line":78,"column":7}}}},"branchMap":{"0":{"loc":{"start":{"line":17,"column":60},"end":{"line":17,"column":72}},"type":"default-arg","locations":[{"start":{"line":17,"column":71},"end":{"line":17,"column":72}}]}},"s":{"0":2,"1":2,"2":2,"3":32,"4":32,"5":4,"6":4,"7":4,"8":4,"9":4,"10":4,"11":4,"12":0,"13":0,"14":9,"15":9,"16":15,"17":15,"18":1,"19":1,"20":6,"21":4,"22":31,"23":31,"24":7,"25":7,"26":4,"27":4,"28":4,"29":4,"30":83,"31":4,"32":4,"33":2},"f":{"0":32,"1":32,"2":4,"3":4,"4":0,"5":9,"6":15,"7":1,"8":6,"9":4,"10":31,"11":31,"12":7,"13":4,"14":83},"b":{"0":[0]}}
,"/Users/carlosadrianomiranda/projetos/dietreino-front/src/utils/useDoFetch.ts": {"path":"/Users/carlosadrianomiranda/projetos/dietreino-front/src/utils/useDoFetch.ts","statementMap":{"0":{"start":{"line":1,"column":0},"end":{"line":1,"column":33}},"1":{"start":{"line":2,"column":0},"end":{"line":2,"column":62}},"2":{"start":{"line":4,"column":19},"end":{"line":39,"column":1}},"3":{"start":{"line":9,"column":28},"end":{"line":9,"column":67}},"4":{"start":{"line":10,"column":26},"end":{"line":10,"column":60}},"5":{"start":{"line":11,"column":32},"end":{"line":11,"column":47}},"6":{"start":{"line":13,"column":18},"end":{"line":13,"column":60}},"7":{"start":{"line":15,"column":18},"end":{"line":36,"column":3}},"8":{"start":{"line":16,"column":4},"end":{"line":16,"column":21}},"9":{"start":{"line":17,"column":4},"end":{"line":35,"column":7}},"10":{"start":{"line":20,"column":7},"end":{"line":34,"column":11}},"11":{"start":{"line":22,"column":10},"end":{"line":22,"column":28}},"12":{"start":{"line":23,"column":10},"end":{"line":29,"column":11}},"13":{"start":{"line":24,"column":12},"end":{"line":24,"column":25}},"14":{"start":{"line":25,"column":12},"end":{"line":25,"column":25}},"15":{"start":{"line":27,"column":12},"end":{"line":27,"column":32}},"16":{"start":{"line":28,"column":12},"end":{"line":28,"column":34}},"17":{"start":{"line":33,"column":10},"end":{"line":33,"column":28}},"18":{"start":{"line":38,"column":2},"end":{"line":38,"column":52}},"19":{"start":{"line":41,"column":9},"end":{"line":41,"column":19}}},"fnMap":{"0":{"name":"(anonymous_0)","decl":{"start":{"line":4,"column":19},"end":{"line":4,"column":23}},"loc":{"start":{"line":8,"column":5},"end":{"line":39,"column":1}}},"1":{"name":"(anonymous_1)","decl":{"start":{"line":15,"column":18},"end":{"line":15,"column":19}},"loc":{"start":{"line":15,"column":47},"end":{"line":36,"column":3}}},"2":{"name":"(anonymous_2)","decl":{"start":{"line":17,"column":26},"end":{"line":17,"column":27}},"loc":{"start":{"line":17,"column":46},"end":{"line":35,"column":5}}},"3":{"name":"(anonymous_3)","decl":{"start":{"line":21,"column":14},"end":{"line":21,"column":15}},"loc":{"start":{"line":21,"column":22},"end":{"line":30,"column":9}}},"4":{"name":"(anonymous_4)","decl":{"start":{"line":32,"column":17},"end":{"line":32,"column":20}},"loc":{"start":{"line":32,"column":22},"end":{"line":34,"column":9}}}},"branchMap":{"0":{"loc":{"start":{"line":23,"column":10},"end":{"line":29,"column":11}},"type":"if","locations":[{"start":{"line":23,"column":10},"end":{"line":29,"column":11}},{"start":{"line":26,"column":17},"end":{"line":29,"column":11}}]}},"s":{"0":2,"1":2,"2":2,"3":127,"4":127,"5":127,"6":127,"7":127,"8":14,"9":14,"10":14,"11":14,"12":14,"13":14,"14":14,"15":0,"16":0,"17":14,"18":127,"19":2},"f":{"0":127,"1":14,"2":14,"3":14,"4":14},"b":{"0":[14,0]}}
}
