TN:
SF:src/components/icons/AngleRight.tsx
FN:1,(anonymous_0)
FNF:1
FNH:0
FNDA:0,(anonymous_0)
DA:1,1
DA:3,0
LF:2
LH:1
BRF:0
BRH:0
end_of_record
TN:
SF:src/components/icons/ArrowBack.tsx
FN:1,(anonymous_0)
FNF:1
FNH:0
FNDA:0,(anonymous_0)
DA:1,1
DA:3,0
LF:2
LH:1
BRF:0
BRH:0
end_of_record
TN:
SF:src/components/icons/Ban.tsx
FN:1,(anonymous_0)
FNF:1
FNH:0
FNDA:0,(anonymous_0)
DA:1,1
DA:3,0
LF:2
LH:1
BRF:0
BRH:0
end_of_record
TN:
SF:src/components/icons/Capsules.tsx
FN:1,(anonymous_0)
FNF:1
FNH:0
FNDA:0,(anonymous_0)
DA:1,1
DA:3,0
LF:2
LH:1
BRF:0
BRH:0
end_of_record
TN:
SF:src/components/icons/Check.tsx
FN:1,(anonymous_0)
FNF:1
FNH:1
FNDA:27,(anonymous_0)
DA:1,1
DA:3,27
LF:2
LH:2
BRF:0
BRH:0
end_of_record
TN:
SF:src/components/icons/CircleQuestion.tsx
FN:1,(anonymous_0)
FNF:1
FNH:0
FNDA:0,(anonymous_0)
DA:1,1
DA:3,0
LF:2
LH:1
BRF:0
BRH:0
end_of_record
TN:
SF:src/components/icons/Clipboard.tsx
FN:1,(anonymous_0)
FNF:1
FNH:0
FNDA:0,(anonymous_0)
DA:1,1
DA:3,0
LF:2
LH:1
BRF:0
BRH:0
end_of_record
TN:
SF:src/components/icons/ClockRotateLeft.tsx
FN:1,(anonymous_0)
FNF:1
FNH:0
FNDA:0,(anonymous_0)
DA:1,1
DA:3,0
LF:2
LH:1
BRF:0
BRH:0
end_of_record
TN:
SF:src/components/icons/Comments.tsx
FN:1,(anonymous_0)
FNF:1
FNH:0
FNDA:0,(anonymous_0)
DA:1,1
DA:3,0
LF:2
LH:1
BRF:0
BRH:0
end_of_record
TN:
SF:src/components/icons/Dumbbell.tsx
FN:1,(anonymous_0)
FNF:1
FNH:0
FNDA:0,(anonymous_0)
DA:1,1
DA:3,0
LF:2
LH:1
BRF:0
BRH:0
end_of_record
TN:
SF:src/components/icons/FolderOpen.tsx
FN:1,(anonymous_0)
FNF:1
FNH:0
FNDA:0,(anonymous_0)
DA:1,1
DA:3,0
LF:2
LH:1
BRF:0
BRH:0
end_of_record
TN:
SF:src/components/icons/Inbox.tsx
FN:1,(anonymous_0)
FNF:1
FNH:0
FNDA:0,(anonymous_0)
DA:1,1
DA:3,0
LF:2
LH:1
BRF:0
BRH:0
end_of_record
TN:
SF:src/components/icons/MagnifyingGlass.tsx
FN:1,(anonymous_0)
FNF:1
FNH:0
FNDA:0,(anonymous_0)
DA:1,1
DA:3,0
LF:2
LH:1
BRF:0
BRH:0
end_of_record
TN:
SF:src/components/icons/Pen.tsx
FN:1,(anonymous_0)
FNF:1
FNH:1
FNDA:11,(anonymous_0)
DA:1,1
DA:3,11
LF:2
LH:2
BRF:0
BRH:0
end_of_record
TN:
SF:src/components/icons/Plus.tsx
FN:1,(anonymous_0)
FNF:1
FNH:0
FNDA:0,(anonymous_0)
DA:1,1
DA:3,0
LF:2
LH:1
BRF:0
BRH:0
end_of_record
TN:
SF:src/components/icons/Save.tsx
FN:1,(anonymous_0)
FNF:1
FNH:1
FNDA:27,(anonymous_0)
DA:1,1
DA:3,27
LF:2
LH:2
BRF:0
BRH:0
end_of_record
TN:
SF:src/components/icons/UserLarge.tsx
FN:1,(anonymous_0)
FNF:1
FNH:0
FNDA:0,(anonymous_0)
DA:1,1
DA:3,0
LF:2
LH:1
BRF:0
BRH:0
end_of_record
TN:
SF:src/components/icons/Utensils.tsx
FN:1,(anonymous_0)
FNF:1
FNH:0
FNDA:0,(anonymous_0)
DA:1,1
DA:3,0
LF:2
LH:1
BRF:0
BRH:0
end_of_record
TN:
SF:src/components/icons/Xmark.tsx
FN:1,(anonymous_0)
FNF:1
FNH:1
FNDA:29,(anonymous_0)
DA:1,1
DA:3,29
LF:2
LH:2
BRF:0
BRH:0
end_of_record
TN:
SF:src/components/icons/index.tsx
FN:26,(anonymous_4)
FNF:1
FNH:1
FNDA:94,(anonymous_4)
DA:2,1
DA:6,1
DA:7,1
DA:8,1
DA:9,1
DA:10,1
DA:11,1
DA:12,1
DA:13,1
DA:14,1
DA:15,1
DA:16,1
DA:17,1
DA:18,1
DA:19,1
DA:20,1
DA:21,1
DA:22,1
DA:23,1
DA:24,1
DA:26,1
DA:34,94
DA:35,94
DA:37,94
DA:38,94
DA:39,94
DA:42,94
LF:27
LH:27
BRDA:38,0,0,94
BRF:1
BRH:1
end_of_record
TN:
SF:src/mocks/imageMock.ts
FNF:0
FNH:0
DA:1,1
LF:1
LH:1
BRF:0
BRH:0
end_of_record
TN:
SF:src/pages/users/components/exerciseAutocomplete/ExerciseAutocomplete.tsx
FN:5,(anonymous_0)
FN:16,(anonymous_1)
FN:29,(anonymous_2)
FN:33,(anonymous_3)
FNF:4
FNH:4
FNDA:79,(anonymous_0)
FNDA:25,(anonymous_1)
FNDA:3,(anonymous_2)
FNDA:9,(anonymous_3)
DA:1,1
DA:2,1
DA:3,1
DA:5,1
DA:13,79
DA:14,79
DA:16,79
DA:17,25
DA:20,79
DA:30,3
DA:31,3
DA:34,9
DA:35,9
DA:36,9
DA:37,9
LF:15
LH:15
BRDA:8,0,0,0
BRDA:36,1,0,9
BRF:2
BRH:1
end_of_record
TN:
SF:src/pages/users/components/gymWorkout/activeWorkout/ActiveWorkoutContext.tsx
FN:13,(anonymous_0)
FN:14,(anonymous_1)
FN:15,(anonymous_2)
FNF:3
FNH:0
FNDA:0,(anonymous_0)
FNDA:0,(anonymous_1)
FNDA:0,(anonymous_2)
DA:1,1
DA:3,1
DA:18,1
LF:3
LH:3
BRF:0
BRH:0
end_of_record
TN:
SF:src/pages/users/components/gymWorkout/activeWorkout/ActiveWorkoutPage.tsx
FN:8,(anonymous_0)
FN:15,(anonymous_1)
FN:37,(anonymous_2)
FNF:3
FNH:3
FNDA:11,(anonymous_0)
FNDA:2,(anonymous_1)
FNDA:9,(anonymous_2)
DA:1,1
DA:4,1
DA:8,1
DA:15,11
DA:17,11
DA:19,10
DA:20,1
DA:37,9
DA:38,9
DA:46,1
LF:10
LH:10
BRDA:17,0,0,1
BRDA:19,1,0,1
BRDA:19,2,0,10
BRDA:19,2,1,1
BRF:4
BRH:4
end_of_record
TN:
SF:src/pages/users/components/gymWorkout/activeWorkout/ativeWorkout.logic.ts
FN:3,(anonymous_0)
FN:23,(anonymous_1)
FN:36,(anonymous_2)
FN:47,(anonymous_3)
FNF:4
FNH:1
FNDA:2,(anonymous_0)
FNDA:0,(anonymous_1)
FNDA:0,(anonymous_2)
FNDA:0,(anonymous_3)
DA:3,1
DA:14,2
DA:15,2
DA:21,0
DA:24,0
DA:25,0
DA:31,0
DA:36,1
DA:45,0
DA:48,0
DA:49,0
DA:59,0
LF:12
LH:4
BRDA:14,0,0,2
BRDA:24,1,0,0
BRDA:48,2,0,0
BRF:3
BRH:1
end_of_record
TN:
SF:src/pages/users/components/gymWorkout/activeWorkout/exerciseSetAdd/AddSetupInputs.tsx
FN:12,(anonymous_0)
FN:21,(anonymous_1)
FN:30,(anonymous_2)
FNF:3
FNH:3
FNDA:27,(anonymous_0)
FNDA:9,(anonymous_1)
FNDA:3,(anonymous_2)
DA:1,1
DA:2,1
DA:3,1
DA:12,1
DA:21,27
DA:22,9
DA:25,27
DA:30,3
LF:8
LH:8
BRF:0
BRH:0
end_of_record
TN:
SF:src/pages/users/components/gymWorkout/activeWorkout/exerciseSetEdit/ActiveWorkoutExerciseSet.tsx
FN:20,(anonymous_0)
FN:35,(anonymous_1)
FN:42,(anonymous_2)
FN:53,(anonymous_3)
FN:59,(anonymous_4)
FN:67,(anonymous_5)
FN:70,(anonymous_6)
FN:80,(anonymous_7)
FN:84,(anonymous_8)
FN:89,(anonymous_9)
FN:92,(anonymous_10)
FN:130,(anonymous_11)
FN:148,(anonymous_12)
FN:152,(anonymous_13)
FN:170,(anonymous_14)
FNF:15
FNH:13
FNDA:38,(anonymous_0)
FNDA:10,(anonymous_1)
FNDA:2,(anonymous_2)
FNDA:2,(anonymous_3)
FNDA:0,(anonymous_4)
FNDA:2,(anonymous_5)
FNDA:2,(anonymous_6)
FNDA:1,(anonymous_7)
FNDA:1,(anonymous_8)
FNDA:0,(anonymous_9)
FNDA:3,(anonymous_10)
FNDA:1,(anonymous_11)
FNDA:41,(anonymous_12)
FNDA:2,(anonymous_13)
FNDA:1,(anonymous_14)
DA:1,1
DA:2,1
DA:3,1
DA:4,1
DA:6,1
DA:7,1
DA:8,1
DA:9,1
DA:10,1
DA:14,1
DA:15,1
DA:16,1
DA:17,1
DA:18,1
DA:20,1
DA:28,38
DA:29,38
DA:30,38
DA:31,38
DA:32,38
DA:33,38
DA:35,38
DA:36,10
DA:37,8
DA:38,8
DA:41,2
DA:43,2
DA:44,0
DA:46,2
DA:47,2
DA:53,38
DA:54,2
DA:59,38
DA:63,0
DA:64,0
DA:67,38
DA:68,2
DA:69,1
DA:70,2
DA:72,1
DA:76,1
DA:79,1
DA:81,1
DA:84,1
DA:87,1
DA:89,0
DA:92,38
DA:93,3
DA:97,3
DA:106,3
DA:110,3
DA:113,38
DA:130,1
DA:149,41
DA:152,2
DA:170,1
DA:177,1
LF:57
LH:53
BRDA:36,0,0,8
BRDA:43,1,0,0
BRDA:43,1,1,2
BRDA:68,2,0,1
BRDA:100,3,0,3
BRDA:100,3,1,0
BRDA:101,4,0,3
BRDA:101,4,1,0
BRDA:102,5,0,3
BRDA:102,5,1,0
BRDA:124,6,0,27
BRDA:124,6,1,11
BRDA:141,7,0,27
BRDA:141,7,1,11
BRDA:142,8,0,27
BRDA:142,8,1,11
BRDA:155,9,0,38
BRDA:155,9,1,27
BRF:18
BRH:14
end_of_record
TN:
SF:src/pages/users/components/gymWorkout/activeWorkout/exerciseSetEdit/ActiveWorkoutExerciseSetup.tsx
FN:7,(anonymous_0)
FN:22,(anonymous_1)
FN:26,(anonymous_2)
FN:43,(anonymous_3)
FN:53,(anonymous_4)
FN:79,(anonymous_5)
FNF:6
FNH:4
FNDA:164,(anonymous_0)
FNDA:0,(anonymous_1)
FNDA:116,(anonymous_2)
FNDA:0,(anonymous_3)
FNDA:41,(anonymous_4)
FNDA:2,(anonymous_5)
DA:1,1
DA:3,1
DA:4,1
DA:5,1
DA:7,1
DA:18,164
DA:22,164
DA:23,0
DA:26,164
DA:27,116
DA:28,116
DA:29,87
DA:40,29
DA:44,0
DA:50,164
DA:53,1
DA:66,41
DA:67,41
DA:69,41
DA:79,2
DA:87,1
LF:21
LH:19
BRDA:28,0,0,87
BRDA:50,1,0,116
BRDA:50,1,1,48
BRDA:75,2,0,41
BRDA:75,2,1,29
BRF:5
BRH:5
end_of_record
TN:
SF:src/pages/users/components/gymWorkout/activeWorkout/utils/ExerciseSetTable.tsx
FN:3,(anonymous_0)
FN:14,(anonymous_1)
FNF:2
FNH:2
FNDA:38,(anonymous_0)
FNDA:152,(anonymous_1)
DA:3,1
DA:7,38
DA:15,152
LF:3
LH:3
BRDA:17,0,0,38
BRDA:17,0,1,27
BRF:2
BRH:2
end_of_record
TN:
SF:src/pages/users/components/gymWorkout/activeWorkout/utils/ExerciseSetWrapper.tsx
FN:3,(anonymous_0)
FNF:1
FNH:1
FNDA:38,(anonymous_0)
DA:3,1
DA:4,38
LF:2
LH:2
BRF:0
BRH:0
end_of_record
TN:
SF:src/pages/users/components/gymWorkout/activeWorkout/utils/RemoveRowDeleteIcon.tsx
FN:5,(anonymous_0)
FNF:1
FNH:1
FNDA:29,(anonymous_0)
DA:1,1
DA:2,1
DA:3,1
DA:5,1
DA:15,29
DA:25,29
DA:26,0
DA:29,29
LF:8
LH:7
BRDA:25,0,0,0
BRF:1
BRH:0
end_of_record
TN:
SF:src/pages/users/components/gymWorkout/activeWorkout/utils/tests.tsx
FN:7,(anonymous_0)
FN:21,(anonymous_1)
FN:39,(anonymous_2)
FN:53,(anonymous_3)
FNF:4
FNH:4
FNDA:3,(anonymous_0)
FNDA:2,(anonymous_1)
FNDA:2,(anonymous_2)
FNDA:7,(anonymous_3)
DA:1,1
DA:3,1
DA:4,1
DA:5,1
DA:7,1
DA:8,3
DA:11,3
DA:12,3
DA:13,3
DA:15,3
DA:17,3
DA:18,3
DA:21,1
DA:25,2
DA:26,2
DA:27,2
DA:30,2
DA:33,2
DA:36,2
DA:39,1
DA:40,2
DA:41,2
DA:43,2
DA:44,2
DA:46,2
DA:47,2
DA:49,2
DA:50,2
DA:53,1
DA:54,7
DA:55,7
DA:58,7
DA:59,7
LF:33
LH:33
BRDA:23,0,0,1
BRF:1
BRH:1
end_of_record
TN:
SF:src/pages/users/hooks/useExerciseAutocomplete.ts
FN:6,(anonymous_0)
FN:13,(anonymous_1)
FN:20,(anonymous_2)
FN:23,(anonymous_3)
FNF:4
FNH:4
FNDA:79,(anonymous_0)
FNDA:9,(anonymous_1)
FNDA:9,(anonymous_2)
FNDA:5,(anonymous_3)
DA:1,1
DA:2,1
DA:6,1
DA:7,79
DA:11,79
DA:13,79
DA:14,9
DA:15,6
DA:16,6
DA:20,79
DA:21,9
DA:23,9
DA:24,5
DA:25,2
DA:28,3
DA:32,79
DA:35,1
LF:17
LH:17
BRDA:14,0,0,6
BRDA:24,1,0,2
BRF:2
BRH:2
end_of_record
TN:
SF:src/pages/users/hooks/useRemoveSetupFromSet.ts
FN:3,(anonymous_0)
FN:8,(anonymous_1)
FNF:2
FNH:2
FNDA:38,(anonymous_0)
FNDA:1,(anonymous_1)
DA:1,1
DA:3,1
DA:4,38
DA:8,38
DA:9,1
DA:12,38
LF:6
LH:6
BRF:0
BRH:0
end_of_record
TN:
SF:src/pages/users/hooks/useSetupState.ts
FN:14,(anonymous_0)
FN:20,(anonymous_1)
FN:35,(anonymous_2)
FN:39,(anonymous_3)
FN:43,(anonymous_4)
FN:53,(anonymous_5)
FN:54,(anonymous_6)
FNF:7
FNH:3
FNDA:38,(anonymous_0)
FNDA:12,(anonymous_1)
FNDA:3,(anonymous_2)
FNDA:0,(anonymous_3)
FNDA:0,(anonymous_4)
FNDA:0,(anonymous_5)
FNDA:0,(anonymous_6)
DA:1,1
DA:5,1
DA:14,1
DA:15,38
DA:18,38
DA:20,38
DA:21,12
DA:22,3
DA:27,9
DA:28,9
DA:35,38
DA:36,3
DA:39,38
DA:40,0
DA:43,38
DA:44,0
DA:45,0
DA:46,0
DA:47,0
DA:49,0
DA:50,0
DA:53,38
DA:54,0
DA:57,38
LF:24
LH:16
BRDA:21,0,0,3
BRDA:21,0,1,9
BRDA:27,1,0,9
BRDA:27,2,0,9
BRDA:27,2,1,9
BRDA:44,3,0,0
BRDA:45,4,0,0
BRDA:46,5,0,0
BRDA:47,6,0,0
BRF:9
BRH:5
end_of_record
TN:
SF:src/pages/users/hooks/useUpdateExerciseSet.tsx
FN:4,(anonymous_0)
FN:10,(anonymous_1)
FN:13,(anonymous_2)
FNF:3
FNH:3
FNDA:38,(anonymous_0)
FNDA:2,(anonymous_1)
FNDA:3,(anonymous_2)
DA:2,1
DA:4,1
DA:5,38
DA:10,38
DA:11,2
DA:13,3
DA:23,2
DA:26,38
LF:8
LH:8
BRF:0
BRH:0
end_of_record
TN:
SF:src/utils/testUtils.ts
FN:4,(anonymous_0)
FN:9,(anonymous_1)
FN:14,(anonymous_2)
FN:18,(anonymous_3)
FN:31,(anonymous_4)
FNF:5
FNH:4
FNDA:0,(anonymous_0)
FNDA:9,(anonymous_1)
FNDA:6,(anonymous_2)
FNDA:3,(anonymous_3)
FNDA:62,(anonymous_4)
DA:1,1
DA:3,1
DA:5,0
DA:6,0
DA:10,9
DA:11,9
DA:15,6
DA:23,3
DA:24,3
DA:27,3
DA:30,3
DA:32,62
DA:36,3
DA:37,3
LF:14
LH:12
BRF:0
BRH:0
end_of_record
TN:
SF:src/utils/useDoFetch.ts
FN:4,(anonymous_0)
FN:15,(anonymous_1)
FN:17,(anonymous_2)
FN:21,(anonymous_3)
FN:32,(anonymous_4)
FNF:5
FNH:5
FNDA:79,(anonymous_0)
FNDA:3,(anonymous_1)
FNDA:3,(anonymous_2)
FNDA:3,(anonymous_3)
FNDA:3,(anonymous_4)
DA:1,1
DA:2,1
DA:4,1
DA:9,79
DA:10,79
DA:11,79
DA:13,79
DA:15,79
DA:16,3
DA:17,3
DA:20,3
DA:22,3
DA:23,3
DA:24,3
DA:25,3
DA:27,0
DA:28,0
DA:33,3
DA:38,79
DA:41,1
LF:20
LH:18
BRDA:23,0,0,3
BRDA:23,0,1,0
BRF:2
BRH:1
end_of_record
