TN:
SF:src/components/icons/AngleRight.tsx
FN:1,(anonymous_0)
FNF:1
FNH:0
FNDA:0,(anonymous_0)
DA:1,2
DA:3,0
LF:2
LH:1
BRF:0
BRH:0
end_of_record
TN:
SF:src/components/icons/ArrowBack.tsx
FN:1,(anonymous_0)
FNF:1
FNH:1
FNDA:18,(anonymous_0)
DA:1,2
DA:3,18
LF:2
LH:2
BRF:0
BRH:0
end_of_record
TN:
SF:src/components/icons/Ban.tsx
FN:1,(anonymous_0)
FNF:1
FNH:1
FNDA:9,(anonymous_0)
DA:1,2
DA:3,9
LF:2
LH:2
BRF:0
BRH:0
end_of_record
TN:
SF:src/components/icons/Capsules.tsx
FN:1,(anonymous_0)
FNF:1
FNH:0
FNDA:0,(anonymous_0)
DA:1,2
DA:3,0
LF:2
LH:1
BRF:0
BRH:0
end_of_record
TN:
SF:src/components/icons/Check.tsx
FN:1,(anonymous_0)
FNF:1
FNH:1
FNDA:36,(anonymous_0)
DA:1,2
DA:3,36
LF:2
LH:2
BRF:0
BRH:0
end_of_record
TN:
SF:src/components/icons/CircleQuestion.tsx
FN:1,(anonymous_0)
FNF:1
FNH:0
FNDA:0,(anonymous_0)
DA:1,2
DA:3,0
LF:2
LH:1
BRF:0
BRH:0
end_of_record
TN:
SF:src/components/icons/Clipboard.tsx
FN:1,(anonymous_0)
FNF:1
FNH:0
FNDA:0,(anonymous_0)
DA:1,2
DA:3,0
LF:2
LH:1
BRF:0
BRH:0
end_of_record
TN:
SF:src/components/icons/ClockRotateLeft.tsx
FN:1,(anonymous_0)
FNF:1
FNH:0
FNDA:0,(anonymous_0)
DA:1,2
DA:3,0
LF:2
LH:1
BRF:0
BRH:0
end_of_record
TN:
SF:src/components/icons/Comments.tsx
FN:1,(anonymous_0)
FNF:1
FNH:0
FNDA:0,(anonymous_0)
DA:1,2
DA:3,0
LF:2
LH:1
BRF:0
BRH:0
end_of_record
TN:
SF:src/components/icons/Dumbbell.tsx
FN:1,(anonymous_0)
FNF:1
FNH:0
FNDA:0,(anonymous_0)
DA:1,2
DA:3,0
LF:2
LH:1
BRF:0
BRH:0
end_of_record
TN:
SF:src/components/icons/FolderOpen.tsx
FN:1,(anonymous_0)
FNF:1
FNH:0
FNDA:0,(anonymous_0)
DA:1,2
DA:3,0
LF:2
LH:1
BRF:0
BRH:0
end_of_record
TN:
SF:src/components/icons/Inbox.tsx
FN:1,(anonymous_0)
FNF:1
FNH:0
FNDA:0,(anonymous_0)
DA:1,2
DA:3,0
LF:2
LH:1
BRF:0
BRH:0
end_of_record
TN:
SF:src/components/icons/MagnifyingGlass.tsx
FN:1,(anonymous_0)
FNF:1
FNH:0
FNDA:0,(anonymous_0)
DA:1,2
DA:3,0
LF:2
LH:1
BRF:0
BRH:0
end_of_record
TN:
SF:src/components/icons/Pen.tsx
FN:1,(anonymous_0)
FNF:1
FNH:1
FNDA:11,(anonymous_0)
DA:1,2
DA:3,11
LF:2
LH:2
BRF:0
BRH:0
end_of_record
TN:
SF:src/components/icons/Plus.tsx
FN:1,(anonymous_0)
FNF:1
FNH:1
FNDA:18,(anonymous_0)
DA:1,2
DA:3,18
LF:2
LH:2
BRF:0
BRH:0
end_of_record
TN:
SF:src/components/icons/Save.tsx
FN:1,(anonymous_0)
FNF:1
FNH:1
FNDA:36,(anonymous_0)
DA:1,2
DA:3,36
LF:2
LH:2
BRF:0
BRH:0
end_of_record
TN:
SF:src/components/icons/UserLarge.tsx
FN:1,(anonymous_0)
FNF:1
FNH:0
FNDA:0,(anonymous_0)
DA:1,2
DA:3,0
LF:2
LH:1
BRF:0
BRH:0
end_of_record
TN:
SF:src/components/icons/Utensils.tsx
FN:1,(anonymous_0)
FNF:1
FNH:0
FNDA:0,(anonymous_0)
DA:1,2
DA:3,0
LF:2
LH:1
BRF:0
BRH:0
end_of_record
TN:
SF:src/components/icons/Xmark.tsx
FN:1,(anonymous_0)
FNF:1
FNH:1
FNDA:31,(anonymous_0)
DA:1,2
DA:3,31
LF:2
LH:2
BRF:0
BRH:0
end_of_record
TN:
SF:src/components/icons/index.tsx
FN:26,(anonymous_4)
FNF:1
FNH:1
FNDA:159,(anonymous_4)
DA:2,2
DA:6,2
DA:7,2
DA:8,2
DA:9,2
DA:10,2
DA:11,2
DA:12,2
DA:13,2
DA:14,2
DA:15,2
DA:16,2
DA:17,2
DA:18,2
DA:19,2
DA:20,2
DA:21,2
DA:22,2
DA:23,2
DA:24,2
DA:26,2
DA:34,159
DA:35,159
DA:37,159
DA:38,159
DA:39,159
DA:42,159
LF:27
LH:27
BRDA:38,0,0,159
BRF:1
BRH:1
end_of_record
TN:
SF:src/mocks/imageMock.ts
FNF:0
FNH:0
DA:1,2
LF:1
LH:1
BRF:0
BRH:0
end_of_record
TN:
SF:src/pages/users/components/UserEntryLayoutt.tsx
FN:6,(anonymous_0)
FN:32,(anonymous_1)
FN:35,(anonymous_2)
FNF:3
FNH:2
FNDA:18,(anonymous_0)
FNDA:18,(anonymous_1)
FNDA:0,(anonymous_2)
DA:1,1
DA:2,1
DA:3,1
DA:4,1
DA:6,1
DA:10,18
DA:32,1
DA:33,18
DA:35,18
DA:38,1
LF:10
LH:10
BRF:0
BRH:0
end_of_record
TN:
SF:src/pages/users/components/UserPageContext.tsx
FN:4,(anonymous_0)
FN:14,(anonymous_1)
FNF:2
FNH:1
FNDA:1,(anonymous_0)
FNDA:0,(anonymous_1)
DA:1,1
DA:4,1
DA:5,1
DA:6,1
DA:7,1
DA:10,1
DA:17,1
LF:7
LH:7
BRDA:4,0,0,1
BRDA:4,0,1,1
BRF:2
BRH:2
end_of_record
TN:
SF:src/pages/users/components/exerciseAutocomplete/ExerciseAutocomplete.tsx
FN:5,(anonymous_0)
FN:16,(anonymous_1)
FN:29,(anonymous_2)
FN:33,(anonymous_3)
FNF:4
FNH:4
FNDA:94,(anonymous_0)
FNDA:28,(anonymous_1)
FNDA:4,(anonymous_2)
FNDA:12,(anonymous_3)
DA:1,2
DA:2,2
DA:3,2
DA:5,2
DA:13,94
DA:14,94
DA:16,94
DA:17,28
DA:20,94
DA:30,4
DA:31,4
DA:34,12
DA:35,12
DA:36,12
DA:37,12
LF:15
LH:15
BRDA:8,0,0,0
BRDA:36,1,0,12
BRF:2
BRH:1
end_of_record
TN:
SF:src/pages/users/components/gymWorkout/NewWorkoutModal.tsx
FN:19,(anonymous_0)
FN:24,(anonymous_1)
FN:34,(anonymous_2)
FN:41,(anonymous_3)
FNF:4
FNH:4
FNDA:536,(anonymous_0)
FNDA:5,(anonymous_1)
FNDA:2,(anonymous_2)
FNDA:2,(anonymous_3)
DA:1,1
DA:2,1
DA:3,1
DA:4,1
DA:5,1
DA:6,1
DA:8,1
DA:9,1
DA:19,1
DA:21,536
DA:24,1
DA:30,5
DA:31,5
DA:32,5
DA:34,5
DA:35,2
DA:41,2
DA:42,2
DA:45,5
LF:19
LH:19
BRDA:21,0,0,536
BRDA:21,0,1,536
BRF:2
BRH:2
end_of_record
TN:
SF:src/pages/users/components/gymWorkout/UserGymPlan.tsx
FN:13,(anonymous_0)
FN:20,(anonymous_1)
FN:29,(anonymous_2)
FN:53,(anonymous_3)
FN:66,(anonymous_4)
FNF:5
FNH:4
FNDA:20,(anonymous_0)
FNDA:5,(anonymous_1)
FNDA:2,(anonymous_2)
FNDA:0,(anonymous_3)
FNDA:1,(anonymous_4)
DA:1,1
DA:2,1
DA:3,1
DA:4,1
DA:5,1
DA:6,1
DA:7,1
DA:8,1
DA:9,1
DA:10,1
DA:13,1
DA:14,20
DA:15,19
DA:16,19
DA:18,19
DA:20,19
DA:21,5
DA:22,1
DA:23,1
DA:26,4
DA:29,19
DA:30,2
DA:31,2
DA:34,19
DA:53,0
DA:66,1
DA:91,1
LF:27
LH:26
BRDA:21,0,0,1
BRDA:49,1,0,3
BRDA:49,1,1,16
BRDA:51,2,0,19
BRDA:51,2,1,6
BRDA:58,3,0,19
BRDA:58,3,1,3
BRDA:62,4,0,3
BRDA:62,4,1,1
BRDA:76,5,0,19
BRDA:76,5,1,16
BRF:11
BRH:11
end_of_record
TN:
SF:src/pages/users/components/gymWorkout/activeWorkout/ActiveWorkoutContext.tsx
FN:13,(anonymous_0)
FN:14,(anonymous_1)
FN:15,(anonymous_2)
FNF:3
FNH:0
FNDA:0,(anonymous_0)
FNDA:0,(anonymous_1)
FNDA:0,(anonymous_2)
DA:1,2
DA:3,2
DA:18,2
LF:3
LH:3
BRF:0
BRH:0
end_of_record
TN:
SF:src/pages/users/components/gymWorkout/activeWorkout/ActiveWorkoutPage.tsx
FN:8,(anonymous_0)
FN:15,(anonymous_1)
FN:37,(anonymous_2)
FNF:3
FNH:3
FNDA:14,(anonymous_0)
FNDA:2,(anonymous_1)
FNDA:9,(anonymous_2)
DA:1,2
DA:4,2
DA:8,2
DA:15,14
DA:17,14
DA:19,13
DA:20,3
DA:37,10
DA:38,9
DA:46,2
LF:10
LH:10
BRDA:17,0,0,1
BRDA:19,1,0,3
BRDA:19,2,0,13
BRDA:19,2,1,4
BRF:4
BRH:4
end_of_record
TN:
SF:src/pages/users/components/gymWorkout/activeWorkout/ativeWorkout.logic.ts
FN:3,(anonymous_0)
FN:23,(anonymous_1)
FN:36,(anonymous_2)
FN:47,(anonymous_3)
FNF:4
FNH:1
FNDA:2,(anonymous_0)
FNDA:0,(anonymous_1)
FNDA:0,(anonymous_2)
FNDA:0,(anonymous_3)
DA:3,2
DA:14,2
DA:15,2
DA:21,0
DA:24,0
DA:25,0
DA:31,0
DA:36,2
DA:45,0
DA:48,0
DA:49,0
DA:59,0
LF:12
LH:4
BRDA:14,0,0,2
BRDA:24,1,0,0
BRDA:48,2,0,0
BRF:3
BRH:1
end_of_record
TN:
SF:src/pages/users/components/gymWorkout/activeWorkout/exerciseSetAdd/ActiveWorkoutSetAdd.tsx
FN:18,(anonymous_0)
FN:39,(anonymous_1)
FN:48,(anonymous_2)
FN:54,(anonymous_3)
FNF:4
FNH:4
FNDA:9,(anonymous_0)
FNDA:2,(anonymous_1)
FNDA:1,(anonymous_2)
FNDA:1,(anonymous_3)
DA:1,1
DA:2,1
DA:3,1
DA:4,1
DA:5,1
DA:6,1
DA:8,1
DA:9,1
DA:10,1
DA:11,1
DA:13,1
DA:18,1
DA:27,9
DA:28,9
DA:36,9
DA:37,9
DA:39,9
DA:42,2
DA:48,9
DA:49,1
DA:53,1
DA:55,1
DA:61,9
DA:108,1
LF:24
LH:24
BRF:0
BRH:0
end_of_record
TN:
SF:src/pages/users/components/gymWorkout/activeWorkout/exerciseSetAdd/AddSetupInputs.tsx
FN:12,(anonymous_0)
FN:21,(anonymous_1)
FN:30,(anonymous_2)
FNF:3
FNH:3
FNDA:36,(anonymous_0)
FNDA:12,(anonymous_1)
FNDA:4,(anonymous_2)
DA:1,2
DA:2,2
DA:3,2
DA:12,2
DA:21,36
DA:22,12
DA:25,36
DA:30,4
LF:8
LH:8
BRF:0
BRH:0
end_of_record
TN:
SF:src/pages/users/components/gymWorkout/activeWorkout/exerciseSetAdd/SetupsAdded.tsx
FN:4,(anonymous_0)
FN:11,(anonymous_1)
FN:19,(anonymous_2)
FNF:3
FNH:2
FNDA:9,(anonymous_0)
FNDA:2,(anonymous_1)
FNDA:0,(anonymous_2)
DA:2,1
DA:4,1
DA:11,9
DA:12,2
DA:19,0
LF:5
LH:4
BRF:0
BRH:0
end_of_record
TN:
SF:src/pages/users/components/gymWorkout/activeWorkout/exerciseSetEdit/ActiveWorkoutExerciseSet.tsx
FN:20,(anonymous_0)
FN:35,(anonymous_1)
FN:42,(anonymous_2)
FN:53,(anonymous_3)
FN:59,(anonymous_4)
FN:67,(anonymous_5)
FN:70,(anonymous_6)
FN:80,(anonymous_7)
FN:84,(anonymous_8)
FN:89,(anonymous_9)
FN:92,(anonymous_10)
FN:130,(anonymous_11)
FN:148,(anonymous_12)
FN:152,(anonymous_13)
FN:170,(anonymous_14)
FNF:15
FNH:13
FNDA:38,(anonymous_0)
FNDA:10,(anonymous_1)
FNDA:2,(anonymous_2)
FNDA:2,(anonymous_3)
FNDA:0,(anonymous_4)
FNDA:2,(anonymous_5)
FNDA:2,(anonymous_6)
FNDA:1,(anonymous_7)
FNDA:1,(anonymous_8)
FNDA:0,(anonymous_9)
FNDA:3,(anonymous_10)
FNDA:1,(anonymous_11)
FNDA:41,(anonymous_12)
FNDA:2,(anonymous_13)
FNDA:1,(anonymous_14)
DA:1,2
DA:2,2
DA:3,2
DA:4,2
DA:6,2
DA:7,2
DA:8,2
DA:9,2
DA:10,2
DA:14,2
DA:15,2
DA:16,2
DA:17,2
DA:18,2
DA:20,2
DA:28,38
DA:29,38
DA:30,38
DA:31,38
DA:32,38
DA:33,38
DA:35,38
DA:36,10
DA:37,8
DA:38,8
DA:41,2
DA:43,2
DA:44,0
DA:46,2
DA:47,2
DA:53,38
DA:54,2
DA:59,38
DA:63,0
DA:64,0
DA:67,38
DA:68,2
DA:69,1
DA:70,2
DA:72,1
DA:76,1
DA:79,1
DA:81,1
DA:84,1
DA:87,1
DA:89,0
DA:92,38
DA:93,3
DA:97,3
DA:106,3
DA:110,3
DA:113,38
DA:130,1
DA:149,41
DA:152,2
DA:170,1
DA:177,2
LF:57
LH:53
BRDA:36,0,0,8
BRDA:43,1,0,0
BRDA:43,1,1,2
BRDA:68,2,0,1
BRDA:100,3,0,3
BRDA:100,3,1,0
BRDA:101,4,0,3
BRDA:101,4,1,0
BRDA:102,5,0,3
BRDA:102,5,1,0
BRDA:124,6,0,27
BRDA:124,6,1,11
BRDA:141,7,0,27
BRDA:141,7,1,11
BRDA:142,8,0,27
BRDA:142,8,1,11
BRDA:155,9,0,38
BRDA:155,9,1,27
BRF:18
BRH:14
end_of_record
TN:
SF:src/pages/users/components/gymWorkout/activeWorkout/exerciseSetEdit/ActiveWorkoutExerciseSetup.tsx
FN:7,(anonymous_0)
FN:22,(anonymous_1)
FN:26,(anonymous_2)
FN:43,(anonymous_3)
FN:53,(anonymous_4)
FN:79,(anonymous_5)
FNF:6
FNH:4
FNDA:164,(anonymous_0)
FNDA:0,(anonymous_1)
FNDA:116,(anonymous_2)
FNDA:0,(anonymous_3)
FNDA:41,(anonymous_4)
FNDA:2,(anonymous_5)
DA:1,2
DA:3,2
DA:4,2
DA:5,2
DA:7,2
DA:18,164
DA:22,164
DA:23,0
DA:26,164
DA:27,116
DA:28,116
DA:29,87
DA:40,29
DA:44,0
DA:50,164
DA:53,2
DA:66,41
DA:67,41
DA:69,41
DA:79,2
DA:87,2
LF:21
LH:19
BRDA:28,0,0,87
BRDA:50,1,0,116
BRDA:50,1,1,48
BRDA:75,2,0,41
BRDA:75,2,1,29
BRF:5
BRH:5
end_of_record
TN:
SF:src/pages/users/components/gymWorkout/activeWorkout/utils/ExerciseSetTable.tsx
FN:3,(anonymous_0)
FN:14,(anonymous_1)
FNF:2
FNH:2
FNDA:47,(anonymous_0)
FNDA:188,(anonymous_1)
DA:3,2
DA:7,47
DA:15,188
LF:3
LH:3
BRDA:17,0,0,47
BRDA:17,0,1,36
BRF:2
BRH:2
end_of_record
TN:
SF:src/pages/users/components/gymWorkout/activeWorkout/utils/ExerciseSetWrapper.tsx
FN:3,(anonymous_0)
FNF:1
FNH:1
FNDA:47,(anonymous_0)
DA:3,2
DA:4,47
LF:2
LH:2
BRF:0
BRH:0
end_of_record
TN:
SF:src/pages/users/components/gymWorkout/activeWorkout/utils/RemoveRowDeleteIcon.tsx
FN:5,(anonymous_0)
FNF:1
FNH:1
FNDA:31,(anonymous_0)
DA:1,2
DA:2,2
DA:3,2
DA:5,2
DA:15,31
DA:25,31
DA:26,2
DA:29,29
LF:8
LH:8
BRDA:25,0,0,2
BRF:1
BRH:1
end_of_record
TN:
SF:src/pages/users/components/gymWorkout/activeWorkout/utils/tests.tsx
FN:45,(anonymous_0)
FN:67,(anonymous_1)
FN:85,(anonymous_2)
FN:94,(anonymous_3)
FN:103,(anonymous_4)
FNF:5
FNH:5
FNDA:4,(anonymous_0)
FNDA:2,(anonymous_1)
FNDA:3,(anonymous_2)
FNDA:7,(anonymous_3)
FNDA:2,(anonymous_4)
DA:1,2
DA:3,2
DA:4,2
DA:5,2
DA:7,2
DA:16,2
DA:29,2
DA:36,2
DA:45,2
DA:50,4
DA:53,4
DA:54,4
DA:55,4
DA:57,4
DA:63,4
DA:64,4
DA:67,2
DA:71,2
DA:72,2
DA:73,2
DA:76,2
DA:79,2
DA:82,2
DA:85,2
DA:86,3
DA:87,3
DA:88,3
DA:90,3
DA:91,3
DA:94,2
DA:95,7
DA:96,7
DA:99,7
DA:100,7
DA:103,2
DA:104,2
DA:107,2
DA:108,2
LF:38
LH:38
BRDA:48,0,0,3
BRDA:69,1,0,1
BRF:2
BRH:2
end_of_record
TN:
SF:src/pages/users/components/gymWorkout/utils/tests.tsx
FN:19,(anonymous_0)
FN:25,(anonymous_1)
FNF:2
FNH:2
FNDA:6,(anonymous_0)
FNDA:2,(anonymous_1)
DA:1,1
DA:3,1
DA:4,1
DA:5,1
DA:8,1
DA:17,1
DA:19,1
DA:20,6
DA:25,1
DA:29,2
DA:30,2
DA:31,2
DA:32,2
DA:33,2
DA:34,2
DA:35,2
DA:36,2
DA:37,2
DA:38,2
DA:39,2
LF:20
LH:20
BRF:0
BRH:0
end_of_record
TN:
SF:src/pages/users/hooks/useAddSetupToSet.ts
FN:3,(anonymous_0)
FNF:1
FNH:1
FNDA:9,(anonymous_0)
DA:1,1
DA:3,1
DA:4,9
DA:12,9
LF:4
LH:4
BRF:0
BRH:0
end_of_record
TN:
SF:src/pages/users/hooks/useCreateNewWorkout.ts
FN:4,(anonymous_0)
FNF:1
FNH:1
FNDA:5,(anonymous_0)
DA:1,1
DA:4,1
DA:5,5
DA:10,5
DA:13,1
LF:5
LH:5
BRF:0
BRH:0
end_of_record
TN:
SF:src/pages/users/hooks/useExerciseAutocomplete.ts
FN:6,(anonymous_0)
FN:13,(anonymous_1)
FN:20,(anonymous_2)
FN:23,(anonymous_3)
FNF:4
FNH:4
FNDA:94,(anonymous_0)
FNDA:12,(anonymous_1)
FNDA:12,(anonymous_2)
FNDA:6,(anonymous_3)
DA:1,2
DA:2,2
DA:6,2
DA:7,94
DA:11,94
DA:13,94
DA:14,12
DA:15,8
DA:16,8
DA:20,94
DA:21,12
DA:23,12
DA:24,6
DA:25,2
DA:28,4
DA:32,94
DA:35,2
LF:17
LH:17
BRDA:14,0,0,8
BRDA:24,1,0,2
BRF:2
BRH:2
end_of_record
TN:
SF:src/pages/users/hooks/useGetUserActiveWorkout.ts
FN:5,(anonymous_0)
FN:11,(anonymous_1)
FNF:2
FNH:2
FNDA:19,(anonymous_0)
FNDA:8,(anonymous_1)
DA:1,1
DA:2,1
DA:5,1
DA:6,19
DA:11,19
DA:12,8
DA:14,8
DA:16,6
DA:19,19
LF:9
LH:9
BRDA:12,0,0,0
BRDA:14,1,0,2
BRF:2
BRH:1
end_of_record
TN:
SF:src/pages/users/hooks/useRemoveSetupFromSet.ts
FN:3,(anonymous_0)
FN:8,(anonymous_1)
FNF:2
FNH:2
FNDA:38,(anonymous_0)
FNDA:1,(anonymous_1)
DA:1,2
DA:3,2
DA:4,38
DA:8,38
DA:9,1
DA:12,38
LF:6
LH:6
BRF:0
BRH:0
end_of_record
TN:
SF:src/pages/users/hooks/useSetupState.ts
FN:14,(anonymous_0)
FN:20,(anonymous_1)
FN:35,(anonymous_2)
FN:39,(anonymous_3)
FN:43,(anonymous_4)
FN:53,(anonymous_5)
FN:54,(anonymous_6)
FNF:7
FNH:4
FNDA:47,(anonymous_0)
FNDA:16,(anonymous_1)
FNDA:4,(anonymous_2)
FNDA:0,(anonymous_3)
FNDA:1,(anonymous_4)
FNDA:0,(anonymous_5)
FNDA:0,(anonymous_6)
DA:1,2
DA:5,2
DA:14,2
DA:15,47
DA:18,47
DA:20,47
DA:21,16
DA:22,4
DA:27,12
DA:28,12
DA:35,47
DA:36,4
DA:39,47
DA:40,0
DA:43,47
DA:44,1
DA:45,1
DA:46,1
DA:47,1
DA:49,1
DA:50,1
DA:53,47
DA:54,0
DA:57,47
LF:24
LH:22
BRDA:21,0,0,4
BRDA:21,0,1,12
BRDA:27,1,0,12
BRDA:27,2,0,12
BRDA:27,2,1,12
BRDA:44,3,0,0
BRDA:45,4,0,0
BRDA:46,5,0,0
BRDA:47,6,0,0
BRF:9
BRH:5
end_of_record
TN:
SF:src/pages/users/hooks/useUpdateExerciseSet.tsx
FN:4,(anonymous_0)
FN:10,(anonymous_1)
FN:13,(anonymous_2)
FNF:3
FNH:3
FNDA:38,(anonymous_0)
FNDA:2,(anonymous_1)
FNDA:3,(anonymous_2)
DA:2,2
DA:4,2
DA:5,38
DA:10,38
DA:11,2
DA:13,3
DA:23,2
DA:26,38
LF:8
LH:8
BRF:0
BRH:0
end_of_record
TN:
SF:src/utils/testUtils.ts
FN:6,(anonymous_0)
FN:7,(anonymous_1)
FN:12,(anonymous_2)
FN:17,(anonymous_3)
FN:27,(anonymous_4)
FN:32,(anonymous_5)
FN:37,(anonymous_6)
FN:42,(anonymous_7)
FN:47,(anonymous_8)
FN:51,(anonymous_9)
FN:55,(anonymous_10)
FN:56,(anonymous_11)
FN:61,(anonymous_12)
FN:66,(anonymous_13)
FN:76,(anonymous_14)
FNF:15
FNH:14
FNDA:32,(anonymous_0)
FNDA:32,(anonymous_1)
FNDA:4,(anonymous_2)
FNDA:4,(anonymous_3)
FNDA:0,(anonymous_4)
FNDA:9,(anonymous_5)
FNDA:15,(anonymous_6)
FNDA:1,(anonymous_7)
FNDA:6,(anonymous_8)
FNDA:4,(anonymous_9)
FNDA:31,(anonymous_10)
FNDA:31,(anonymous_11)
FNDA:7,(anonymous_12)
FNDA:4,(anonymous_13)
FNDA:83,(anonymous_14)
DA:1,2
DA:2,2
DA:3,2
DA:5,2
DA:7,32
DA:8,32
DA:13,4
DA:14,4
DA:18,4
DA:19,4
DA:20,4
DA:21,4
DA:22,4
DA:28,0
DA:29,0
DA:33,9
DA:34,9
DA:38,15
DA:39,15
DA:43,1
DA:44,1
DA:48,6
DA:52,4
DA:56,31
DA:57,31
DA:62,7
DA:63,7
DA:71,4
DA:72,4
DA:73,4
DA:75,4
DA:77,83
DA:81,4
DA:82,4
LF:34
LH:32
BRDA:17,0,0,0
BRF:1
BRH:0
end_of_record
TN:
SF:src/utils/useDoFetch.ts
FN:4,(anonymous_0)
FN:15,(anonymous_1)
FN:17,(anonymous_2)
FN:21,(anonymous_3)
FN:32,(anonymous_4)
FNF:5
FNH:5
FNDA:127,(anonymous_0)
FNDA:14,(anonymous_1)
FNDA:14,(anonymous_2)
FNDA:14,(anonymous_3)
FNDA:14,(anonymous_4)
DA:1,2
DA:2,2
DA:4,2
DA:9,127
DA:10,127
DA:11,127
DA:13,127
DA:15,127
DA:16,14
DA:17,14
DA:20,14
DA:22,14
DA:23,14
DA:24,14
DA:25,14
DA:27,0
DA:28,0
DA:33,14
DA:38,127
DA:41,2
LF:20
LH:18
BRDA:23,0,0,14
BRDA:23,0,1,0
BRF:2
BRH:1
end_of_record
